[INFO] [launch]: All log files can be found below /home/ubuntu/.ros/log/2026-03-27-15-04-27-349736-chibrux-4929
[INFO] [launch]: Default logging verbosity is set to INFO
[INFO] [robot_state_publisher-1]: process started with pid [4933]
[INFO] [spawner-2]: process started with pid [4935]
[INFO] [spawner-3]: process started with pid [4937]
[INFO] [ekf_node-4]: process started with pid [4939]
[INFO] [marker_server-5]: process started with pid [4941]
[INFO] [twist_mux-6]: process started with pid [4943]
[INFO] [joy_linux_node-7]: process started with pid [4945]
[INFO] [teleop_node-8]: process started with pid [4947]
[INFO] [parameter_bridge-9]: process started with pid [4949]
[INFO] [parameter_bridge-10]: process started with pid [4951]
[INFO] [parameter_bridge-11]: process started with pid [4955]
[INFO] [imu_filter_madgwick_node-12]: process started with pid [4957]
[INFO] [parameter_bridge-13]: process started with pid [4959]
[INFO] [static_transform_publisher-14]: process started with pid [4961]
[INFO] [create-15]: process started with pid [4964]
[INFO] [tf_prefix_relay-16]: process started with pid [4968]
[INFO] [velodyne_relay-17]: process started with pid [4972]
[robot_state_publisher-1] [INFO] [1774623867.671656663] [aramis.robot_state_publisher]: got segment base_link
[robot_state_publisher-1] [INFO] [1774623867.671852847] [aramis.robot_state_publisher]: got segment chassis_link
[robot_state_publisher-1] [INFO] [1774623867.671860007] [aramis.robot_state_publisher]: got segment default_mount
[robot_state_publisher-1] [INFO] [1774623867.671863382] [aramis.robot_state_publisher]: got segment diff_link
[robot_state_publisher-1] [INFO] [1774623867.671866337] [aramis.robot_state_publisher]: got segment disk_0_link
[robot_state_publisher-1] [INFO] [1774623867.671869258] [aramis.robot_state_publisher]: got segment disk_0_mount
[robot_state_publisher-1] [INFO] [1774623867.671871909] [aramis.robot_state_publisher]: got segment front_left_wheel_link
[robot_state_publisher-1] [INFO] [1774623867.671874783] [aramis.robot_state_publisher]: got segment front_right_wheel_link
[robot_state_publisher-1] [INFO] [1774623867.671877801] [aramis.robot_state_publisher]: got segment imu_0_link
[robot_state_publisher-1] [INFO] [1774623867.671881966] [aramis.robot_state_publisher]: got segment left_diff_unit_headlight_link
[robot_state_publisher-1] [INFO] [1774623867.671886359] [aramis.robot_state_publisher]: got segment left_diff_unit_link
[robot_state_publisher-1] [INFO] [1774623867.671904104] [aramis.robot_state_publisher]: got segment left_diff_unit_taillight_link
[robot_state_publisher-1] [INFO] [1774623867.671907324] [aramis.robot_state_publisher]: got segment lidar3d_0_laser
[robot_state_publisher-1] [INFO] [1774623867.671910497] [aramis.robot_state_publisher]: got segment lidar3d_0_link
[robot_state_publisher-1] [INFO] [1774623867.671913218] [aramis.robot_state_publisher]: got segment post_0_link
[robot_state_publisher-1] [INFO] [1774623867.671916075] [aramis.robot_state_publisher]: got segment post_0_mount
[robot_state_publisher-1] [INFO] [1774623867.671919015] [aramis.robot_state_publisher]: got segment rear_left_wheel_link
[robot_state_publisher-1] [INFO] [1774623867.671922267] [aramis.robot_state_publisher]: got segment rear_right_wheel_link
[robot_state_publisher-1] [INFO] [1774623867.671924861] [aramis.robot_state_publisher]: got segment right_diff_unit_headlight_link
[robot_state_publisher-1] [INFO] [1774623867.671927588] [aramis.robot_state_publisher]: got segment right_diff_unit_link
[robot_state_publisher-1] [INFO] [1774623867.671930300] [aramis.robot_state_publisher]: got segment right_diff_unit_taillight_link
[robot_state_publisher-1] [INFO] [1774623867.671932906] [aramis.robot_state_publisher]: got segment structure_link
[robot_state_publisher-1] [INFO] [1774623867.671935592] [aramis.robot_state_publisher]: got segment top_tower_link
[robot_state_publisher-1] [INFO] [1774623867.671938161] [aramis.robot_state_publisher]: got segment tower_link
[twist_mux-6] [INFO] [1774623867.982003610] [aramis.twist_mux]: Topic handler 'topics.external' subscribed to topic 'cmd_vel': timeout = 0.500000s , priority = 1.
[twist_mux-6] [INFO] [1774623867.985152960] [aramis.twist_mux]: Topic handler 'topics.interactive_marker' subscribed to topic 'twist_marker_server/cmd_vel': timeout = 0.500000s , priority = 8.
[twist_mux-6] [INFO] [1774623867.985708010] [aramis.twist_mux]: Topic handler 'topics.joy' subscribed to topic 'joy_teleop/cmd_vel': timeout = 0.500000s , priority = 10.
[joy_linux_node-7] [ERROR] [1774623867.985954246] [aramis.joy_node]: Couldn't open joystick /dev/input/js0. Will retry every second.
[twist_mux-6] [INFO] [1774623867.986257798] [aramis.twist_mux]: Topic handler 'topics.rc' subscribed to topic 'rc_teleop/cmd_vel': timeout = 0.500000s , priority = 12.
[twist_mux-6] [INFO] [1774623867.988162950] [aramis.twist_mux]: Topic handler 'locks.e_stop' subscribed to topic 'platform/emergency_stop': timeout = None , priority = 255.
[parameter_bridge-9] [INFO] [1774623868.006597344] [aramis.cmd_vel_bridge]: Creating GZ->ROS Bridge: [aramis/cmd_vel (ignition.msgs.Twist) -> aramis/cmd_vel (geometry_msgs/msg/Twist)] (Lazy 0)
[parameter_bridge-9] [INFO] [1774623868.008632474] [aramis.cmd_vel_bridge]: Creating ROS->GZ Bridge: [/model/aramis/robot/cmd_vel (geometry_msgs/msg/Twist) -> /model/aramis/robot/cmd_vel (ignition.msgs.Twist)] (Lazy 0)
[create-15] [INFO] [1774623868.009660253] [aramis.ros_gz_sim]: Requesting list of world names.
[teleop_node-8] [INFO] [1774623868.017583588] [TeleopTwistJoy]: Teleop enable button 5.
[teleop_node-8] [INFO] [1774623868.017642410] [TeleopTwistJoy]: Linear axis x on 5 at scale 0.500000.
[teleop_node-8] [INFO] [1774623868.017653220] [TeleopTwistJoy]: Angular axis yaw on 2 at scale 0.500000.
[marker_server-5] [INFO] [1774623868.027599974] [aramis.twist_server_node]: [interactive_marker_twist_server] Initialized.
[static_transform_publisher-14] [INFO] [1774623868.035513555] [aramis.lidar3d_0_static_tf]: Spinning until stopped - publishing transform
[static_transform_publisher-14] translation: ('0.000000', '0.000000', '0.000000')
[static_transform_publisher-14] rotation: ('0.000000', '0.000000', '0.000000', '1.000000')
[static_transform_publisher-14] from 'lidar3d_0_link' to 'aramis/robot/base_link/lidar3d_0'
[imu_filter_madgwick_node-12] [INFO] [1774623868.061783479] [aramis.imu_filter_node]: Starting ImuFilter
[imu_filter_madgwick_node-12] [INFO] [1774623868.062682240] [aramis.imu_filter_node]: Using dt computed from message headers
[imu_filter_madgwick_node-12] [INFO] [1774623868.062718149] [aramis.imu_filter_node]: The gravity vector is kept in the IMU message.
[imu_filter_madgwick_node-12] [INFO] [1774623868.062878907] [aramis.imu_filter_node]: Imu filter gain set to 0.100000
[imu_filter_madgwick_node-12] [INFO] [1774623868.062929094] [aramis.imu_filter_node]: Gyro drift bias set to 0.000000
[imu_filter_madgwick_node-12] [INFO] [1774623868.062938277] [aramis.imu_filter_node]: Magnetometer bias values: 0.000000 0.000000 0.000000
[spawner-3] [INFO] [1774623868.068312256] [aramis.spawner_platform_velocity_controller]: waiting for service /aramis/controller_manager/list_controllers to become available...
[tf_prefix_relay-16] [INFO] [1774623868.094582131] [tf_prefix_relay]: TF prefix relay started with robot_prefix='aramis', subscribing to '/aramis/tf' and '/aramis/tf_static', publishing to '/tf' and '/tf_static'
[spawner-2] [INFO] [1774623868.111370473] [aramis.spawner_joint_state_broadcaster]: waiting for service /aramis/controller_manager/list_controllers to become available...
[parameter_bridge-10] [INFO] [1774623868.116691719] [aramis.odom_base_tf_bridge]: Creating GZ->ROS Bridge: [/model/aramis/robot/tf (ignition.msgs.Pose_V) -> /model/aramis/robot/tf (tf2_msgs/msg/TFMessage)] (Lazy 0)
[velodyne_relay-17] [INFO] [1774623868.123194929] [velodyne_relay]: Velodyne relay started for robot='aramis' (/aramis/sensors/lidar3d_0/points -> /aramis/velodyne_points, frame=aramis/velodyne)
[create-15] [INFO] [1774623868.212009730] [aramis.ros_gz_sim]: Waiting messages on topic [robot_description].
[create-15] [INFO] [1774623868.223985917] [aramis.ros_gz_sim]: Requested creation of entity.
[create-15] [INFO] [1774623868.224046377] [aramis.ros_gz_sim]: OK creation of entity.
[INFO] [create-15]: process has finished cleanly [pid 4964]
[parameter_bridge-13] [INFO] [1774623869.002771218] [aramis.sensors.lidar3d_0_gz_bridge]: Creating GZ->ROS Bridge: [/aramis/sensors/lidar3d_0/scan (gz.msgs.LaserScan) -> lidar3d_0/scan (sensor_msgs/msg/LaserScan)] (Lazy 0)
[parameter_bridge-13] [INFO] [1774623869.005239492] [aramis.sensors.lidar3d_0_gz_bridge]: Creating GZ->ROS Bridge: [/aramis/sensors/lidar3d_0/scan/points (gz.msgs.PointCloudPacked) -> lidar3d_0/points (sensor_msgs/msg/PointCloud2)] (Lazy 0)
[parameter_bridge-11] [INFO] [1774623869.018102381] [aramis.imu_0_gz_bridge]: Creating GZ->ROS Bridge: [/aramis/sensors/imu_0/data (gz.msgs.IMU) -> sensors/imu_0/data (sensor_msgs/msg/Imu)] (Lazy 0)
[parameter_bridge-11] [INFO] [1774623869.021601037] [aramis.imu_0_gz_bridge]: Creating GZ->ROS Bridge: [/aramis/sensors/imu_0/data_raw (gz.msgs.IMU) -> sensors/imu_0/data_raw (sensor_msgs/msg/Imu)] (Lazy 0)
[velodyne_relay-17] [INFO] [1774623869.100744882] [velodyne_relay]: Published static TF: aramis/base_link -> aramis/velodyne (copied from aramis/base_link -> aramis/lidar3d_0_laser)
[imu_filter_madgwick_node-12] [WARN] [1774623869.456411590] [aramis.imu_filter_node]: The IMU seems to be in free fall, cannot determine gravity direction!
[imu_filter_madgwick_node-12] [WARN] [1774623869.658897209] [aramis.imu_filter_node]: The IMU seems to be in free fall, cannot determine gravity direction!
[imu_filter_madgwick_node-12] [WARN] [1774623870.705659140] [aramis.imu_filter_node]: The IMU seems to be in free fall, cannot determine gravity direction!
[imu_filter_madgwick_node-12] [WARN] [1774623870.715820225] [aramis.imu_filter_node]: The IMU seems to be in free fall, cannot determine gravity direction!
[imu_filter_madgwick_node-12] [WARN] [1774623870.723857186] [aramis.imu_filter_node]: The IMU seems to be in free fall, cannot determine gravity direction!
[imu_filter_madgwick_node-12] [WARN] [1774623870.731905887] [aramis.imu_filter_node]: The IMU seems to be in free fall, cannot determine gravity direction!
[imu_filter_madgwick_node-12] [WARN] [1774623870.739855180] [aramis.imu_filter_node]: The IMU seems to be in free fall, cannot determine gravity direction!
[imu_filter_madgwick_node-12] [WARN] [1774623870.748201435] [aramis.imu_filter_node]: The IMU seems to be in free fall, cannot determine gravity direction!
[spawner-3] [INFO] [1774623870.749119672] [aramis.spawner_platform_velocity_controller]: [94mLoaded [1mplatform_velocity_controller[0m
[imu_filter_madgwick_node-12] [WARN] [1774623870.759532496] [aramis.imu_filter_node]: The IMU seems to be in free fall, cannot determine gravity direction!
[imu_filter_madgwick_node-12] [WARN] [1774623870.772853839] [aramis.imu_filter_node]: The IMU seems to be in free fall, cannot determine gravity direction!
[imu_filter_madgwick_node-12] [WARN] [1774623870.779859799] [aramis.imu_filter_node]: The IMU seems to be in free fall, cannot determine gravity direction!
[imu_filter_madgwick_node-12] [WARN] [1774623870.788353439] [aramis.imu_filter_node]: The IMU seems to be in free fall, cannot determine gravity direction!
[imu_filter_madgwick_node-12] [WARN] [1774623870.796243018] [aramis.imu_filter_node]: The IMU seems to be in free fall, cannot determine gravity direction!
[imu_filter_madgwick_node-12] [WARN] [1774623870.802877632] [aramis.imu_filter_node]: The IMU seems to be in free fall, cannot determine gravity direction!
[imu_filter_madgwick_node-12] [WARN] [1774623870.810583441] [aramis.imu_filter_node]: The IMU seems to be in free fall, cannot determine gravity direction!
[imu_filter_madgwick_node-12] [WARN] [1774623870.817301307] [aramis.imu_filter_node]: The IMU seems to be in free fall, cannot determine gravity direction!
[imu_filter_madgwick_node-12] [INFO] [1774623870.824036811] [aramis.imu_filter_node]: First IMU message received.
[spawner-2] [INFO] [1774623870.869735720] [aramis.spawner_joint_state_broadcaster]: [94mLoaded [1mjoint_state_broadcaster[0m
[spawner-3] [INFO] [1774623870.984403410] [aramis.spawner_platform_velocity_controller]: [92mConfigured and activated [1mplatform_velocity_controller[0m
[INFO] [spawner-3]: process has finished cleanly [pid 4937]
[spawner-2] [INFO] [1774623871.173328833] [aramis.spawner_joint_state_broadcaster]: [92mConfigured and activated [1mjoint_state_broadcaster[0m
[INFO] [spawner-2]: process has finished cleanly [pid 4935]
