[INFO] [launch]: All log files can be found below /home/ubuntu/.ros/log/2026-03-27-15-05-54-671590-chibrux-6074
[INFO] [launch]: Default logging verbosity is set to INFO
[INFO] [robot_state_publisher-1]: process started with pid [6082]
[INFO] [spawner-2]: process started with pid [6084]
[INFO] [spawner-3]: process started with pid [6086]
[INFO] [ekf_node-4]: process started with pid [6088]
[INFO] [marker_server-5]: process started with pid [6090]
[INFO] [twist_mux-6]: process started with pid [6092]
[INFO] [joy_linux_node-7]: process started with pid [6094]
[INFO] [teleop_node-8]: process started with pid [6096]
[INFO] [parameter_bridge-9]: process started with pid [6098]
[INFO] [parameter_bridge-10]: process started with pid [6100]
[INFO] [parameter_bridge-11]: process started with pid [6102]
[INFO] [imu_filter_madgwick_node-12]: process started with pid [6104]
[INFO] [parameter_bridge-13]: process started with pid [6106]
[INFO] [static_transform_publisher-14]: process started with pid [6108]
[INFO] [create-15]: process started with pid [6112]
[INFO] [tf_prefix_relay-16]: process started with pid [6114]
[INFO] [velodyne_relay-17]: process started with pid [6116]
[twist_mux-6] [INFO] [1774623954.926507416] [aramis.twist_mux]: Topic handler 'topics.external' subscribed to topic 'cmd_vel': timeout = 0.500000s , priority = 1.
[twist_mux-6] [INFO] [1774623954.929039526] [aramis.twist_mux]: Topic handler 'topics.interactive_marker' subscribed to topic 'twist_marker_server/cmd_vel': timeout = 0.500000s , priority = 8.
[joy_linux_node-7] [ERROR] [1774623954.950817714] [aramis.joy_node]: Couldn't open joystick /dev/input/js0. Will retry every second.
[static_transform_publisher-14] [INFO] [1774623954.959361986] [aramis.lidar3d_0_static_tf]: Spinning until stopped - publishing transform
[static_transform_publisher-14] translation: ('0.000000', '0.000000', '0.000000')
[static_transform_publisher-14] rotation: ('0.000000', '0.000000', '0.000000', '1.000000')
[static_transform_publisher-14] from 'lidar3d_0_link' to 'aramis/robot/base_link/lidar3d_0'
[twist_mux-6] [INFO] [1774623955.263639107] [aramis.twist_mux]: Topic handler 'topics.joy' subscribed to topic 'joy_teleop/cmd_vel': timeout = 0.500000s , priority = 10.
[twist_mux-6] [INFO] [1774623955.264742233] [aramis.twist_mux]: Topic handler 'topics.rc' subscribed to topic 'rc_teleop/cmd_vel': timeout = 0.500000s , priority = 12.
[twist_mux-6] [INFO] [1774623955.265156628] [aramis.twist_mux]: Topic handler 'locks.e_stop' subscribed to topic 'platform/emergency_stop': timeout = None , priority = 255.
[marker_server-5] [INFO] [1774623955.270257455] [aramis.twist_server_node]: [interactive_marker_twist_server] Initialized.
[create-15] [INFO] [1774623955.317715681] [aramis.ros_gz_sim]: Requesting list of world names.
[teleop_node-8] [INFO] [1774623955.337481494] [TeleopTwistJoy]: Teleop enable button 5.
[teleop_node-8] [INFO] [1774623955.337555781] [TeleopTwistJoy]: Linear axis x on 5 at scale 0.500000.
[teleop_node-8] [INFO] [1774623955.337568873] [TeleopTwistJoy]: Angular axis yaw on 2 at scale 0.500000.
[parameter_bridge-10] [INFO] [1774623955.367859604] [aramis.odom_base_tf_bridge]: Creating GZ->ROS Bridge: [/model/aramis/robot/tf (ignition.msgs.Pose_V) -> /model/aramis/robot/tf (tf2_msgs/msg/TFMessage)] (Lazy 0)
[parameter_bridge-9] [INFO] [1774623955.372006699] [aramis.cmd_vel_bridge]: Creating GZ->ROS Bridge: [aramis/cmd_vel (ignition.msgs.Twist) -> aramis/cmd_vel (geometry_msgs/msg/Twist)] (Lazy 0)
[imu_filter_madgwick_node-12] [INFO] [1774623955.373268769] [aramis.imu_filter_node]: Starting ImuFilter
[imu_filter_madgwick_node-12] [INFO] [1774623955.373599439] [aramis.imu_filter_node]: Using dt computed from message headers
[imu_filter_madgwick_node-12] [INFO] [1774623955.373610293] [aramis.imu_filter_node]: The gravity vector is kept in the IMU message.
[imu_filter_madgwick_node-12] [INFO] [1774623955.373694016] [aramis.imu_filter_node]: Imu filter gain set to 0.100000
[imu_filter_madgwick_node-12] [INFO] [1774623955.373706782] [aramis.imu_filter_node]: Gyro drift bias set to 0.000000
[imu_filter_madgwick_node-12] [INFO] [1774623955.373712029] [aramis.imu_filter_node]: Magnetometer bias values: 0.000000 0.000000 0.000000
[parameter_bridge-9] [INFO] [1774623955.377912242] [aramis.cmd_vel_bridge]: Creating ROS->GZ Bridge: [/model/aramis/robot/cmd_vel (geometry_msgs/msg/Twist) -> /model/aramis/robot/cmd_vel (ignition.msgs.Twist)] (Lazy 0)
[robot_state_publisher-1] [INFO] [1774623955.419534395] [aramis.robot_state_publisher]: got segment base_link
[robot_state_publisher-1] [INFO] [1774623955.419931588] [aramis.robot_state_publisher]: got segment chassis_link
[robot_state_publisher-1] [INFO] [1774623955.419943106] [aramis.robot_state_publisher]: got segment default_mount
[robot_state_publisher-1] [INFO] [1774623955.419949111] [aramis.robot_state_publisher]: got segment diff_link
[robot_state_publisher-1] [INFO] [1774623955.419954054] [aramis.robot_state_publisher]: got segment disk_0_link
[robot_state_publisher-1] [INFO] [1774623955.419958621] [aramis.robot_state_publisher]: got segment disk_0_mount
[robot_state_publisher-1] [INFO] [1774623955.419963810] [aramis.robot_state_publisher]: got segment front_left_wheel_link
[robot_state_publisher-1] [INFO] [1774623955.419968727] [aramis.robot_state_publisher]: got segment front_right_wheel_link
[robot_state_publisher-1] [INFO] [1774623955.419973637] [aramis.robot_state_publisher]: got segment imu_0_link
[robot_state_publisher-1] [INFO] [1774623955.419978675] [aramis.robot_state_publisher]: got segment left_diff_unit_headlight_link
[robot_state_publisher-1] [INFO] [1774623955.419983871] [aramis.robot_state_publisher]: got segment left_diff_unit_link
[robot_state_publisher-1] [INFO] [1774623955.419988859] [aramis.robot_state_publisher]: got segment left_diff_unit_taillight_link
[robot_state_publisher-1] [INFO] [1774623955.419993502] [aramis.robot_state_publisher]: got segment lidar3d_0_laser
[robot_state_publisher-1] [INFO] [1774623955.419998253] [aramis.robot_state_publisher]: got segment lidar3d_0_link
[robot_state_publisher-1] [INFO] [1774623955.420003271] [aramis.robot_state_publisher]: got segment post_0_link
[robot_state_publisher-1] [INFO] [1774623955.420007962] [aramis.robot_state_publisher]: got segment post_0_mount
[robot_state_publisher-1] [INFO] [1774623955.420012510] [aramis.robot_state_publisher]: got segment rear_left_wheel_link
[robot_state_publisher-1] [INFO] [1774623955.420017326] [aramis.robot_state_publisher]: got segment rear_right_wheel_link
[robot_state_publisher-1] [INFO] [1774623955.420022498] [aramis.robot_state_publisher]: got segment right_diff_unit_headlight_link
[robot_state_publisher-1] [INFO] [1774623955.420027002] [aramis.robot_state_publisher]: got segment right_diff_unit_link
[robot_state_publisher-1] [INFO] [1774623955.420031436] [aramis.robot_state_publisher]: got segment right_diff_unit_taillight_link
[robot_state_publisher-1] [INFO] [1774623955.420035930] [aramis.robot_state_publisher]: got segment structure_link
[robot_state_publisher-1] [INFO] [1774623955.420040429] [aramis.robot_state_publisher]: got segment top_tower_link
[robot_state_publisher-1] [INFO] [1774623955.420044605] [aramis.robot_state_publisher]: got segment tower_link
[spawner-3] [INFO] [1774623955.420879574] [aramis.spawner_platform_velocity_controller]: waiting for service /aramis/controller_manager/list_controllers to become available...
[spawner-2] [INFO] [1774623955.433584841] [aramis.spawner_joint_state_broadcaster]: waiting for service /aramis/controller_manager/list_controllers to become available...
[tf_prefix_relay-16] [INFO] [1774623955.453456960] [tf_prefix_relay]: TF prefix relay started with robot_prefix='aramis', subscribing to '/aramis/tf' and '/aramis/tf_static', publishing to '/tf' and '/tf_static'
[create-15] [INFO] [1774623955.529026620] [aramis.ros_gz_sim]: Waiting messages on topic [robot_description].
[create-15] [INFO] [1774623955.545253907] [aramis.ros_gz_sim]: Requested creation of entity.
[create-15] [INFO] [1774623955.545359630] [aramis.ros_gz_sim]: OK creation of entity.
[ekf_node-4] [WARN] [1774623955.549433075] [tf2_buffer]: Detected jump back in time. Clearing TF buffer.
[velodyne_relay-17] [INFO] [1774623955.580619428] [velodyne_relay]: Velodyne relay started for robot='aramis' (/aramis/sensors/lidar3d_0/points -> /aramis/velodyne_points, frame=aramis/velodyne)
[INFO] [create-15]: process has finished cleanly [pid 6112]
[imu_filter_madgwick_node-12] [WARN] [1774623955.975594613] [aramis.imu_filter_node]: The IMU seems to be in free fall, cannot determine gravity direction!
[imu_filter_madgwick_node-12] [WARN] [1774623956.153779352] [aramis.imu_filter_node]: The IMU seems to be in free fall, cannot determine gravity direction!
[parameter_bridge-11] [INFO] [1774623956.307010375] [aramis.imu_0_gz_bridge]: Creating GZ->ROS Bridge: [/aramis/sensors/imu_0/data (gz.msgs.IMU) -> sensors/imu_0/data (sensor_msgs/msg/Imu)] (Lazy 0)
[parameter_bridge-11] [INFO] [1774623956.310858173] [aramis.imu_0_gz_bridge]: Creating GZ->ROS Bridge: [/aramis/sensors/imu_0/data_raw (gz.msgs.IMU) -> sensors/imu_0/data_raw (sensor_msgs/msg/Imu)] (Lazy 0)
[parameter_bridge-13] [INFO] [1774623956.365576449] [aramis.sensors.lidar3d_0_gz_bridge]: Creating GZ->ROS Bridge: [/aramis/sensors/lidar3d_0/scan (gz.msgs.LaserScan) -> lidar3d_0/scan (sensor_msgs/msg/LaserScan)] (Lazy 0)
[parameter_bridge-13] [INFO] [1774623956.371176619] [aramis.sensors.lidar3d_0_gz_bridge]: Creating GZ->ROS Bridge: [/aramis/sensors/lidar3d_0/scan/points (gz.msgs.PointCloudPacked) -> lidar3d_0/points (sensor_msgs/msg/PointCloud2)] (Lazy 0)
[velodyne_relay-17] [INFO] [1774623956.562945587] [velodyne_relay]: Published static TF: aramis/base_link -> aramis/velodyne (copied from aramis/base_link -> aramis/lidar3d_0_laser)
[imu_filter_madgwick_node-12] [WARN] [1774623957.189935413] [aramis.imu_filter_node]: The IMU seems to be in free fall, cannot determine gravity direction!
[imu_filter_madgwick_node-12] [WARN] [1774623957.199027322] [aramis.imu_filter_node]: The IMU seems to be in free fall, cannot determine gravity direction!
[imu_filter_madgwick_node-12] [WARN] [1774623957.207978645] [aramis.imu_filter_node]: The IMU seems to be in free fall, cannot determine gravity direction!
[imu_filter_madgwick_node-12] [WARN] [1774623957.217799100] [aramis.imu_filter_node]: The IMU seems to be in free fall, cannot determine gravity direction!
[imu_filter_madgwick_node-12] [WARN] [1774623957.226566535] [aramis.imu_filter_node]: The IMU seems to be in free fall, cannot determine gravity direction!
[imu_filter_madgwick_node-12] [WARN] [1774623957.235798165] [aramis.imu_filter_node]: The IMU seems to be in free fall, cannot determine gravity direction!
[spawner-3] [INFO] [1774623957.237337925] [aramis.spawner_platform_velocity_controller]: [94mLoaded [1mplatform_velocity_controller[0m
[imu_filter_madgwick_node-12] [WARN] [1774623957.249711972] [aramis.imu_filter_node]: The IMU seems to be in free fall, cannot determine gravity direction!
[imu_filter_madgwick_node-12] [WARN] [1774623957.263854033] [aramis.imu_filter_node]: The IMU seems to be in free fall, cannot determine gravity direction!
[imu_filter_madgwick_node-12] [WARN] [1774623957.272126852] [aramis.imu_filter_node]: The IMU seems to be in free fall, cannot determine gravity direction!
[imu_filter_madgwick_node-12] [WARN] [1774623957.282407778] [aramis.imu_filter_node]: The IMU seems to be in free fall, cannot determine gravity direction!
[imu_filter_madgwick_node-12] [WARN] [1774623957.291456441] [aramis.imu_filter_node]: The IMU seems to be in free fall, cannot determine gravity direction!
[imu_filter_madgwick_node-12] [WARN] [1774623957.300341886] [aramis.imu_filter_node]: The IMU seems to be in free fall, cannot determine gravity direction!
[imu_filter_madgwick_node-12] [WARN] [1774623957.308527154] [aramis.imu_filter_node]: The IMU seems to be in free fall, cannot determine gravity direction!
[imu_filter_madgwick_node-12] [WARN] [1774623957.319556672] [aramis.imu_filter_node]: The IMU seems to be in free fall, cannot determine gravity direction!
[imu_filter_madgwick_node-12] [INFO] [1774623957.333429561] [aramis.imu_filter_node]: First IMU message received.
[spawner-3] [INFO] [1774623957.456065107] [aramis.spawner_platform_velocity_controller]: [92mConfigured and activated [1mplatform_velocity_controller[0m
[INFO] [spawner-3]: process has finished cleanly [pid 6086]
[spawner-2] [WARN] [1774623966.186350097] [aramis.spawner_joint_state_broadcaster]: Failed getting a result from calling /aramis/controller_manager/list_controllers in 10.0. (Attempt 1 of 3.)
[spawner-2] [INFO] [1774623966.213971560] [aramis.spawner_joint_state_broadcaster]: [94mLoaded [1mjoint_state_broadcaster[0m
[spawner-2] [INFO] [1774623966.276835809] [aramis.spawner_joint_state_broadcaster]: [92mConfigured and activated [1mjoint_state_broadcaster[0m
[INFO] [spawner-2]: process has finished cleanly [pid 6084]
