[INFO] [launch]: All log files can be found below /home/ubuntu/.ros/log/2026-03-27-16-42-47-415686-blender-Virtual-Machine-15011
[INFO] [launch]: Default logging verbosity is set to INFO
[INFO] [robot_state_publisher-1]: process started with pid [15199]
[INFO] [spawner-2]: process started with pid [15201]
[INFO] [spawner-3]: process started with pid [15203]
[INFO] [ekf_node-4]: process started with pid [15205]
[INFO] [marker_server-5]: process started with pid [15207]
[INFO] [twist_mux-6]: process started with pid [15209]
[INFO] [joy_linux_node-7]: process started with pid [15211]
[INFO] [teleop_node-8]: process started with pid [15213]
[INFO] [parameter_bridge-9]: process started with pid [15215]
[INFO] [parameter_bridge-10]: process started with pid [15219]
[INFO] [parameter_bridge-11]: process started with pid [15221]
[INFO] [imu_filter_madgwick_node-12]: process started with pid [15223]
[INFO] [parameter_bridge-13]: process started with pid [15225]
[INFO] [static_transform_publisher-14]: process started with pid [15231]
[INFO] [create-15]: process started with pid [15241]
[INFO] [tf_prefix_relay-16]: process started with pid [15246]
[INFO] [velodyne_relay-17]: process started with pid [15252]
[ekf_node-4] [37;1m2026-03-27 16:42:47.963 [31;1m[[37;1mRTPS_TRANSPORT_SHM[31;1m Error] [37mFailed init_port fastrtps_port26675: open_and_lock_file failed[34;1m -> Function [36mopen_port_internal[m
[ekf_node-4] [37;1m2026-03-27 16:42:47.968 [31;1m[[37;1mRTPS_TRANSPORT_SHM[31;1m Error] [37mFailed init_port fastrtps_port26677: open_and_lock_file failed[34;1m -> Function [36mopen_port_internal[m
[imu_filter_madgwick_node-12] [37;1m2026-03-27 16:42:47.973 [31;1m[[37;1mRTPS_TRANSPORT_SHM[31;1m Error] [37mFailed init_port fastrtps_port26675: open_and_lock_file failed[34;1m -> Function [36mopen_port_internal[m
[imu_filter_madgwick_node-12] [37;1m2026-03-27 16:42:47.979 [31;1m[[37;1mRTPS_TRANSPORT_SHM[31;1m Error] [37mFailed init_port fastrtps_port26677: open_and_lock_file failed[34;1m -> Function [36mopen_port_internal[m
[marker_server-5] [37;1m2026-03-27 16:42:47.989 [31;1m[[37;1mRTPS_TRANSPORT_SHM[31;1m Error] [37mFailed init_port fastrtps_port26675: open_and_lock_file failed[34;1m -> Function [36mopen_port_internal[m
[marker_server-5] [37;1m2026-03-27 16:42:47.991 [31;1m[[37;1mRTPS_TRANSPORT_SHM[31;1m Error] [37mFailed init_port fastrtps_port26677: open_and_lock_file failed[34;1m -> Function [36mopen_port_internal[m
[twist_mux-6] [37;1m2026-03-27 16:42:48.000 [31;1m[[37;1mRTPS_TRANSPORT_SHM[31;1m Error] [37mFailed init_port fastrtps_port26675: open_and_lock_file failed[34;1m -> Function [36mopen_port_internal[m
[twist_mux-6] [37;1m2026-03-27 16:42:48.004 [31;1m[[37;1mRTPS_TRANSPORT_SHM[31;1m Error] [37mFailed init_port fastrtps_port26677: open_and_lock_file failed[34;1m -> Function [36mopen_port_internal[m
[teleop_node-8] [37;1m2026-03-27 16:42:48.013 [31;1m[[37;1mRTPS_TRANSPORT_SHM[31;1m Error] [37mFailed init_port fastrtps_port26675: open_and_lock_file failed[34;1m -> Function [36mopen_port_internal[m
[static_transform_publisher-14] [37;1m2026-03-27 16:42:48.015 [31;1m[[37;1mRTPS_TRANSPORT_SHM[31;1m Error] [37mFailed init_port fastrtps_port26675: open_and_lock_file failed[34;1m -> Function [36mopen_port_internal[m
[teleop_node-8] [37;1m2026-03-27 16:42:48.018 [31;1m[[37;1mRTPS_TRANSPORT_SHM[31;1m Error] [37mFailed init_port fastrtps_port26677: open_and_lock_file failed[34;1m -> Function [36mopen_port_internal[m
[joy_linux_node-7] [37;1m2026-03-27 16:42:48.018 [31;1m[[37;1mRTPS_TRANSPORT_SHM[31;1m Error] [37mFailed init_port fastrtps_port26675: open_and_lock_file failed[34;1m -> Function [36mopen_port_internal[m
[static_transform_publisher-14] [37;1m2026-03-27 16:42:48.022 [31;1m[[37;1mRTPS_TRANSPORT_SHM[31;1m Error] [37mFailed init_port fastrtps_port26677: open_and_lock_file failed[34;1m -> Function [36mopen_port_internal[m
[joy_linux_node-7] [37;1m2026-03-27 16:42:48.025 [31;1m[[37;1mRTPS_TRANSPORT_SHM[31;1m Error] [37mFailed init_port fastrtps_port26677: open_and_lock_file failed[34;1m -> Function [36mopen_port_internal[m
[marker_server-5] [37;1m2026-03-27 16:42:48.050 [31;1m[[37;1mRTPS_TRANSPORT_SHM[31;1m Error] [37mFailed init_port fastrtps_port26743: open_and_lock_file failed[34;1m -> Function [36mopen_port_internal[m
[ekf_node-4] [37;1m2026-03-27 16:42:48.056 [31;1m[[37;1mRTPS_TRANSPORT_SHM[31;1m Error] [37mFailed init_port fastrtps_port26743: open_and_lock_file failed[34;1m -> Function [36mopen_port_internal[m
[twist_mux-6] [37;1m2026-03-27 16:42:48.065 [31;1m[[37;1mRTPS_TRANSPORT_SHM[31;1m Error] [37mFailed init_port fastrtps_port26743: open_and_lock_file failed[34;1m -> Function [36mopen_port_internal[m
[imu_filter_madgwick_node-12] [37;1m2026-03-27 16:42:48.067 [31;1m[[37;1mRTPS_TRANSPORT_SHM[31;1m Error] [37mFailed init_port fastrtps_port26743: open_and_lock_file failed[34;1m -> Function [36mopen_port_internal[m
[create-15] [37;1m2026-03-27 16:42:48.078 [31;1m[[37;1mRTPS_TRANSPORT_SHM[31;1m Error] [37mFailed init_port fastrtps_port26675: open_and_lock_file failed[34;1m -> Function [36mopen_port_internal[m
[create-15] [37;1m2026-03-27 16:42:48.079 [31;1m[[37;1mRTPS_TRANSPORT_SHM[31;1m Error] [37mFailed init_port fastrtps_port26677: open_and_lock_file failed[34;1m -> Function [36mopen_port_internal[m
[parameter_bridge-10] [37;1m2026-03-27 16:42:48.087 [31;1m[[37;1mRTPS_TRANSPORT_SHM[31;1m Error] [37mFailed init_port fastrtps_port26675: open_and_lock_file failed[34;1m -> Function [36mopen_port_internal[m
[parameter_bridge-10] [37;1m2026-03-27 16:42:48.089 [31;1m[[37;1mRTPS_TRANSPORT_SHM[31;1m Error] [37mFailed init_port fastrtps_port26677: open_and_lock_file failed[34;1m -> Function [36mopen_port_internal[m
[parameter_bridge-13] [37;1m2026-03-27 16:42:48.100 [31;1m[[37;1mRTPS_TRANSPORT_SHM[31;1m Error] [37mFailed init_port fastrtps_port26675: open_and_lock_file failed[34;1m -> Function [36mopen_port_internal[m
[parameter_bridge-13] [37;1m2026-03-27 16:42:48.100 [31;1m[[37;1mRTPS_TRANSPORT_SHM[31;1m Error] [37mFailed init_port fastrtps_port26677: open_and_lock_file failed[34;1m -> Function [36mopen_port_internal[m
[parameter_bridge-9] [37;1m2026-03-27 16:42:48.105 [31;1m[[37;1mRTPS_TRANSPORT_SHM[31;1m Error] [37mFailed init_port fastrtps_port26675: open_and_lock_file failed[34;1m -> Function [36mopen_port_internal[m
[parameter_bridge-9] [37;1m2026-03-27 16:42:48.106 [31;1m[[37;1mRTPS_TRANSPORT_SHM[31;1m Error] [37mFailed init_port fastrtps_port26677: open_and_lock_file failed[34;1m -> Function [36mopen_port_internal[m
[parameter_bridge-11] [37;1m2026-03-27 16:42:48.110 [31;1m[[37;1mRTPS_TRANSPORT_SHM[31;1m Error] [37mFailed init_port fastrtps_port26675: open_and_lock_file failed[34;1m -> Function [36mopen_port_internal[m
[parameter_bridge-11] [37;1m2026-03-27 16:42:48.110 [31;1m[[37;1mRTPS_TRANSPORT_SHM[31;1m Error] [37mFailed init_port fastrtps_port26677: open_and_lock_file failed[34;1m -> Function [36mopen_port_internal[m
[imu_filter_madgwick_node-12] [INFO] [1774629768.123893537] [aramis.imu_filter_node]: Starting ImuFilter
[imu_filter_madgwick_node-12] [INFO] [1774629768.124226309] [aramis.imu_filter_node]: Using dt computed from message headers
[imu_filter_madgwick_node-12] [INFO] [1774629768.124243737] [aramis.imu_filter_node]: The gravity vector is kept in the IMU message.
[imu_filter_madgwick_node-12] [INFO] [1774629768.124299725] [aramis.imu_filter_node]: Imu filter gain set to 0.100000
[imu_filter_madgwick_node-12] [INFO] [1774629768.124311520] [aramis.imu_filter_node]: Gyro drift bias set to 0.000000
[imu_filter_madgwick_node-12] [INFO] [1774629768.124316710] [aramis.imu_filter_node]: Magnetometer bias values: 0.000000 0.000000 0.000000
[twist_mux-6] [INFO] [1774629768.131103189] [aramis.twist_mux]: Topic handler 'topics.external' subscribed to topic 'cmd_vel': timeout = 0.500000s , priority = 1.
[marker_server-5] [INFO] [1774629768.133835586] [aramis.twist_server_node]: [interactive_marker_twist_server] Initialized.
[twist_mux-6] [INFO] [1774629768.134616085] [aramis.twist_mux]: Topic handler 'topics.interactive_marker' subscribed to topic 'twist_marker_server/cmd_vel': timeout = 0.500000s , priority = 8.
[twist_mux-6] [INFO] [1774629768.136405988] [aramis.twist_mux]: Topic handler 'topics.joy' subscribed to topic 'joy_teleop/cmd_vel': timeout = 0.500000s , priority = 10.
[twist_mux-6] [INFO] [1774629768.137272771] [aramis.twist_mux]: Topic handler 'topics.rc' subscribed to topic 'rc_teleop/cmd_vel': timeout = 0.500000s , priority = 12.
[twist_mux-6] [INFO] [1774629768.138269633] [aramis.twist_mux]: Topic handler 'locks.e_stop' subscribed to topic 'platform/emergency_stop': timeout = None , priority = 255.
[robot_state_publisher-1] [INFO] [1774629768.200174758] [aramis.robot_state_publisher]: got segment base_link
[robot_state_publisher-1] [INFO] [1774629768.201660432] [aramis.robot_state_publisher]: got segment chassis_link
[robot_state_publisher-1] [INFO] [1774629768.201689789] [aramis.robot_state_publisher]: got segment default_mount
[robot_state_publisher-1] [INFO] [1774629768.201698094] [aramis.robot_state_publisher]: got segment diff_link
[robot_state_publisher-1] [INFO] [1774629768.201706698] [aramis.robot_state_publisher]: got segment disk_0_link
[robot_state_publisher-1] [INFO] [1774629768.201714189] [aramis.robot_state_publisher]: got segment disk_0_mount
[robot_state_publisher-1] [INFO] [1774629768.201721248] [aramis.robot_state_publisher]: got segment front_left_wheel_link
[robot_state_publisher-1] [INFO] [1774629768.201728774] [aramis.robot_state_publisher]: got segment front_right_wheel_link
[robot_state_publisher-1] [INFO] [1774629768.201736210] [aramis.robot_state_publisher]: got segment imu_0_link
[robot_state_publisher-1] [INFO] [1774629768.201744265] [aramis.robot_state_publisher]: got segment left_diff_unit_headlight_link
[robot_state_publisher-1] [INFO] [1774629768.201752210] [aramis.robot_state_publisher]: got segment left_diff_unit_link
[robot_state_publisher-1] [INFO] [1774629768.201760539] [aramis.robot_state_publisher]: got segment left_diff_unit_taillight_link
[robot_state_publisher-1] [INFO] [1774629768.201767864] [aramis.robot_state_publisher]: got segment lidar3d_0_laser
[robot_state_publisher-1] [INFO] [1774629768.201775450] [aramis.robot_state_publisher]: got segment lidar3d_0_link
[robot_state_publisher-1] [INFO] [1774629768.201782928] [aramis.robot_state_publisher]: got segment post_0_link
[robot_state_publisher-1] [INFO] [1774629768.201790493] [aramis.robot_state_publisher]: got segment post_0_mount
[robot_state_publisher-1] [INFO] [1774629768.201798004] [aramis.robot_state_publisher]: got segment rear_left_wheel_link
[robot_state_publisher-1] [INFO] [1774629768.201805514] [aramis.robot_state_publisher]: got segment rear_right_wheel_link
[robot_state_publisher-1] [INFO] [1774629768.201812830] [aramis.robot_state_publisher]: got segment right_diff_unit_headlight_link
[robot_state_publisher-1] [INFO] [1774629768.201819975] [aramis.robot_state_publisher]: got segment right_diff_unit_link
[robot_state_publisher-1] [INFO] [1774629768.201827510] [aramis.robot_state_publisher]: got segment right_diff_unit_taillight_link
[robot_state_publisher-1] [INFO] [1774629768.201834285] [aramis.robot_state_publisher]: got segment structure_link
[robot_state_publisher-1] [INFO] [1774629768.201841604] [aramis.robot_state_publisher]: got segment top_tower_link
[robot_state_publisher-1] [INFO] [1774629768.201848586] [aramis.robot_state_publisher]: got segment tower_link
[spawner-2] [37;1m2026-03-27 16:42:48.259 [31;1m[[37;1mRTPS_TRANSPORT_SHM[31;1m Error] [37mFailed init_port fastrtps_port26675: open_and_lock_file failed[34;1m -> Function [36mopen_port_internal[m
[spawner-2] [37;1m2026-03-27 16:42:48.259 [31;1m[[37;1mRTPS_TRANSPORT_SHM[31;1m Error] [37mFailed init_port fastrtps_port26677: open_and_lock_file failed[34;1m -> Function [36mopen_port_internal[m
[spawner-3] [37;1m2026-03-27 16:42:48.301 [31;1m[[37;1mRTPS_TRANSPORT_SHM[31;1m Error] [37mFailed init_port fastrtps_port26675: open_and_lock_file failed[34;1m -> Function [36mopen_port_internal[m
[spawner-3] [37;1m2026-03-27 16:42:48.302 [31;1m[[37;1mRTPS_TRANSPORT_SHM[31;1m Error] [37mFailed init_port fastrtps_port26677: open_and_lock_file failed[34;1m -> Function [36mopen_port_internal[m
[velodyne_relay-17] [37;1m2026-03-27 16:42:48.322 [31;1m[[37;1mRTPS_TRANSPORT_SHM[31;1m Error] [37mFailed init_port fastrtps_port26675: open_and_lock_file failed[34;1m -> Function [36mopen_port_internal[m
[velodyne_relay-17] [37;1m2026-03-27 16:42:48.322 [31;1m[[37;1mRTPS_TRANSPORT_SHM[31;1m Error] [37mFailed init_port fastrtps_port26677: open_and_lock_file failed[34;1m -> Function [36mopen_port_internal[m
[tf_prefix_relay-16] [37;1m2026-03-27 16:42:48.349 [31;1m[[37;1mRTPS_TRANSPORT_SHM[31;1m Error] [37mFailed init_port fastrtps_port26675: open_and_lock_file failed[34;1m -> Function [36mopen_port_internal[m
[tf_prefix_relay-16] [37;1m2026-03-27 16:42:48.349 [31;1m[[37;1mRTPS_TRANSPORT_SHM[31;1m Error] [37mFailed init_port fastrtps_port26677: open_and_lock_file failed[34;1m -> Function [36mopen_port_internal[m
[parameter_bridge-13] [37;1m2026-03-27 16:42:50.073 [31;1m[[37;1mRTPS_TRANSPORT_SHM[31;1m Error] [37mFailed init_port fastrtps_port26711: open_and_lock_file failed[34;1m -> Function [36mopen_port_internal[m
[parameter_bridge-9] [37;1m2026-03-27 16:42:50.074 [31;1m[[37;1mRTPS_TRANSPORT_SHM[31;1m Error] [37mFailed init_port fastrtps_port26711: open_and_lock_file failed[34;1m -> Function [36mopen_port_internal[m
[parameter_bridge-11] [37;1m2026-03-27 16:42:50.077 [31;1m[[37;1mRTPS_TRANSPORT_SHM[31;1m Error] [37mFailed init_port fastrtps_port26711: open_and_lock_file failed[34;1m -> Function [36mopen_port_internal[m
[teleop_node-8] [37;1m2026-03-27 16:42:50.117 [31;1m[[37;1mRTPS_TRANSPORT_SHM[31;1m Error] [37mFailed init_port fastrtps_port26743: open_and_lock_file failed[34;1m -> Function [36mopen_port_internal[m
[tf_prefix_relay-16] [37;1m2026-03-27 16:42:50.170 [31;1m[[37;1mRTPS_TRANSPORT_SHM[31;1m Error] [37mFailed init_port fastrtps_port26711: open_and_lock_file failed[34;1m -> Function [36mopen_port_internal[m
[teleop_node-8] [INFO] [1774629770.341803454] [TeleopTwistJoy]: Teleop enable button 5.
[teleop_node-8] [INFO] [1774629770.341956245] [TeleopTwistJoy]: Linear axis x on 5 at scale 0.500000.
[teleop_node-8] [INFO] [1774629770.341972871] [TeleopTwistJoy]: Angular axis yaw on 2 at scale 0.500000.
[static_transform_publisher-14] [37;1m2026-03-27 16:42:52.134 [31;1m[[37;1mRTPS_TRANSPORT_SHM[31;1m Error] [37mFailed init_port fastrtps_port26743: open_and_lock_file failed[34;1m -> Function [36mopen_port_internal[m
[joy_linux_node-7] [37;1m2026-03-27 16:42:52.144 [31;1m[[37;1mRTPS_TRANSPORT_SHM[31;1m Error] [37mFailed init_port fastrtps_port26743: open_and_lock_file failed[34;1m -> Function [36mopen_port_internal[m
[parameter_bridge-10] [37;1m2026-03-27 16:42:52.148 [31;1m[[37;1mRTPS_TRANSPORT_SHM[31;1m Error] [37mFailed init_port fastrtps_port26743: open_and_lock_file failed[34;1m -> Function [36mopen_port_internal[m
[create-15] [37;1m2026-03-27 16:42:52.156 [31;1m[[37;1mRTPS_TRANSPORT_SHM[31;1m Error] [37mFailed init_port fastrtps_port26741: open_and_lock_file failed[34;1m -> Function [36mopen_port_internal[m
[parameter_bridge-9] [37;1m2026-03-27 16:42:52.160 [31;1m[[37;1mRTPS_TRANSPORT_SHM[31;1m Error] [37mFailed init_port fastrtps_port26741: open_and_lock_file failed[34;1m -> Function [36mopen_port_internal[m
[parameter_bridge-13] [37;1m2026-03-27 16:42:52.161 [31;1m[[37;1mRTPS_TRANSPORT_SHM[31;1m Error] [37mFailed init_port fastrtps_port26743: open_and_lock_file failed[34;1m -> Function [36mopen_port_internal[m
[create-15] [37;1m2026-03-27 16:42:52.165 [31;1m[[37;1mRTPS_TRANSPORT_SHM[31;1m Error] [37mFailed init_port fastrtps_port26743: open_and_lock_file failed[34;1m -> Function [36mopen_port_internal[m
[parameter_bridge-11] [37;1m2026-03-27 16:42:52.169 [31;1m[[37;1mRTPS_TRANSPORT_SHM[31;1m Error] [37mFailed init_port fastrtps_port26743: open_and_lock_file failed[34;1m -> Function [36mopen_port_internal[m
[parameter_bridge-9] [37;1m2026-03-27 16:42:52.174 [31;1m[[37;1mRTPS_TRANSPORT_SHM[31;1m Error] [37mFailed init_port fastrtps_port26743: open_and_lock_file failed[34;1m -> Function [36mopen_port_internal[m
[velodyne_relay-17] [37;1m2026-03-27 16:42:52.186 [31;1m[[37;1mRTPS_TRANSPORT_SHM[31;1m Error] [37mFailed init_port fastrtps_port26741: open_and_lock_file failed[34;1m -> Function [36mopen_port_internal[m
[spawner-3] [37;1m2026-03-27 16:42:52.190 [31;1m[[37;1mRTPS_TRANSPORT_SHM[31;1m Error] [37mFailed init_port fastrtps_port26743: open_and_lock_file failed[34;1m -> Function [36mopen_port_internal[m
[velodyne_relay-17] [37;1m2026-03-27 16:42:52.193 [31;1m[[37;1mRTPS_TRANSPORT_SHM[31;1m Error] [37mFailed init_port fastrtps_port26743: open_and_lock_file failed[34;1m -> Function [36mopen_port_internal[m
[spawner-2] [37;1m2026-03-27 16:42:52.196 [31;1m[[37;1mRTPS_TRANSPORT_SHM[31;1m Error] [37mFailed init_port fastrtps_port26743: open_and_lock_file failed[34;1m -> Function [36mopen_port_internal[m
[parameter_bridge-10] [37;1m2026-03-27 16:42:52.197 [31;1m[[37;1mRTPS_TRANSPORT_SHM[31;1m Error] [37mFailed init_port fastrtps_port26771: open_and_lock_file failed[34;1m -> Function [36mopen_port_internal[m
[tf_prefix_relay-16] [37;1m2026-03-27 16:42:52.201 [31;1m[[37;1mRTPS_TRANSPORT_SHM[31;1m Error] [37mFailed init_port fastrtps_port26743: open_and_lock_file failed[34;1m -> Function [36mopen_port_internal[m
[joy_linux_node-7] [WARN] [1774629772.282688218] [aramis.joy_node]: Couldn't open joystick force feedback: Bad file descriptor
[joy_linux_node-7] [INFO] [1774629772.282946587] [aramis.joy_node]: Opened joystick: /dev/input/js0. deadzone_: 0.050000.
[parameter_bridge-10] [INFO] [1774629772.286616601] [aramis.odom_base_tf_bridge]: Creating GZ->ROS Bridge: [/model/aramis/robot/tf (ignition.msgs.Pose_V) -> /model/aramis/robot/tf (tf2_msgs/msg/TFMessage)] (Lazy 0)
[static_transform_publisher-14] [INFO] [1774629772.293922819] [aramis.lidar3d_0_static_tf]: Spinning until stopped - publishing transform
[static_transform_publisher-14] translation: ('0.000000', '0.000000', '0.000000')
[static_transform_publisher-14] rotation: ('0.000000', '0.000000', '0.000000', '1.000000')
[static_transform_publisher-14] from 'lidar3d_0_link' to 'aramis/robot/base_link/lidar3d_0'
[parameter_bridge-9] [INFO] [1774629772.347007747] [aramis.cmd_vel_bridge]: Creating GZ->ROS Bridge: [aramis/cmd_vel (ignition.msgs.Twist) -> aramis/cmd_vel (geometry_msgs/msg/Twist)] (Lazy 0)
[parameter_bridge-9] [INFO] [1774629772.350731762] [aramis.cmd_vel_bridge]: Creating ROS->GZ Bridge: [/model/aramis/robot/cmd_vel (geometry_msgs/msg/Twist) -> /model/aramis/robot/cmd_vel (ignition.msgs.Twist)] (Lazy 0)
[create-15] [INFO] [1774629772.380381592] [aramis.ros_gz_sim]: Requesting list of world names.
[spawner-3] [INFO] [1774629772.438307032] [aramis.spawner_platform_velocity_controller]: waiting for service /aramis/controller_manager/list_controllers to become available...
[spawner-2] [INFO] [1774629772.502039331] [aramis.spawner_joint_state_broadcaster]: waiting for service /aramis/controller_manager/list_controllers to become available...
[velodyne_relay-17] [INFO] [1774629772.546114814] [velodyne_relay]: Velodyne relay started for robot='aramis' (/aramis/sensors/lidar3d_0/points -> /aramis/velodyne_points, frame=aramis/velodyne)
[create-15] [INFO] [1774629772.672701051] [aramis.ros_gz_sim]: Waiting messages on topic [robot_description].
[tf_prefix_relay-16] [INFO] [1774629772.790683059] [tf_prefix_relay]: TF prefix relay started with robot_prefix='aramis', subscribing to '/aramis/tf' and '/aramis/tf_static', publishing to '/tf' and '/tf_static'
[create-15] [INFO] [1774629773.003215427] [aramis.ros_gz_sim]: Requested creation of entity.
[create-15] [INFO] [1774629773.003313735] [aramis.ros_gz_sim]: OK creation of entity.
[parameter_bridge-13] [INFO] [1774629773.306457908] [aramis.sensors.lidar3d_0_gz_bridge]: Creating GZ->ROS Bridge: [/aramis/sensors/lidar3d_0/scan (gz.msgs.LaserScan) -> lidar3d_0/scan (sensor_msgs/msg/LaserScan)] (Lazy 0)
[parameter_bridge-11] [INFO] [1774629773.344586003] [aramis.imu_0_gz_bridge]: Creating GZ->ROS Bridge: [/aramis/sensors/imu_0/data (gz.msgs.IMU) -> sensors/imu_0/data (sensor_msgs/msg/Imu)] (Lazy 0)
[parameter_bridge-11] [INFO] [1774629773.433234434] [aramis.imu_0_gz_bridge]: Creating GZ->ROS Bridge: [/aramis/sensors/imu_0/data_raw (gz.msgs.IMU) -> sensors/imu_0/data_raw (sensor_msgs/msg/Imu)] (Lazy 0)
[velodyne_relay-17] [INFO] [1774629773.532915273] [velodyne_relay]: Published static TF: aramis/base_link -> aramis/velodyne (copied from aramis/base_link -> aramis/lidar3d_0_laser)
[INFO] [create-15]: process has finished cleanly [pid 15241]
[ekf_node-4] [WARN] [1774629774.927571853] [tf2_buffer]: Detected jump back in time. Clearing TF buffer.
[ekf_node-4] [WARN] [1774629774.930245182] [tf2_buffer]: Detected jump back in time. Clearing TF buffer.
[ekf_node-4] [WARN] [1774629774.932056002] [tf2_buffer]: Detected jump back in time. Clearing TF buffer.
[ekf_node-4] [WARN] [1774629774.933555469] [tf2_buffer]: Detected jump back in time. Clearing TF buffer.
[ekf_node-4] [WARN] [1774629774.935866470] [tf2_buffer]: Detected jump back in time. Clearing TF buffer.
[ekf_node-4] [WARN] [1774629774.938402751] [tf2_buffer]: Detected jump back in time. Clearing TF buffer.
[ekf_node-4] [WARN] [1774629774.940716579] [tf2_buffer]: Detected jump back in time. Clearing TF buffer.
[ekf_node-4] [WARN] [1774629774.942894836] [tf2_buffer]: Detected jump back in time. Clearing TF buffer.
[ekf_node-4] [WARN] [1774629774.944522730] [tf2_buffer]: Detected jump back in time. Clearing TF buffer.
[ekf_node-4] [WARN] [1774629774.947099497] [tf2_buffer]: Detected jump back in time. Clearing TF buffer.
[ekf_node-4] [WARN] [1774629774.950293945] [tf2_buffer]: Detected jump back in time. Clearing TF buffer.
[ekf_node-4] [WARN] [1774629774.951682062] [tf2_buffer]: Detected jump back in time. Clearing TF buffer.
[ekf_node-4] [WARN] [1774629774.953503553] [tf2_buffer]: Detected jump back in time. Clearing TF buffer.
[ekf_node-4] [WARN] [1774629774.956078200] [tf2_buffer]: Detected jump back in time. Clearing TF buffer.
[ekf_node-4] [WARN] [1774629774.957554091] [tf2_buffer]: Detected jump back in time. Clearing TF buffer.
[ekf_node-4] [WARN] [1774629774.958837117] [tf2_buffer]: Detected jump back in time. Clearing TF buffer.
[ekf_node-4] [WARN] [1774629774.959962487] [tf2_buffer]: Detected jump back in time. Clearing TF buffer.
[ekf_node-4] [WARN] [1774629774.961187789] [tf2_buffer]: Detected jump back in time. Clearing TF buffer.
[ekf_node-4] [WARN] [1774629774.962439974] [tf2_buffer]: Detected jump back in time. Clearing TF buffer.
[ekf_node-4] [WARN] [1774629774.963832742] [tf2_buffer]: Detected jump back in time. Clearing TF buffer.
[ekf_node-4] [WARN] [1774629774.965199084] [tf2_buffer]: Detected jump back in time. Clearing TF buffer.
[ekf_node-4] [WARN] [1774629774.966710562] [tf2_buffer]: Detected jump back in time. Clearing TF buffer.
[ekf_node-4] [WARN] [1774629774.967932592] [tf2_buffer]: Detected jump back in time. Clearing TF buffer.
[ekf_node-4] [WARN] [1774629774.970037853] [tf2_buffer]: Detected jump back in time. Clearing TF buffer.
[ekf_node-4] [WARN] [1774629774.971711138] [tf2_buffer]: Detected jump back in time. Clearing TF buffer.
[ekf_node-4] [WARN] [1774629774.973348031] [tf2_buffer]: Detected jump back in time. Clearing TF buffer.
[ekf_node-4] [WARN] [1774629774.974275658] [tf2_buffer]: Detected jump back in time. Clearing TF buffer.
[ekf_node-4] [WARN] [1774629774.975852139] [tf2_buffer]: Detected jump back in time. Clearing TF buffer.
[ekf_node-4] [WARN] [1774629774.977370981] [tf2_buffer]: Detected jump back in time. Clearing TF buffer.
[ekf_node-4] [WARN] [1774629774.978678941] [tf2_buffer]: Detected jump back in time. Clearing TF buffer.
[ekf_node-4] [WARN] [1774629774.979979108] [tf2_buffer]: Detected jump back in time. Clearing TF buffer.
[ekf_node-4] [WARN] [1774629774.981319751] [tf2_buffer]: Detected jump back in time. Clearing TF buffer.
[ekf_node-4] [WARN] [1774629774.982473107] [tf2_buffer]: Detected jump back in time. Clearing TF buffer.
[ekf_node-4] [WARN] [1774629774.984515942] [tf2_buffer]: Detected jump back in time. Clearing TF buffer.
[ekf_node-4] [WARN] [1774629774.985899465] [tf2_buffer]: Detected jump back in time. Clearing TF buffer.
[ekf_node-4] [WARN] [1774629774.987654071] [tf2_buffer]: Detected jump back in time. Clearing TF buffer.
[ekf_node-4] [WARN] [1774629774.999573780] [tf2_buffer]: Detected jump back in time. Clearing TF buffer.
[ekf_node-4] [WARN] [1774629775.001090416] [tf2_buffer]: Detected jump back in time. Clearing TF buffer.
[ekf_node-4] [WARN] [1774629775.002943314] [tf2_buffer]: Detected jump back in time. Clearing TF buffer.
[ekf_node-4] [WARN] [1774629775.007684923] [tf2_buffer]: Detected jump back in time. Clearing TF buffer.
[ekf_node-4] [WARN] [1774629775.009264489] [tf2_buffer]: Detected jump back in time. Clearing TF buffer.
[ekf_node-4] [WARN] [1774629775.010686855] [tf2_buffer]: Detected jump back in time. Clearing TF buffer.
[ekf_node-4] [WARN] [1774629775.012369079] [tf2_buffer]: Detected jump back in time. Clearing TF buffer.
[ekf_node-4] [WARN] [1774629775.014717662] [tf2_buffer]: Detected jump back in time. Clearing TF buffer.
[ekf_node-4] [WARN] [1774629775.016574501] [tf2_buffer]: Detected jump back in time. Clearing TF buffer.
[ekf_node-4] [WARN] [1774629775.017989105] [tf2_buffer]: Detected jump back in time. Clearing TF buffer.
[ekf_node-4] [WARN] [1774629775.019529135] [tf2_buffer]: Detected jump back in time. Clearing TF buffer.
[ekf_node-4] [WARN] [1774629775.022026139] [tf2_buffer]: Detected jump back in time. Clearing TF buffer.
[ekf_node-4] [WARN] [1774629775.024867808] [tf2_buffer]: Detected jump back in time. Clearing TF buffer.
[ekf_node-4] [WARN] [1774629775.027461040] [tf2_buffer]: Detected jump back in time. Clearing TF buffer.
[ekf_node-4] [WARN] [1774629775.028576070] [tf2_buffer]: Detected jump back in time. Clearing TF buffer.
[ekf_node-4] [WARN] [1774629775.031548911] [tf2_buffer]: Detected jump back in time. Clearing TF buffer.
[ekf_node-4] [WARN] [1774629775.032545821] [tf2_buffer]: Detected jump back in time. Clearing TF buffer.
[ekf_node-4] [WARN] [1774629775.034046452] [tf2_buffer]: Detected jump back in time. Clearing TF buffer.
[ekf_node-4] [WARN] [1774629775.037101764] [tf2_buffer]: Detected jump back in time. Clearing TF buffer.
[ekf_node-4] [WARN] [1774629775.038481447] [tf2_buffer]: Detected jump back in time. Clearing TF buffer.
[ekf_node-4] [WARN] [1774629775.040858419] [tf2_buffer]: Detected jump back in time. Clearing TF buffer.
[ekf_node-4] [WARN] [1774629775.042693598] [tf2_buffer]: Detected jump back in time. Clearing TF buffer.
[ekf_node-4] [WARN] [1774629775.044685539] [tf2_buffer]: Detected jump back in time. Clearing TF buffer.
[ekf_node-4] [WARN] [1774629775.049668040] [tf2_buffer]: Detected jump back in time. Clearing TF buffer.
[ekf_node-4] [WARN] [1774629775.051951203] [tf2_buffer]: Detected jump back in time. Clearing TF buffer.
[ekf_node-4] [WARN] [1774629775.053733431] [tf2_buffer]: Detected jump back in time. Clearing TF buffer.
[ekf_node-4] [WARN] [1774629775.057769226] [tf2_buffer]: Detected jump back in time. Clearing TF buffer.
[ekf_node-4] [WARN] [1774629775.059086902] [tf2_buffer]: Detected jump back in time. Clearing TF buffer.
[ekf_node-4] [WARN] [1774629775.060823965] [tf2_buffer]: Detected jump back in time. Clearing TF buffer.
[ekf_node-4] [WARN] [1774629775.062921258] [tf2_buffer]: Detected jump back in time. Clearing TF buffer.
[ekf_node-4] [WARN] [1774629775.064204733] [tf2_buffer]: Detected jump back in time. Clearing TF buffer.
[ekf_node-4] [WARN] [1774629775.067939840] [tf2_buffer]: Detected jump back in time. Clearing TF buffer.
[ekf_node-4] [WARN] [1774629775.069004251] [tf2_buffer]: Detected jump back in time. Clearing TF buffer.
[ekf_node-4] [WARN] [1774629775.073174625] [tf2_buffer]: Detected jump back in time. Clearing TF buffer.
[ekf_node-4] [WARN] [1774629775.075797627] [tf2_buffer]: Detected jump back in time. Clearing TF buffer.
[ekf_node-4] [WARN] [1774629775.077108076] [tf2_buffer]: Detected jump back in time. Clearing TF buffer.
[ekf_node-4] [WARN] [1774629775.078248186] [tf2_buffer]: Detected jump back in time. Clearing TF buffer.
[ekf_node-4] [WARN] [1774629775.079237483] [tf2_buffer]: Detected jump back in time. Clearing TF buffer.
[ekf_node-4] [WARN] [1774629775.082456907] [tf2_buffer]: Detected jump back in time. Clearing TF buffer.
[ekf_node-4] [WARN] [1774629775.083649306] [tf2_buffer]: Detected jump back in time. Clearing TF buffer.
[ekf_node-4] [WARN] [1774629775.086102296] [tf2_buffer]: Detected jump back in time. Clearing TF buffer.
[ekf_node-4] [WARN] [1774629775.089318969] [tf2_buffer]: Detected jump back in time. Clearing TF buffer.
[ekf_node-4] [WARN] [1774629775.090496385] [tf2_buffer]: Detected jump back in time. Clearing TF buffer.
[ekf_node-4] [WARN] [1774629775.583863157] [tf2_buffer]: Detected jump back in time. Clearing TF buffer.
[ekf_node-4] [WARN] [1774629775.586664973] [tf2_buffer]: Detected jump back in time. Clearing TF buffer.
[ekf_node-4] [WARN] [1774629775.589847572] [tf2_buffer]: Detected jump back in time. Clearing TF buffer.
[ekf_node-4] [WARN] [1774629775.592232653] [tf2_buffer]: Detected jump back in time. Clearing TF buffer.
[ekf_node-4] [WARN] [1774629775.594040978] [tf2_buffer]: Detected jump back in time. Clearing TF buffer.
[ekf_node-4] [WARN] [1774629775.597469263] [tf2_buffer]: Detected jump back in time. Clearing TF buffer.
[ekf_node-4] [WARN] [1774629775.599189178] [tf2_buffer]: Detected jump back in time. Clearing TF buffer.
[ekf_node-4] [WARN] [1774629775.600282142] [tf2_buffer]: Detected jump back in time. Clearing TF buffer.
[ekf_node-4] [WARN] [1774629775.606912889] [tf2_buffer]: Detected jump back in time. Clearing TF buffer.
[ekf_node-4] [WARN] [1774629775.612561365] [tf2_buffer]: Detected jump back in time. Clearing TF buffer.
[ekf_node-4] [WARN] [1774629775.615443838] [tf2_buffer]: Detected jump back in time. Clearing TF buffer.
[ekf_node-4] [WARN] [1774629775.632005139] [tf2_buffer]: Detected jump back in time. Clearing TF buffer.
[ekf_node-4] [WARN] [1774629775.635144869] [tf2_buffer]: Detected jump back in time. Clearing TF buffer.
[ekf_node-4] [WARN] [1774629775.636591701] [tf2_buffer]: Detected jump back in time. Clearing TF buffer.
[ekf_node-4] [WARN] [1774629775.639621338] [tf2_buffer]: Detected jump back in time. Clearing TF buffer.
[ekf_node-4] [WARN] [1774629775.649569078] [tf2_buffer]: Detected jump back in time. Clearing TF buffer.
[ekf_node-4] [WARN] [1774629775.652815773] [tf2_buffer]: Detected jump back in time. Clearing TF buffer.
[ekf_node-4] [WARN] [1774629775.658573236] [tf2_buffer]: Detected jump back in time. Clearing TF buffer.
[ekf_node-4] [WARN] [1774629775.659247993] [tf2_buffer]: Detected jump back in time. Clearing TF buffer.
[ekf_node-4] [WARN] [1774629775.661622119] [tf2_buffer]: Detected jump back in time. Clearing TF buffer.
[ekf_node-4] [WARN] [1774629775.663330796] [tf2_buffer]: Detected jump back in time. Clearing TF buffer.
[ekf_node-4] [WARN] [1774629775.665349342] [tf2_buffer]: Detected jump back in time. Clearing TF buffer.
[ekf_node-4] [WARN] [1774629775.670214615] [tf2_buffer]: Detected jump back in time. Clearing TF buffer.
[ekf_node-4] [WARN] [1774629775.673925167] [tf2_buffer]: Detected jump back in time. Clearing TF buffer.
[ekf_node-4] [WARN] [1774629775.675955633] [tf2_buffer]: Detected jump back in time. Clearing TF buffer.
[ekf_node-4] [WARN] [1774629775.684679375] [tf2_buffer]: Detected jump back in time. Clearing TF buffer.
[ekf_node-4] [WARN] [1774629775.688550465] [tf2_buffer]: Detected jump back in time. Clearing TF buffer.
[ekf_node-4] [WARN] [1774629775.690689370] [tf2_buffer]: Detected jump back in time. Clearing TF buffer.
[ekf_node-4] [WARN] [1774629775.691877165] [tf2_buffer]: Detected jump back in time. Clearing TF buffer.
[ekf_node-4] [WARN] [1774629775.693236831] [tf2_buffer]: Detected jump back in time. Clearing TF buffer.
[ekf_node-4] [WARN] [1774629775.696102136] [tf2_buffer]: Detected jump back in time. Clearing TF buffer.
[ekf_node-4] [WARN] [1774629775.704337763] [tf2_buffer]: Detected jump back in time. Clearing TF buffer.
[ekf_node-4] [WARN] [1774629775.706486215] [tf2_buffer]: Detected jump back in time. Clearing TF buffer.
[ekf_node-4] [WARN] [1774629775.707610518] [tf2_buffer]: Detected jump back in time. Clearing TF buffer.
[ekf_node-4] [WARN] [1774629775.712689750] [tf2_buffer]: Detected jump back in time. Clearing TF buffer.
[ekf_node-4] [WARN] [1774629775.714864421] [tf2_buffer]: Detected jump back in time. Clearing TF buffer.
[ekf_node-4] [WARN] [1774629775.718837947] [tf2_buffer]: Detected jump back in time. Clearing TF buffer.
[ekf_node-4] [WARN] [1774629775.730380437] [tf2_buffer]: Detected jump back in time. Clearing TF buffer.
[ekf_node-4] [WARN] [1774629775.735880963] [tf2_buffer]: Detected jump back in time. Clearing TF buffer.
[ekf_node-4] [WARN] [1774629775.737754373] [tf2_buffer]: Detected jump back in time. Clearing TF buffer.
[ekf_node-4] [WARN] [1774629775.745256673] [tf2_buffer]: Detected jump back in time. Clearing TF buffer.
[ekf_node-4] [WARN] [1774629775.746863988] [tf2_buffer]: Detected jump back in time. Clearing TF buffer.
[ekf_node-4] [WARN] [1774629775.749482134] [tf2_buffer]: Detected jump back in time. Clearing TF buffer.
[ekf_node-4] [WARN] [1774629775.750996713] [tf2_buffer]: Detected jump back in time. Clearing TF buffer.
[ekf_node-4] [WARN] [1774629775.752728655] [tf2_buffer]: Detected jump back in time. Clearing TF buffer.
[ekf_node-4] [WARN] [1774629775.759268631] [tf2_buffer]: Detected jump back in time. Clearing TF buffer.
[ekf_node-4] [WARN] [1774629775.768386433] [tf2_buffer]: Detected jump back in time. Clearing TF buffer.
[ekf_node-4] [WARN] [1774629775.774438010] [tf2_buffer]: Detected jump back in time. Clearing TF buffer.
[ekf_node-4] [WARN] [1774629775.775847839] [tf2_buffer]: Detected jump back in time. Clearing TF buffer.
[ekf_node-4] [WARN] [1774629775.777283440] [tf2_buffer]: Detected jump back in time. Clearing TF buffer.
[ekf_node-4] [WARN] [1774629775.779704396] [tf2_buffer]: Detected jump back in time. Clearing TF buffer.
[ekf_node-4] [WARN] [1774629775.781223905] [tf2_buffer]: Detected jump back in time. Clearing TF buffer.
[ekf_node-4] [WARN] [1774629775.784122118] [tf2_buffer]: Detected jump back in time. Clearing TF buffer.
[ekf_node-4] [WARN] [1774629775.785442041] [tf2_buffer]: Detected jump back in time. Clearing TF buffer.
[ekf_node-4] [WARN] [1774629775.786942718] [tf2_buffer]: Detected jump back in time. Clearing TF buffer.
[ekf_node-4] [WARN] [1774629775.789118664] [tf2_buffer]: Detected jump back in time. Clearing TF buffer.
[ekf_node-4] [WARN] [1774629775.790442526] [tf2_buffer]: Detected jump back in time. Clearing TF buffer.
[ekf_node-4] [WARN] [1774629775.792360763] [tf2_buffer]: Detected jump back in time. Clearing TF buffer.
[ekf_node-4] [WARN] [1774629775.794192446] [tf2_buffer]: Detected jump back in time. Clearing TF buffer.
[ekf_node-4] [WARN] [1774629775.797407229] [tf2_buffer]: Detected jump back in time. Clearing TF buffer.
[ekf_node-4] [WARN] [1774629775.800568991] [tf2_buffer]: Detected jump back in time. Clearing TF buffer.
[ekf_node-4] [WARN] [1774629775.802222348] [tf2_buffer]: Detected jump back in time. Clearing TF buffer.
[ekf_node-4] [WARN] [1774629775.804424376] [tf2_buffer]: Detected jump back in time. Clearing TF buffer.
[ekf_node-4] [WARN] [1774629775.805889093] [tf2_buffer]: Detected jump back in time. Clearing TF buffer.
[ekf_node-4] [WARN] [1774629775.807378477] [tf2_buffer]: Detected jump back in time. Clearing TF buffer.
[ekf_node-4] [WARN] [1774629775.808799230] [tf2_buffer]: Detected jump back in time. Clearing TF buffer.
[ekf_node-4] [WARN] [1774629775.809959790] [tf2_buffer]: Detected jump back in time. Clearing TF buffer.
[ekf_node-4] [WARN] [1774629775.813009218] [tf2_buffer]: Detected jump back in time. Clearing TF buffer.
[ekf_node-4] [WARN] [1774629775.814587103] [tf2_buffer]: Detected jump back in time. Clearing TF buffer.
[ekf_node-4] [WARN] [1774629775.817131230] [tf2_buffer]: Detected jump back in time. Clearing TF buffer.
[ekf_node-4] [WARN] [1774629775.818772368] [tf2_buffer]: Detected jump back in time. Clearing TF buffer.
[ekf_node-4] [WARN] [1774629775.821426074] [tf2_buffer]: Detected jump back in time. Clearing TF buffer.
[ekf_node-4] [WARN] [1774629775.822971212] [tf2_buffer]: Detected jump back in time. Clearing TF buffer.
[ekf_node-4] [WARN] [1774629775.825598816] [tf2_buffer]: Detected jump back in time. Clearing TF buffer.
[ekf_node-4] [WARN] [1774629775.826959701] [tf2_buffer]: Detected jump back in time. Clearing TF buffer.
[ekf_node-4] [WARN] [1774629775.829699577] [tf2_buffer]: Detected jump back in time. Clearing TF buffer.
[ekf_node-4] [WARN] [1774629775.831133523] [tf2_buffer]: Detected jump back in time. Clearing TF buffer.
[ekf_node-4] [WARN] [1774629775.832192230] [tf2_buffer]: Detected jump back in time. Clearing TF buffer.
[ekf_node-4] [WARN] [1774629775.833251284] [tf2_buffer]: Detected jump back in time. Clearing TF buffer.
[ekf_node-4] [WARN] [1774629775.834608876] [tf2_buffer]: Detected jump back in time. Clearing TF buffer.
[ekf_node-4] [WARN] [1774629775.837976518] [tf2_buffer]: Detected jump back in time. Clearing TF buffer.
[ekf_node-4] [WARN] [1774629775.841013018] [tf2_buffer]: Detected jump back in time. Clearing TF buffer.
[ekf_node-4] [WARN] [1774629775.842885991] [tf2_buffer]: Detected jump back in time. Clearing TF buffer.
[ekf_node-4] [WARN] [1774629775.844100227] [tf2_buffer]: Detected jump back in time. Clearing TF buffer.
[ekf_node-4] [WARN] [1774629775.845370797] [tf2_buffer]: Detected jump back in time. Clearing TF buffer.
[ekf_node-4] [WARN] [1774629775.846703594] [tf2_buffer]: Detected jump back in time. Clearing TF buffer.
[ekf_node-4] [WARN] [1774629775.850149216] [tf2_buffer]: Detected jump back in time. Clearing TF buffer.
[ekf_node-4] [WARN] [1774629775.854157574] [tf2_buffer]: Detected jump back in time. Clearing TF buffer.
[ekf_node-4] [WARN] [1774629775.856066891] [tf2_buffer]: Detected jump back in time. Clearing TF buffer.
[ekf_node-4] [WARN] [1774629775.859432454] [tf2_buffer]: Detected jump back in time. Clearing TF buffer.
[ekf_node-4] [WARN] [1774629775.861084529] [tf2_buffer]: Detected jump back in time. Clearing TF buffer.
[ekf_node-4] [WARN] [1774629775.863684465] [tf2_buffer]: Detected jump back in time. Clearing TF buffer.
[ekf_node-4] [WARN] [1774629775.867013232] [tf2_buffer]: Detected jump back in time. Clearing TF buffer.
[ekf_node-4] [WARN] [1774629775.870957668] [tf2_buffer]: Detected jump back in time. Clearing TF buffer.
[ekf_node-4] [WARN] [1774629775.873276619] [tf2_buffer]: Detected jump back in time. Clearing TF buffer.
[ekf_node-4] [WARN] [1774629775.875372422] [tf2_buffer]: Detected jump back in time. Clearing TF buffer.
[ekf_node-4] [WARN] [1774629775.877649906] [tf2_buffer]: Detected jump back in time. Clearing TF buffer.
[ekf_node-4] [WARN] [1774629775.879260770] [tf2_buffer]: Detected jump back in time. Clearing TF buffer.
[ekf_node-4] [WARN] [1774629775.880835771] [tf2_buffer]: Detected jump back in time. Clearing TF buffer.
[ekf_node-4] [WARN] [1774629775.883516787] [tf2_buffer]: Detected jump back in time. Clearing TF buffer.
[ekf_node-4] [WARN] [1774629775.885667113] [tf2_buffer]: Detected jump back in time. Clearing TF buffer.
[ekf_node-4] [WARN] [1774629775.890693871] [tf2_buffer]: Detected jump back in time. Clearing TF buffer.
[ekf_node-4] [WARN] [1774629775.894059217] [tf2_buffer]: Detected jump back in time. Clearing TF buffer.
[ekf_node-4] [WARN] [1774629775.896615903] [tf2_buffer]: Detected jump back in time. Clearing TF buffer.
[ekf_node-4] [WARN] [1774629775.899228702] [tf2_buffer]: Detected jump back in time. Clearing TF buffer.
[ekf_node-4] [WARN] [1774629775.901758784] [tf2_buffer]: Detected jump back in time. Clearing TF buffer.
[ekf_node-4] [WARN] [1774629775.905711852] [tf2_buffer]: Detected jump back in time. Clearing TF buffer.
[ekf_node-4] [WARN] [1774629775.909511188] [tf2_buffer]: Detected jump back in time. Clearing TF buffer.
[ekf_node-4] [WARN] [1774629775.912303586] [tf2_buffer]: Detected jump back in time. Clearing TF buffer.
[ekf_node-4] [WARN] [1774629775.914962518] [tf2_buffer]: Detected jump back in time. Clearing TF buffer.
[ekf_node-4] [WARN] [1774629775.917109598] [tf2_buffer]: Detected jump back in time. Clearing TF buffer.
[ekf_node-4] [WARN] [1774629775.924438607] [tf2_buffer]: Detected jump back in time. Clearing TF buffer.
[ekf_node-4] [WARN] [1774629775.926381169] [tf2_buffer]: Detected jump back in time. Clearing TF buffer.
[ekf_node-4] [WARN] [1774629775.928981127] [tf2_buffer]: Detected jump back in time. Clearing TF buffer.
[ekf_node-4] [WARN] [1774629775.931937136] [tf2_buffer]: Detected jump back in time. Clearing TF buffer.
[ekf_node-4] [WARN] [1774629775.934574872] [tf2_buffer]: Detected jump back in time. Clearing TF buffer.
[ekf_node-4] [WARN] [1774629775.937529005] [tf2_buffer]: Detected jump back in time. Clearing TF buffer.
[ekf_node-4] [WARN] [1774629775.943887317] [tf2_buffer]: Detected jump back in time. Clearing TF buffer.
[ekf_node-4] [WARN] [1774629775.947546780] [tf2_buffer]: Detected jump back in time. Clearing TF buffer.
[ekf_node-4] [WARN] [1774629775.952344086] [tf2_buffer]: Detected jump back in time. Clearing TF buffer.
[ekf_node-4] [WARN] [1774629775.954463447] [tf2_buffer]: Detected jump back in time. Clearing TF buffer.
[ekf_node-4] [WARN] [1774629775.960506487] [tf2_buffer]: Detected jump back in time. Clearing TF buffer.
[ekf_node-4] [WARN] [1774629775.962898162] [tf2_buffer]: Detected jump back in time. Clearing TF buffer.
[ekf_node-4] [WARN] [1774629775.965100176] [tf2_buffer]: Detected jump back in time. Clearing TF buffer.
[ekf_node-4] [WARN] [1774629775.969383578] [tf2_buffer]: Detected jump back in time. Clearing TF buffer.
[ekf_node-4] [WARN] [1774629775.971975428] [tf2_buffer]: Detected jump back in time. Clearing TF buffer.
[ekf_node-4] [WARN] [1774629775.974421119] [tf2_buffer]: Detected jump back in time. Clearing TF buffer.
[ekf_node-4] [WARN] [1774629775.976768187] [tf2_buffer]: Detected jump back in time. Clearing TF buffer.
[ekf_node-4] [WARN] [1774629775.979073813] [tf2_buffer]: Detected jump back in time. Clearing TF buffer.
[ekf_node-4] [WARN] [1774629775.981583659] [tf2_buffer]: Detected jump back in time. Clearing TF buffer.
[ekf_node-4] [WARN] [1774629775.985123044] [tf2_buffer]: Detected jump back in time. Clearing TF buffer.
[ekf_node-4] [WARN] [1774629775.987362532] [tf2_buffer]: Detected jump back in time. Clearing TF buffer.
[ekf_node-4] [WARN] [1774629775.992513422] [tf2_buffer]: Detected jump back in time. Clearing TF buffer.
[ekf_node-4] [WARN] [1774629775.994726372] [tf2_buffer]: Detected jump back in time. Clearing TF buffer.
[ekf_node-4] [WARN] [1774629775.996637332] [tf2_buffer]: Detected jump back in time. Clearing TF buffer.
[ekf_node-4] [WARN] [1774629775.998665987] [tf2_buffer]: Detected jump back in time. Clearing TF buffer.
[ekf_node-4] [WARN] [1774629776.000745028] [tf2_buffer]: Detected jump back in time. Clearing TF buffer.
[ekf_node-4] [WARN] [1774629776.003067671] [tf2_buffer]: Detected jump back in time. Clearing TF buffer.
[ekf_node-4] [WARN] [1774629776.005487029] [tf2_buffer]: Detected jump back in time. Clearing TF buffer.
[ekf_node-4] [WARN] [1774629776.008419377] [tf2_buffer]: Detected jump back in time. Clearing TF buffer.
[ekf_node-4] [WARN] [1774629776.009893146] [tf2_buffer]: Detected jump back in time. Clearing TF buffer.
[ekf_node-4] [WARN] [1774629776.012056132] [tf2_buffer]: Detected jump back in time. Clearing TF buffer.
[ekf_node-4] [WARN] [1774629776.016704179] [tf2_buffer]: Detected jump back in time. Clearing TF buffer.
[ekf_node-4] [WARN] [1774629776.018673397] [tf2_buffer]: Detected jump back in time. Clearing TF buffer.
[ekf_node-4] [WARN] [1774629776.020712402] [tf2_buffer]: Detected jump back in time. Clearing TF buffer.
[ekf_node-4] [WARN] [1774629776.023611775] [tf2_buffer]: Detected jump back in time. Clearing TF buffer.
[ekf_node-4] [WARN] [1774629776.025795558] [tf2_buffer]: Detected jump back in time. Clearing TF buffer.
[ekf_node-4] [WARN] [1774629776.030378113] [tf2_buffer]: Detected jump back in time. Clearing TF buffer.
[ekf_node-4] [WARN] [1774629776.032118381] [tf2_buffer]: Detected jump back in time. Clearing TF buffer.
[ekf_node-4] [WARN] [1774629776.033915365] [tf2_buffer]: Detected jump back in time. Clearing TF buffer.
[ekf_node-4] [WARN] [1774629776.036214486] [tf2_buffer]: Detected jump back in time. Clearing TF buffer.
[ekf_node-4] [WARN] [1774629776.038368077] [tf2_buffer]: Detected jump back in time. Clearing TF buffer.
[ekf_node-4] [WARN] [1774629776.041825334] [tf2_buffer]: Detected jump back in time. Clearing TF buffer.
[ekf_node-4] [WARN] [1774629776.043405460] [tf2_buffer]: Detected jump back in time. Clearing TF buffer.
[ekf_node-4] [WARN] [1774629776.044936793] [tf2_buffer]: Detected jump back in time. Clearing TF buffer.
[ekf_node-4] [WARN] [1774629776.046776538] [tf2_buffer]: Detected jump back in time. Clearing TF buffer.
[ekf_node-4] [WARN] [1774629776.048371868] [tf2_buffer]: Detected jump back in time. Clearing TF buffer.
[ekf_node-4] [WARN] [1774629776.050158166] [tf2_buffer]: Detected jump back in time. Clearing TF buffer.
[ekf_node-4] [WARN] [1774629776.054048345] [tf2_buffer]: Detected jump back in time. Clearing TF buffer.
[ekf_node-4] [WARN] [1774629776.059150555] [tf2_buffer]: Detected jump back in time. Clearing TF buffer.
[ekf_node-4] [WARN] [1774629776.062098641] [tf2_buffer]: Detected jump back in time. Clearing TF buffer.
[ekf_node-4] [WARN] [1774629776.064976068] [tf2_buffer]: Detected jump back in time. Clearing TF buffer.
[ekf_node-4] [WARN] [1774629776.069970883] [tf2_buffer]: Detected jump back in time. Clearing TF buffer.
[ekf_node-4] [WARN] [1774629776.072851961] [tf2_buffer]: Detected jump back in time. Clearing TF buffer.
[ekf_node-4] [WARN] [1774629776.074378320] [tf2_buffer]: Detected jump back in time. Clearing TF buffer.
[ekf_node-4] [WARN] [1774629776.076143490] [tf2_buffer]: Detected jump back in time. Clearing TF buffer.
[ekf_node-4] [WARN] [1774629776.078269119] [tf2_buffer]: Detected jump back in time. Clearing TF buffer.
[ekf_node-4] [WARN] [1774629776.084133815] [tf2_buffer]: Detected jump back in time. Clearing TF buffer.
[ekf_node-4] [WARN] [1774629776.085849088] [tf2_buffer]: Detected jump back in time. Clearing TF buffer.
[ekf_node-4] [WARN] [1774629776.087580665] [tf2_buffer]: Detected jump back in time. Clearing TF buffer.
[ekf_node-4] [WARN] [1774629776.089869835] [tf2_buffer]: Detected jump back in time. Clearing TF buffer.
[ekf_node-4] [WARN] [1774629776.092169132] [tf2_buffer]: Detected jump back in time. Clearing TF buffer.
[ekf_node-4] [WARN] [1774629776.094060276] [tf2_buffer]: Detected jump back in time. Clearing TF buffer.
[ekf_node-4] [WARN] [1774629776.095886444] [tf2_buffer]: Detected jump back in time. Clearing TF buffer.
[ekf_node-4] [WARN] [1774629776.097809753] [tf2_buffer]: Detected jump back in time. Clearing TF buffer.
[ekf_node-4] [WARN] [1774629776.099399430] [tf2_buffer]: Detected jump back in time. Clearing TF buffer.
[ekf_node-4] [WARN] [1774629776.101209232] [tf2_buffer]: Detected jump back in time. Clearing TF buffer.
[ekf_node-4] [WARN] [1774629776.103823744] [tf2_buffer]: Detected jump back in time. Clearing TF buffer.
[ekf_node-4] [WARN] [1774629776.105676689] [tf2_buffer]: Detected jump back in time. Clearing TF buffer.
[ekf_node-4] [WARN] [1774629776.107414890] [tf2_buffer]: Detected jump back in time. Clearing TF buffer.
[ekf_node-4] [WARN] [1774629776.108912046] [tf2_buffer]: Detected jump back in time. Clearing TF buffer.
[ekf_node-4] [WARN] [1774629776.112275352] [tf2_buffer]: Detected jump back in time. Clearing TF buffer.
[ekf_node-4] [WARN] [1774629776.114240587] [tf2_buffer]: Detected jump back in time. Clearing TF buffer.
[ekf_node-4] [WARN] [1774629776.115919697] [tf2_buffer]: Detected jump back in time. Clearing TF buffer.
[ekf_node-4] [WARN] [1774629776.118417901] [tf2_buffer]: Detected jump back in time. Clearing TF buffer.
[ekf_node-4] [WARN] [1774629776.119925443] [tf2_buffer]: Detected jump back in time. Clearing TF buffer.
[ekf_node-4] [WARN] [1774629776.121846653] [tf2_buffer]: Detected jump back in time. Clearing TF buffer.
[ekf_node-4] [WARN] [1774629776.123605851] [tf2_buffer]: Detected jump back in time. Clearing TF buffer.
[ekf_node-4] [WARN] [1774629776.132646153] [tf2_buffer]: Detected jump back in time. Clearing TF buffer.
[ekf_node-4] [WARN] [1774629776.135995440] [tf2_buffer]: Detected jump back in time. Clearing TF buffer.
[ekf_node-4] [WARN] [1774629776.137355358] [tf2_buffer]: Detected jump back in time. Clearing TF buffer.
[ekf_node-4] [WARN] [1774629776.138822423] [tf2_buffer]: Detected jump back in time. Clearing TF buffer.
[ekf_node-4] [WARN] [1774629776.140822633] [tf2_buffer]: Detected jump back in time. Clearing TF buffer.
[ekf_node-4] [WARN] [1774629776.143303777] [tf2_buffer]: Detected jump back in time. Clearing TF buffer.
[ekf_node-4] [WARN] [1774629776.144554484] [tf2_buffer]: Detected jump back in time. Clearing TF buffer.
[ekf_node-4] [WARN] [1774629776.146032919] [tf2_buffer]: Detected jump back in time. Clearing TF buffer.
[ekf_node-4] [WARN] [1774629776.147660828] [tf2_buffer]: Detected jump back in time. Clearing TF buffer.
[ekf_node-4] [WARN] [1774629776.149072932] [tf2_buffer]: Detected jump back in time. Clearing TF buffer.
[ekf_node-4] [WARN] [1774629776.150455434] [tf2_buffer]: Detected jump back in time. Clearing TF buffer.
[ekf_node-4] [WARN] [1774629776.152414774] [tf2_buffer]: Detected jump back in time. Clearing TF buffer.
[ekf_node-4] [WARN] [1774629776.154372357] [tf2_buffer]: Detected jump back in time. Clearing TF buffer.
[ekf_node-4] [WARN] [1774629776.156584980] [tf2_buffer]: Detected jump back in time. Clearing TF buffer.
[ekf_node-4] [WARN] [1774629776.158442362] [tf2_buffer]: Detected jump back in time. Clearing TF buffer.
[ekf_node-4] [WARN] [1774629776.160453880] [tf2_buffer]: Detected jump back in time. Clearing TF buffer.
[ekf_node-4] [WARN] [1774629776.164341190] [tf2_buffer]: Detected jump back in time. Clearing TF buffer.
[ekf_node-4] [WARN] [1774629776.166850442] [tf2_buffer]: Detected jump back in time. Clearing TF buffer.
[ekf_node-4] [WARN] [1774629776.170594399] [tf2_buffer]: Detected jump back in time. Clearing TF buffer.
[ekf_node-4] [WARN] [1774629776.172962255] [tf2_buffer]: Detected jump back in time. Clearing TF buffer.
[ekf_node-4] [WARN] [1774629776.177959765] [tf2_buffer]: Detected jump back in time. Clearing TF buffer.
[ekf_node-4] [WARN] [1774629776.179387455] [tf2_buffer]: Detected jump back in time. Clearing TF buffer.
[ekf_node-4] [WARN] [1774629776.181013119] [tf2_buffer]: Detected jump back in time. Clearing TF buffer.
[ekf_node-4] [WARN] [1774629776.182274778] [tf2_buffer]: Detected jump back in time. Clearing TF buffer.
[ekf_node-4] [WARN] [1774629776.183915594] [tf2_buffer]: Detected jump back in time. Clearing TF buffer.
[ekf_node-4] [WARN] [1774629776.185437714] [tf2_buffer]: Detected jump back in time. Clearing TF buffer.
[ekf_node-4] [WARN] [1774629776.187177818] [tf2_buffer]: Detected jump back in time. Clearing TF buffer.
[ekf_node-4] [WARN] [1774629776.189444399] [tf2_buffer]: Detected jump back in time. Clearing TF buffer.
[ekf_node-4] [WARN] [1774629776.190605451] [tf2_buffer]: Detected jump back in time. Clearing TF buffer.
[ekf_node-4] [WARN] [1774629776.192358457] [tf2_buffer]: Detected jump back in time. Clearing TF buffer.
[ekf_node-4] [WARN] [1774629776.194008429] [tf2_buffer]: Detected jump back in time. Clearing TF buffer.
[ekf_node-4] [WARN] [1774629776.197577633] [tf2_buffer]: Detected jump back in time. Clearing TF buffer.
[ekf_node-4] [WARN] [1774629776.199210642] [tf2_buffer]: Detected jump back in time. Clearing TF buffer.
[ekf_node-4] [WARN] [1774629776.200797258] [tf2_buffer]: Detected jump back in time. Clearing TF buffer.
[ekf_node-4] [WARN] [1774629776.206831172] [tf2_buffer]: Detected jump back in time. Clearing TF buffer.
[ekf_node-4] [WARN] [1774629776.208933821] [tf2_buffer]: Detected jump back in time. Clearing TF buffer.
[ekf_node-4] [WARN] [1774629776.210910178] [tf2_buffer]: Detected jump back in time. Clearing TF buffer.
[ekf_node-4] [WARN] [1774629776.218079976] [tf2_buffer]: Detected jump back in time. Clearing TF buffer.
[ekf_node-4] [WARN] [1774629776.223858879] [tf2_buffer]: Detected jump back in time. Clearing TF buffer.
[ekf_node-4] [WARN] [1774629776.225246084] [tf2_buffer]: Detected jump back in time. Clearing TF buffer.
[ekf_node-4] [WARN] [1774629776.227836277] [tf2_buffer]: Detected jump back in time. Clearing TF buffer.
[ekf_node-4] [WARN] [1774629776.230494383] [tf2_buffer]: Detected jump back in time. Clearing TF buffer.
[ekf_node-4] [WARN] [1774629776.232423437] [tf2_buffer]: Detected jump back in time. Clearing TF buffer.
[ekf_node-4] [WARN] [1774629776.234061676] [tf2_buffer]: Detected jump back in time. Clearing TF buffer.
[ekf_node-4] [WARN] [1774629776.235749791] [tf2_buffer]: Detected jump back in time. Clearing TF buffer.
[ekf_node-4] [WARN] [1774629776.238333839] [tf2_buffer]: Detected jump back in time. Clearing TF buffer.
[ekf_node-4] [WARN] [1774629776.240442965] [tf2_buffer]: Detected jump back in time. Clearing TF buffer.
[ekf_node-4] [WARN] [1774629776.242701135] [tf2_buffer]: Detected jump back in time. Clearing TF buffer.
[ekf_node-4] [WARN] [1774629776.245020882] [tf2_buffer]: Detected jump back in time. Clearing TF buffer.
[ekf_node-4] [WARN] [1774629776.246105704] [tf2_buffer]: Detected jump back in time. Clearing TF buffer.
[ekf_node-4] [WARN] [1774629776.249026259] [tf2_buffer]: Detected jump back in time. Clearing TF buffer.
[ekf_node-4] [WARN] [1774629776.252867938] [tf2_buffer]: Detected jump back in time. Clearing TF buffer.
[ekf_node-4] [WARN] [1774629776.254063216] [tf2_buffer]: Detected jump back in time. Clearing TF buffer.
[ekf_node-4] [WARN] [1774629776.255415521] [tf2_buffer]: Detected jump back in time. Clearing TF buffer.
[ekf_node-4] [WARN] [1774629776.256694156] [tf2_buffer]: Detected jump back in time. Clearing TF buffer.
[ekf_node-4] [WARN] [1774629776.258779441] [tf2_buffer]: Detected jump back in time. Clearing TF buffer.
[ekf_node-4] [WARN] [1774629776.261006424] [tf2_buffer]: Detected jump back in time. Clearing TF buffer.
[ekf_node-4] [WARN] [1774629776.263122379] [tf2_buffer]: Detected jump back in time. Clearing TF buffer.
[ekf_node-4] [WARN] [1774629776.265686155] [tf2_buffer]: Detected jump back in time. Clearing TF buffer.
[ekf_node-4] [WARN] [1774629776.266888970] [tf2_buffer]: Detected jump back in time. Clearing TF buffer.
[ekf_node-4] [WARN] [1774629776.268199925] [tf2_buffer]: Detected jump back in time. Clearing TF buffer.
[ekf_node-4] [WARN] [1774629776.271807569] [tf2_buffer]: Detected jump back in time. Clearing TF buffer.
[ekf_node-4] [WARN] [1774629776.274557440] [tf2_buffer]: Detected jump back in time. Clearing TF buffer.
[ekf_node-4] [WARN] [1774629776.278723470] [tf2_buffer]: Detected jump back in time. Clearing TF buffer.
[ekf_node-4] [WARN] [1774629776.280818730] [tf2_buffer]: Detected jump back in time. Clearing TF buffer.
[ekf_node-4] [WARN] [1774629776.285090659] [tf2_buffer]: Detected jump back in time. Clearing TF buffer.
[ekf_node-4] [WARN] [1774629776.287623564] [tf2_buffer]: Detected jump back in time. Clearing TF buffer.
[ekf_node-4] [WARN] [1774629776.290480156] [tf2_buffer]: Detected jump back in time. Clearing TF buffer.
[ekf_node-4] [WARN] [1774629776.293001314] [tf2_buffer]: Detected jump back in time. Clearing TF buffer.
[ekf_node-4] [WARN] [1774629776.295454179] [tf2_buffer]: Detected jump back in time. Clearing TF buffer.
[ekf_node-4] [WARN] [1774629776.299785823] [tf2_buffer]: Detected jump back in time. Clearing TF buffer.
[ekf_node-4] [WARN] [1774629776.303786559] [tf2_buffer]: Detected jump back in time. Clearing TF buffer.
[ekf_node-4] [WARN] [1774629776.307582939] [tf2_buffer]: Detected jump back in time. Clearing TF buffer.
[ekf_node-4] [WARN] [1774629776.309155559] [tf2_buffer]: Detected jump back in time. Clearing TF buffer.
[ekf_node-4] [WARN] [1774629776.310999059] [tf2_buffer]: Detected jump back in time. Clearing TF buffer.
[ekf_node-4] [WARN] [1774629776.312891850] [tf2_buffer]: Detected jump back in time. Clearing TF buffer.
[ekf_node-4] [WARN] [1774629776.315358534] [tf2_buffer]: Detected jump back in time. Clearing TF buffer.
[ekf_node-4] [WARN] [1774629776.317495147] [tf2_buffer]: Detected jump back in time. Clearing TF buffer.
[ekf_node-4] [WARN] [1774629776.320463265] [tf2_buffer]: Detected jump back in time. Clearing TF buffer.
[ekf_node-4] [WARN] [1774629776.324895139] [tf2_buffer]: Detected jump back in time. Clearing TF buffer.
[ekf_node-4] [WARN] [1774629776.327903147] [tf2_buffer]: Detected jump back in time. Clearing TF buffer.
[ekf_node-4] [WARN] [1774629776.329564707] [tf2_buffer]: Detected jump back in time. Clearing TF buffer.
[ekf_node-4] [WARN] [1774629776.331105990] [tf2_buffer]: Detected jump back in time. Clearing TF buffer.
[ekf_node-4] [WARN] [1774629776.333306146] [tf2_buffer]: Detected jump back in time. Clearing TF buffer.
[ekf_node-4] [WARN] [1774629776.334767132] [tf2_buffer]: Detected jump back in time. Clearing TF buffer.
[ekf_node-4] [WARN] [1774629776.336129559] [tf2_buffer]: Detected jump back in time. Clearing TF buffer.
[ekf_node-4] [WARN] [1774629776.346913551] [tf2_buffer]: Detected jump back in time. Clearing TF buffer.
[ekf_node-4] [WARN] [1774629776.350921735] [tf2_buffer]: Detected jump back in time. Clearing TF buffer.
[ekf_node-4] [WARN] [1774629776.352813072] [tf2_buffer]: Detected jump back in time. Clearing TF buffer.
[ekf_node-4] [WARN] [1774629776.355888892] [tf2_buffer]: Detected jump back in time. Clearing TF buffer.
[ekf_node-4] [WARN] [1774629776.362019805] [tf2_buffer]: Detected jump back in time. Clearing TF buffer.
[ekf_node-4] [WARN] [1774629776.368302009] [tf2_buffer]: Detected jump back in time. Clearing TF buffer.
[ekf_node-4] [WARN] [1774629776.369510939] [tf2_buffer]: Detected jump back in time. Clearing TF buffer.
[ekf_node-4] [WARN] [1774629776.370764486] [tf2_buffer]: Detected jump back in time. Clearing TF buffer.
[ekf_node-4] [WARN] [1774629776.372467677] [tf2_buffer]: Detected jump back in time. Clearing TF buffer.
[ekf_node-4] [WARN] [1774629776.374108472] [tf2_buffer]: Detected jump back in time. Clearing TF buffer.
[ekf_node-4] [WARN] [1774629776.375845512] [tf2_buffer]: Detected jump back in time. Clearing TF buffer.
[ekf_node-4] [WARN] [1774629776.376956688] [tf2_buffer]: Detected jump back in time. Clearing TF buffer.
[ekf_node-4] [WARN] [1774629776.378475603] [tf2_buffer]: Detected jump back in time. Clearing TF buffer.
[ekf_node-4] [WARN] [1774629776.380643696] [tf2_buffer]: Detected jump back in time. Clearing TF buffer.
[ekf_node-4] [WARN] [1774629776.383917870] [tf2_buffer]: Detected jump back in time. Clearing TF buffer.
[ekf_node-4] [WARN] [1774629776.385712352] [tf2_buffer]: Detected jump back in time. Clearing TF buffer.
[ekf_node-4] [WARN] [1774629776.387689203] [tf2_buffer]: Detected jump back in time. Clearing TF buffer.
[ekf_node-4] [WARN] [1774629776.389615964] [tf2_buffer]: Detected jump back in time. Clearing TF buffer.
[ekf_node-4] [WARN] [1774629776.391714815] [tf2_buffer]: Detected jump back in time. Clearing TF buffer.
[ekf_node-4] [WARN] [1774629776.394188021] [tf2_buffer]: Detected jump back in time. Clearing TF buffer.
[ekf_node-4] [WARN] [1774629776.396101386] [tf2_buffer]: Detected jump back in time. Clearing TF buffer.
[ekf_node-4] [WARN] [1774629776.397665741] [tf2_buffer]: Detected jump back in time. Clearing TF buffer.
[ekf_node-4] [WARN] [1774629776.400212138] [tf2_buffer]: Detected jump back in time. Clearing TF buffer.
[ekf_node-4] [WARN] [1774629776.403479347] [tf2_buffer]: Detected jump back in time. Clearing TF buffer.
[ekf_node-4] [WARN] [1774629776.406968482] [tf2_buffer]: Detected jump back in time. Clearing TF buffer.
[ekf_node-4] [WARN] [1774629776.408418090] [tf2_buffer]: Detected jump back in time. Clearing TF buffer.
[ekf_node-4] [WARN] [1774629776.412623733] [tf2_buffer]: Detected jump back in time. Clearing TF buffer.
[ekf_node-4] [WARN] [1774629776.414892487] [tf2_buffer]: Detected jump back in time. Clearing TF buffer.
[ekf_node-4] [WARN] [1774629776.416783474] [tf2_buffer]: Detected jump back in time. Clearing TF buffer.
[ekf_node-4] [WARN] [1774629776.420067116] [tf2_buffer]: Detected jump back in time. Clearing TF buffer.
[ekf_node-4] [WARN] [1774629776.424062664] [tf2_buffer]: Detected jump back in time. Clearing TF buffer.
[ekf_node-4] [WARN] [1774629776.428486050] [tf2_buffer]: Detected jump back in time. Clearing TF buffer.
[ekf_node-4] [WARN] [1774629776.434507943] [tf2_buffer]: Detected jump back in time. Clearing TF buffer.
[ekf_node-4] [WARN] [1774629776.443805062] [tf2_buffer]: Detected jump back in time. Clearing TF buffer.
[ekf_node-4] [WARN] [1774629776.445851008] [tf2_buffer]: Detected jump back in time. Clearing TF buffer.
[ekf_node-4] [WARN] [1774629776.447837043] [tf2_buffer]: Detected jump back in time. Clearing TF buffer.
[ekf_node-4] [WARN] [1774629776.451236786] [tf2_buffer]: Detected jump back in time. Clearing TF buffer.
[ekf_node-4] [WARN] [1774629776.452600489] [tf2_buffer]: Detected jump back in time. Clearing TF buffer.
[ekf_node-4] [WARN] [1774629776.454655157] [tf2_buffer]: Detected jump back in time. Clearing TF buffer.
[ekf_node-4] [WARN] [1774629776.457434469] [tf2_buffer]: Detected jump back in time. Clearing TF buffer.
[ekf_node-4] [WARN] [1774629776.459060388] [tf2_buffer]: Detected jump back in time. Clearing TF buffer.
[ekf_node-4] [WARN] [1774629776.460743218] [tf2_buffer]: Detected jump back in time. Clearing TF buffer.
[ekf_node-4] [WARN] [1774629776.464407433] [tf2_buffer]: Detected jump back in time. Clearing TF buffer.
[ekf_node-4] [WARN] [1774629776.470414103] [tf2_buffer]: Detected jump back in time. Clearing TF buffer.
[ekf_node-4] [WARN] [1774629776.472156850] [tf2_buffer]: Detected jump back in time. Clearing TF buffer.
[ekf_node-4] [WARN] [1774629776.474375297] [tf2_buffer]: Detected jump back in time. Clearing TF buffer.
[ekf_node-4] [WARN] [1774629776.477036523] [tf2_buffer]: Detected jump back in time. Clearing TF buffer.
[imu_filter_madgwick_node-12] [WARN] [1774629778.156709734] [aramis.imu_filter_node]: Still waiting for data on topic imu/data_raw...
[imu_filter_madgwick_node-12] [WARN] [1774629779.316147643] [aramis.imu_filter_node]: The IMU seems to be in free fall, cannot determine gravity direction!
[imu_filter_madgwick_node-12] [WARN] [1774629780.281801738] [aramis.imu_filter_node]: The IMU seems to be in free fall, cannot determine gravity direction!
[imu_filter_madgwick_node-12] [WARN] [1774629783.641520299] [aramis.imu_filter_node]: The IMU seems to be in free fall, cannot determine gravity direction!
[imu_filter_madgwick_node-12] [WARN] [1774629783.651668339] [aramis.imu_filter_node]: The IMU seems to be in free fall, cannot determine gravity direction!
[imu_filter_madgwick_node-12] [WARN] [1774629783.665271633] [aramis.imu_filter_node]: The IMU seems to be in free fall, cannot determine gravity direction!
[imu_filter_madgwick_node-12] [WARN] [1774629783.724677363] [aramis.imu_filter_node]: The IMU seems to be in free fall, cannot determine gravity direction!
[imu_filter_madgwick_node-12] [WARN] [1774629783.730370829] [aramis.imu_filter_node]: The IMU seems to be in free fall, cannot determine gravity direction!
[imu_filter_madgwick_node-12] [WARN] [1774629783.793988604] [aramis.imu_filter_node]: The IMU seems to be in free fall, cannot determine gravity direction!
[imu_filter_madgwick_node-12] [WARN] [1774629783.825862724] [aramis.imu_filter_node]: The IMU seems to be in free fall, cannot determine gravity direction!
[imu_filter_madgwick_node-12] [WARN] [1774629783.833417248] [aramis.imu_filter_node]: The IMU seems to be in free fall, cannot determine gravity direction!
[imu_filter_madgwick_node-12] [WARN] [1774629783.840877306] [aramis.imu_filter_node]: The IMU seems to be in free fall, cannot determine gravity direction!
[imu_filter_madgwick_node-12] [WARN] [1774629783.877255340] [aramis.imu_filter_node]: The IMU seems to be in free fall, cannot determine gravity direction!
[imu_filter_madgwick_node-12] [WARN] [1774629783.885011456] [aramis.imu_filter_node]: The IMU seems to be in free fall, cannot determine gravity direction!
[imu_filter_madgwick_node-12] [WARN] [1774629783.890405543] [aramis.imu_filter_node]: The IMU seems to be in free fall, cannot determine gravity direction!
[imu_filter_madgwick_node-12] [WARN] [1774629783.942395027] [aramis.imu_filter_node]: The IMU seems to be in free fall, cannot determine gravity direction!
[imu_filter_madgwick_node-12] [WARN] [1774629783.951759829] [aramis.imu_filter_node]: The IMU seems to be in free fall, cannot determine gravity direction!
[imu_filter_madgwick_node-12] [WARN] [1774629784.006102753] [aramis.imu_filter_node]: The IMU seems to be in free fall, cannot determine gravity direction!
[spawner-2] [INFO] [1774629784.011297722] [aramis.spawner_joint_state_broadcaster]: [94mLoaded [1mjoint_state_broadcaster[0m
[imu_filter_madgwick_node-12] [WARN] [1774629784.011484055] [aramis.imu_filter_node]: The IMU seems to be in free fall, cannot determine gravity direction!
[imu_filter_madgwick_node-12] [WARN] [1774629784.096972183] [aramis.imu_filter_node]: The IMU seems to be in free fall, cannot determine gravity direction!
[imu_filter_madgwick_node-12] [WARN] [1774629784.103444386] [aramis.imu_filter_node]: The IMU seems to be in free fall, cannot determine gravity direction!
[imu_filter_madgwick_node-12] [WARN] [1774629784.163788967] [aramis.imu_filter_node]: The IMU seems to be in free fall, cannot determine gravity direction!
[imu_filter_madgwick_node-12] [WARN] [1774629784.169843201] [aramis.imu_filter_node]: The IMU seems to be in free fall, cannot determine gravity direction!
[imu_filter_madgwick_node-12] [WARN] [1774629784.210149287] [aramis.imu_filter_node]: The IMU seems to be in free fall, cannot determine gravity direction!
[imu_filter_madgwick_node-12] [WARN] [1774629784.217398429] [aramis.imu_filter_node]: The IMU seems to be in free fall, cannot determine gravity direction!
[imu_filter_madgwick_node-12] [WARN] [1774629784.266127192] [aramis.imu_filter_node]: The IMU seems to be in free fall, cannot determine gravity direction!
[imu_filter_madgwick_node-12] [WARN] [1774629784.321215408] [aramis.imu_filter_node]: The IMU seems to be in free fall, cannot determine gravity direction!
[imu_filter_madgwick_node-12] [WARN] [1774629784.327484901] [aramis.imu_filter_node]: The IMU seems to be in free fall, cannot determine gravity direction!
[imu_filter_madgwick_node-12] [WARN] [1774629784.371346610] [aramis.imu_filter_node]: The IMU seems to be in free fall, cannot determine gravity direction!
[imu_filter_madgwick_node-12] [WARN] [1774629784.419588088] [aramis.imu_filter_node]: The IMU seems to be in free fall, cannot determine gravity direction!
[imu_filter_madgwick_node-12] [WARN] [1774629784.424906187] [aramis.imu_filter_node]: The IMU seems to be in free fall, cannot determine gravity direction!
[imu_filter_madgwick_node-12] [WARN] [1774629784.471670544] [aramis.imu_filter_node]: The IMU seems to be in free fall, cannot determine gravity direction!
[imu_filter_madgwick_node-12] [WARN] [1774629784.477409484] [aramis.imu_filter_node]: The IMU seems to be in free fall, cannot determine gravity direction!
[imu_filter_madgwick_node-12] [INFO] [1774629784.525989460] [aramis.imu_filter_node]: First IMU message received.
[spawner-3] [INFO] [1774629784.872019169] [aramis.spawner_platform_velocity_controller]: [94mLoaded [1mplatform_velocity_controller[0m
