[INFO] [launch]: All log files can be found below /home/ubuntu/.ros/log/2026-03-27-16-39-39-370327-blender-Virtual-Machine-13454
[INFO] [launch]: Default logging verbosity is set to INFO
[INFO] [robot_state_publisher-1]: process started with pid [13458]
[INFO] [spawner-2]: process started with pid [13460]
[INFO] [spawner-3]: process started with pid [13462]
[INFO] [ekf_node-4]: process started with pid [13464]
[INFO] [marker_server-5]: process started with pid [13466]
[INFO] [twist_mux-6]: process started with pid [13468]
[INFO] [joy_linux_node-7]: process started with pid [13470]
[INFO] [teleop_node-8]: process started with pid [13472]
[INFO] [parameter_bridge-9]: process started with pid [13474]
[INFO] [parameter_bridge-10]: process started with pid [13476]
[INFO] [parameter_bridge-11]: process started with pid [13478]
[INFO] [imu_filter_madgwick_node-12]: process started with pid [13480]
[INFO] [parameter_bridge-13]: process started with pid [13482]
[INFO] [static_transform_publisher-14]: process started with pid [13484]
[INFO] [create-15]: process started with pid [13486]
[INFO] [tf_prefix_relay-16]: process started with pid [13490]
[INFO] [velodyne_relay-17]: process started with pid [13496]
[twist_mux-6] [INFO] [1774629580.238663971] [aramis.twist_mux]: Topic handler 'topics.external' subscribed to topic 'cmd_vel': timeout = 0.500000s , priority = 1.
[twist_mux-6] [INFO] [1774629580.246076156] [aramis.twist_mux]: Topic handler 'topics.interactive_marker' subscribed to topic 'twist_marker_server/cmd_vel': timeout = 0.500000s , priority = 8.
[twist_mux-6] [INFO] [1774629580.249026401] [aramis.twist_mux]: Topic handler 'topics.joy' subscribed to topic 'joy_teleop/cmd_vel': timeout = 0.500000s , priority = 10.
[twist_mux-6] [INFO] [1774629580.250045711] [aramis.twist_mux]: Topic handler 'topics.rc' subscribed to topic 'rc_teleop/cmd_vel': timeout = 0.500000s , priority = 12.
[twist_mux-6] [INFO] [1774629580.255304060] [aramis.twist_mux]: Topic handler 'locks.e_stop' subscribed to topic 'platform/emergency_stop': timeout = None , priority = 255.
[imu_filter_madgwick_node-12] [INFO] [1774629580.257519447] [aramis.imu_filter_node]: Starting ImuFilter
[imu_filter_madgwick_node-12] [INFO] [1774629580.258054021] [aramis.imu_filter_node]: Using dt computed from message headers
[imu_filter_madgwick_node-12] [INFO] [1774629580.258077028] [aramis.imu_filter_node]: The gravity vector is kept in the IMU message.
[imu_filter_madgwick_node-12] [INFO] [1774629580.258162063] [aramis.imu_filter_node]: Imu filter gain set to 0.100000
[imu_filter_madgwick_node-12] [INFO] [1774629580.258178546] [aramis.imu_filter_node]: Gyro drift bias set to 0.000000
[imu_filter_madgwick_node-12] [INFO] [1774629580.258187956] [aramis.imu_filter_node]: Magnetometer bias values: 0.000000 0.000000 0.000000
[marker_server-5] [INFO] [1774629580.261259251] [aramis.twist_server_node]: [interactive_marker_twist_server] Initialized.
[joy_linux_node-7] [WARN] [1774629580.261812121] [aramis.joy_node]: Couldn't open joystick force feedback: Bad file descriptor
[joy_linux_node-7] [INFO] [1774629580.262022872] [aramis.joy_node]: Opened joystick: /dev/input/js0. deadzone_: 0.050000.
[static_transform_publisher-14] [INFO] [1774629580.275138857] [aramis.lidar3d_0_static_tf]: Spinning until stopped - publishing transform
[static_transform_publisher-14] translation: ('0.000000', '0.000000', '0.000000')
[static_transform_publisher-14] rotation: ('0.000000', '0.000000', '0.000000', '1.000000')
[static_transform_publisher-14] from 'lidar3d_0_link' to 'aramis/robot/base_link/lidar3d_0'
[robot_state_publisher-1] [INFO] [1774629580.333289531] [aramis.robot_state_publisher]: got segment base_link
[robot_state_publisher-1] [INFO] [1774629580.333475455] [aramis.robot_state_publisher]: got segment chassis_link
[robot_state_publisher-1] [INFO] [1774629580.333486038] [aramis.robot_state_publisher]: got segment default_mount
[robot_state_publisher-1] [INFO] [1774629580.333491696] [aramis.robot_state_publisher]: got segment diff_link
[robot_state_publisher-1] [INFO] [1774629580.333497022] [aramis.robot_state_publisher]: got segment disk_0_link
[robot_state_publisher-1] [INFO] [1774629580.333501526] [aramis.robot_state_publisher]: got segment disk_0_mount
[robot_state_publisher-1] [INFO] [1774629580.333506324] [aramis.robot_state_publisher]: got segment front_left_wheel_link
[robot_state_publisher-1] [INFO] [1774629580.333511376] [aramis.robot_state_publisher]: got segment front_right_wheel_link
[robot_state_publisher-1] [INFO] [1774629580.333516166] [aramis.robot_state_publisher]: got segment imu_0_link
[robot_state_publisher-1] [INFO] [1774629580.333521080] [aramis.robot_state_publisher]: got segment left_diff_unit_headlight_link
[robot_state_publisher-1] [INFO] [1774629580.333526184] [aramis.robot_state_publisher]: got segment left_diff_unit_link
[robot_state_publisher-1] [INFO] [1774629580.333553977] [aramis.robot_state_publisher]: got segment left_diff_unit_taillight_link
[robot_state_publisher-1] [INFO] [1774629580.333560242] [aramis.robot_state_publisher]: got segment lidar3d_0_laser
[robot_state_publisher-1] [INFO] [1774629580.333565046] [aramis.robot_state_publisher]: got segment lidar3d_0_link
[robot_state_publisher-1] [INFO] [1774629580.333569406] [aramis.robot_state_publisher]: got segment post_0_link
[robot_state_publisher-1] [INFO] [1774629580.333573614] [aramis.robot_state_publisher]: got segment post_0_mount
[robot_state_publisher-1] [INFO] [1774629580.333577657] [aramis.robot_state_publisher]: got segment rear_left_wheel_link
[robot_state_publisher-1] [INFO] [1774629580.333581942] [aramis.robot_state_publisher]: got segment rear_right_wheel_link
[robot_state_publisher-1] [INFO] [1774629580.333586395] [aramis.robot_state_publisher]: got segment right_diff_unit_headlight_link
[robot_state_publisher-1] [INFO] [1774629580.333590423] [aramis.robot_state_publisher]: got segment right_diff_unit_link
[robot_state_publisher-1] [INFO] [1774629580.333594373] [aramis.robot_state_publisher]: got segment right_diff_unit_taillight_link
[robot_state_publisher-1] [INFO] [1774629580.333598371] [aramis.robot_state_publisher]: got segment structure_link
[robot_state_publisher-1] [INFO] [1774629580.333602627] [aramis.robot_state_publisher]: got segment top_tower_link
[robot_state_publisher-1] [INFO] [1774629580.333606645] [aramis.robot_state_publisher]: got segment tower_link
[teleop_node-8] [INFO] [1774629580.638829933] [TeleopTwistJoy]: Teleop enable button 5.
[teleop_node-8] [INFO] [1774629580.639001293] [TeleopTwistJoy]: Linear axis x on 5 at scale 0.500000.
[teleop_node-8] [INFO] [1774629580.639032786] [TeleopTwistJoy]: Angular axis yaw on 2 at scale 0.500000.
[create-15] [INFO] [1774629580.665475304] [aramis.ros_gz_sim]: Requesting list of world names.
[parameter_bridge-10] [INFO] [1774629580.672924232] [aramis.odom_base_tf_bridge]: Creating GZ->ROS Bridge: [/model/aramis/robot/tf (ignition.msgs.Pose_V) -> /model/aramis/robot/tf (tf2_msgs/msg/TFMessage)] (Lazy 0)
[create-15] [INFO] [1774629580.945398747] [aramis.ros_gz_sim]: Waiting messages on topic [robot_description].
[parameter_bridge-9] [INFO] [1774629581.005371540] [aramis.cmd_vel_bridge]: Creating GZ->ROS Bridge: [aramis/cmd_vel (ignition.msgs.Twist) -> aramis/cmd_vel (geometry_msgs/msg/Twist)] (Lazy 0)
[parameter_bridge-9] [INFO] [1774629581.009065050] [aramis.cmd_vel_bridge]: Creating ROS->GZ Bridge: [/model/aramis/robot/cmd_vel (geometry_msgs/msg/Twist) -> /model/aramis/robot/cmd_vel (ignition.msgs.Twist)] (Lazy 0)
[ekf_node-4] [WARN] [1774629581.023914639] [tf2_buffer]: Detected jump back in time. Clearing TF buffer.
[ekf_node-4] [WARN] [1774629581.038943453] [tf2_buffer]: Detected jump back in time. Clearing TF buffer.
[ekf_node-4] [WARN] [1774629581.077406173] [tf2_buffer]: Detected jump back in time. Clearing TF buffer.
[spawner-2] [INFO] [1774629581.090284043] [aramis.spawner_joint_state_broadcaster]: waiting for service /aramis/controller_manager/list_controllers to become available...
[velodyne_relay-17] [INFO] [1774629581.097839184] [velodyne_relay]: Velodyne relay started for robot='aramis' (/aramis/sensors/lidar3d_0/points -> /aramis/velodyne_points, frame=aramis/velodyne)
[spawner-3] [INFO] [1774629581.098018063] [aramis.spawner_platform_velocity_controller]: waiting for service /aramis/controller_manager/list_controllers to become available...
[tf_prefix_relay-16] [INFO] [1774629581.099264830] [tf_prefix_relay]: TF prefix relay started with robot_prefix='aramis', subscribing to '/aramis/tf' and '/aramis/tf_static', publishing to '/tf' and '/tf_static'
[create-15] [INFO] [1774629581.164433880] [aramis.ros_gz_sim]: Requested creation of entity.
[create-15] [INFO] [1774629581.164498176] [aramis.ros_gz_sim]: OK creation of entity.
[parameter_bridge-9] [INFO] [1774629581.240183102] [aramis.cmd_vel_bridge]: Passing message from ROS geometry_msgs/msg/Twist to Gazebo gz.msgs.Twist (showing msg only once per type)
[parameter_bridge-13] [INFO] [1774629581.289232396] [aramis.sensors.lidar3d_0_gz_bridge]: Creating GZ->ROS Bridge: [/aramis/sensors/lidar3d_0/scan (gz.msgs.LaserScan) -> lidar3d_0/scan (sensor_msgs/msg/LaserScan)] (Lazy 0)
[parameter_bridge-11] [INFO] [1774629582.043156280] [aramis.imu_0_gz_bridge]: Creating GZ->ROS Bridge: [/aramis/sensors/imu_0/data (gz.msgs.IMU) -> sensors/imu_0/data (sensor_msgs/msg/Imu)] (Lazy 0)
[velodyne_relay-17] [WARN] [1774629582.292466269] [velodyne_relay]: Cannot resolve lidar TF yet. Tried: ['aramis/lidar3d_0_laser']
[parameter_bridge-13] [INFO] [1774629582.299224694] [aramis.sensors.lidar3d_0_gz_bridge]: Creating GZ->ROS Bridge: [/aramis/sensors/lidar3d_0/scan/points (gz.msgs.PointCloudPacked) -> lidar3d_0/points (sensor_msgs/msg/PointCloud2)] (Lazy 0)
[parameter_bridge-11] [INFO] [1774629582.412211176] [aramis.imu_0_gz_bridge]: Creating GZ->ROS Bridge: [/aramis/sensors/imu_0/data_raw (gz.msgs.IMU) -> sensors/imu_0/data_raw (sensor_msgs/msg/Imu)] (Lazy 0)
[INFO] [create-15]: process has finished cleanly [pid 13486]
[velodyne_relay-17] [INFO] [1774629583.083742110] [velodyne_relay]: Published static TF: aramis/base_link -> aramis/velodyne (copied from aramis/base_link -> aramis/lidar3d_0_laser)
[imu_filter_madgwick_node-12] [WARN] [1774629588.287327687] [aramis.imu_filter_node]: The IMU seems to be in free fall, cannot determine gravity direction!
[imu_filter_madgwick_node-12] [WARN] [1774629589.377530524] [aramis.imu_filter_node]: The IMU seems to be in free fall, cannot determine gravity direction!
[imu_filter_madgwick_node-12] [WARN] [1774629589.417942394] [aramis.imu_filter_node]: The IMU seems to be in free fall, cannot determine gravity direction!
[imu_filter_madgwick_node-12] [WARN] [1774629589.425792597] [aramis.imu_filter_node]: The IMU seems to be in free fall, cannot determine gravity direction!
[imu_filter_madgwick_node-12] [WARN] [1774629589.465992503] [aramis.imu_filter_node]: The IMU seems to be in free fall, cannot determine gravity direction!
[imu_filter_madgwick_node-12] [WARN] [1774629590.627929778] [aramis.imu_filter_node]: Still waiting for data on topic imu/data_raw...
[imu_filter_madgwick_node-12] [WARN] [1774629593.313708457] [aramis.imu_filter_node]: The IMU seems to be in free fall, cannot determine gravity direction!
[imu_filter_madgwick_node-12] [WARN] [1774629593.399896097] [aramis.imu_filter_node]: The IMU seems to be in free fall, cannot determine gravity direction!
[imu_filter_madgwick_node-12] [WARN] [1774629593.410332721] [aramis.imu_filter_node]: The IMU seems to be in free fall, cannot determine gravity direction!
[imu_filter_madgwick_node-12] [WARN] [1774629593.491337197] [aramis.imu_filter_node]: The IMU seems to be in free fall, cannot determine gravity direction!
[imu_filter_madgwick_node-12] [WARN] [1774629593.566068973] [aramis.imu_filter_node]: The IMU seems to be in free fall, cannot determine gravity direction!
[imu_filter_madgwick_node-12] [WARN] [1774629593.639450048] [aramis.imu_filter_node]: The IMU seems to be in free fall, cannot determine gravity direction!
[imu_filter_madgwick_node-12] [WARN] [1774629593.701214907] [aramis.imu_filter_node]: The IMU seems to be in free fall, cannot determine gravity direction!
[spawner-3] [INFO] [1774629593.705104777] [aramis.spawner_platform_velocity_controller]: [94mLoaded [1mplatform_velocity_controller[0m
[imu_filter_madgwick_node-12] [WARN] [1774629593.771822037] [aramis.imu_filter_node]: The IMU seems to be in free fall, cannot determine gravity direction!
[imu_filter_madgwick_node-12] [WARN] [1774629593.837182886] [aramis.imu_filter_node]: The IMU seems to be in free fall, cannot determine gravity direction!
[imu_filter_madgwick_node-12] [WARN] [1774629594.012600237] [aramis.imu_filter_node]: The IMU seems to be in free fall, cannot determine gravity direction!
[imu_filter_madgwick_node-12] [WARN] [1774629594.086239748] [aramis.imu_filter_node]: The IMU seems to be in free fall, cannot determine gravity direction!
[imu_filter_madgwick_node-12] [WARN] [1774629594.154280315] [aramis.imu_filter_node]: The IMU seems to be in free fall, cannot determine gravity direction!
[imu_filter_madgwick_node-12] [WARN] [1774629594.229476523] [aramis.imu_filter_node]: The IMU seems to be in free fall, cannot determine gravity direction!
[imu_filter_madgwick_node-12] [WARN] [1774629594.301206364] [aramis.imu_filter_node]: The IMU seems to be in free fall, cannot determine gravity direction!
[imu_filter_madgwick_node-12] [WARN] [1774629594.372282744] [aramis.imu_filter_node]: The IMU seems to be in free fall, cannot determine gravity direction!
[imu_filter_madgwick_node-12] [INFO] [1774629594.442446836] [aramis.imu_filter_node]: First IMU message received.
[ekf_node-4] [WARN] [1774629597.840453383] [tf2_buffer]: Detected jump back in time. Clearing TF buffer.
[ekf_node-4] [WARN] [1774629597.859502927] [tf2_buffer]: Detected jump back in time. Clearing TF buffer.
[ekf_node-4] [WARN] [1774629597.884971488] [tf2_buffer]: Detected jump back in time. Clearing TF buffer.
[ekf_node-4] [WARN] [1774629597.894611720] [tf2_buffer]: Detected jump back in time. Clearing TF buffer.
[ekf_node-4] [WARN] [1774629597.901799153] [tf2_buffer]: Detected jump back in time. Clearing TF buffer.
[ekf_node-4] [WARN] [1774629597.919381227] [tf2_buffer]: Detected jump back in time. Clearing TF buffer.
[ekf_node-4] [WARN] [1774629597.924981699] [tf2_buffer]: Detected jump back in time. Clearing TF buffer.
[ekf_node-4] [WARN] [1774629597.925894817] [tf2_buffer]: Detected jump back in time. Clearing TF buffer.
[ekf_node-4] [WARN] [1774629597.934233786] [tf2_buffer]: Detected jump back in time. Clearing TF buffer.
[ekf_node-4] [WARN] [1774629597.936613243] [tf2_buffer]: Detected jump back in time. Clearing TF buffer.
[ekf_node-4] [WARN] [1774629597.943527787] [tf2_buffer]: Detected jump back in time. Clearing TF buffer.
[ekf_node-4] [WARN] [1774629597.947974130] [tf2_buffer]: Detected jump back in time. Clearing TF buffer.
[ekf_node-4] [WARN] [1774629597.951636075] [tf2_buffer]: Detected jump back in time. Clearing TF buffer.
[ekf_node-4] [WARN] [1774629597.953869728] [tf2_buffer]: Detected jump back in time. Clearing TF buffer.
[ekf_node-4] [WARN] [1774629597.960613832] [tf2_buffer]: Detected jump back in time. Clearing TF buffer.
[ekf_node-4] [WARN] [1774629597.969755106] [tf2_buffer]: Detected jump back in time. Clearing TF buffer.
[ekf_node-4] [WARN] [1774629597.973763931] [tf2_buffer]: Detected jump back in time. Clearing TF buffer.
[ekf_node-4] [WARN] [1774629597.978577846] [tf2_buffer]: Detected jump back in time. Clearing TF buffer.
[ekf_node-4] [WARN] [1774629597.980976306] [tf2_buffer]: Detected jump back in time. Clearing TF buffer.
[ekf_node-4] [WARN] [1774629597.983751740] [tf2_buffer]: Detected jump back in time. Clearing TF buffer.
[ekf_node-4] [WARN] [1774629597.990447470] [tf2_buffer]: Detected jump back in time. Clearing TF buffer.
[ekf_node-4] [WARN] [1774629597.993180854] [tf2_buffer]: Detected jump back in time. Clearing TF buffer.
[ekf_node-4] [WARN] [1774629597.998400860] [tf2_buffer]: Detected jump back in time. Clearing TF buffer.
[ekf_node-4] [WARN] [1774629598.000682269] [tf2_buffer]: Detected jump back in time. Clearing TF buffer.
[ekf_node-4] [WARN] [1774629598.001830547] [tf2_buffer]: Detected jump back in time. Clearing TF buffer.
[ekf_node-4] [WARN] [1774629598.004628660] [tf2_buffer]: Detected jump back in time. Clearing TF buffer.
[ekf_node-4] [WARN] [1774629599.990778749] [tf2_buffer]: Detected jump back in time. Clearing TF buffer.
[ekf_node-4] [WARN] [1774629600.013822099] [tf2_buffer]: Detected jump back in time. Clearing TF buffer.
[ekf_node-4] [WARN] [1774629600.054714860] [tf2_buffer]: Detected jump back in time. Clearing TF buffer.
[ekf_node-4] [WARN] [1774629600.098934103] [tf2_buffer]: Detected jump back in time. Clearing TF buffer.
[ekf_node-4] [WARN] [1774629600.124375155] [tf2_buffer]: Detected jump back in time. Clearing TF buffer.
[ekf_node-4] [WARN] [1774629600.134034847] [tf2_buffer]: Detected jump back in time. Clearing TF buffer.
[ekf_node-4] [WARN] [1774629600.143639734] [tf2_buffer]: Detected jump back in time. Clearing TF buffer.
[ekf_node-4] [WARN] [1774629600.151021170] [tf2_buffer]: Detected jump back in time. Clearing TF buffer.
[ekf_node-4] [WARN] [1774629600.171665941] [tf2_buffer]: Detected jump back in time. Clearing TF buffer.
[ekf_node-4] [WARN] [1774629600.186044927] [tf2_buffer]: Detected jump back in time. Clearing TF buffer.
[ekf_node-4] [WARN] [1774629600.195972530] [tf2_buffer]: Detected jump back in time. Clearing TF buffer.
[ekf_node-4] [WARN] [1774629600.200738516] [tf2_buffer]: Detected jump back in time. Clearing TF buffer.
[ekf_node-4] [WARN] [1774629600.303646771] [tf2_buffer]: Detected jump back in time. Clearing TF buffer.
[ekf_node-4] [WARN] [1774629600.330080124] [tf2_buffer]: Detected jump back in time. Clearing TF buffer.
[ekf_node-4] [WARN] [1774629600.334965388] [tf2_buffer]: Detected jump back in time. Clearing TF buffer.
[ekf_node-4] [WARN] [1774629600.342576404] [tf2_buffer]: Detected jump back in time. Clearing TF buffer.
[ekf_node-4] [WARN] [1774629600.352412257] [tf2_buffer]: Detected jump back in time. Clearing TF buffer.
[ekf_node-4] [WARN] [1774629600.358700504] [tf2_buffer]: Detected jump back in time. Clearing TF buffer.
[ekf_node-4] [WARN] [1774629600.364676738] [tf2_buffer]: Detected jump back in time. Clearing TF buffer.
[ekf_node-4] [WARN] [1774629600.382108555] [tf2_buffer]: Detected jump back in time. Clearing TF buffer.
[ekf_node-4] [WARN] [1774629600.387968339] [tf2_buffer]: Detected jump back in time. Clearing TF buffer.
[ekf_node-4] [WARN] [1774629600.393054572] [tf2_buffer]: Detected jump back in time. Clearing TF buffer.
[ekf_node-4] [WARN] [1774629600.400227886] [tf2_buffer]: Detected jump back in time. Clearing TF buffer.
[ekf_node-4] [WARN] [1774629600.403867012] [tf2_buffer]: Detected jump back in time. Clearing TF buffer.
[ekf_node-4] [WARN] [1774629600.415999997] [tf2_buffer]: Detected jump back in time. Clearing TF buffer.
[ekf_node-4] [WARN] [1774629600.422971792] [tf2_buffer]: Detected jump back in time. Clearing TF buffer.
[ekf_node-4] [WARN] [1774629600.428643357] [tf2_buffer]: Detected jump back in time. Clearing TF buffer.
[ekf_node-4] [WARN] [1774629600.429595827] [tf2_buffer]: Detected jump back in time. Clearing TF buffer.
[ekf_node-4] [WARN] [1774629600.434636561] [tf2_buffer]: Detected jump back in time. Clearing TF buffer.
[ekf_node-4] [WARN] [1774629600.438497294] [tf2_buffer]: Detected jump back in time. Clearing TF buffer.
[ekf_node-4] [WARN] [1774629600.450525167] [tf2_buffer]: Detected jump back in time. Clearing TF buffer.
[ekf_node-4] [WARN] [1774629600.463038806] [tf2_buffer]: Detected jump back in time. Clearing TF buffer.
[ekf_node-4] [WARN] [1774629600.479357589] [tf2_buffer]: Detected jump back in time. Clearing TF buffer.
[ekf_node-4] [WARN] [1774629600.486739213] [tf2_buffer]: Detected jump back in time. Clearing TF buffer.
[ekf_node-4] [WARN] [1774629600.487018632] [tf2_buffer]: Detected jump back in time. Clearing TF buffer.
[ekf_node-4] [WARN] [1774629600.490338082] [tf2_buffer]: Detected jump back in time. Clearing TF buffer.
[ekf_node-4] [WARN] [1774629600.491015585] [tf2_buffer]: Detected jump back in time. Clearing TF buffer.
[ekf_node-4] [WARN] [1774629600.493270224] [tf2_buffer]: Detected jump back in time. Clearing TF buffer.
[ekf_node-4] [WARN] [1774629600.495738686] [tf2_buffer]: Detected jump back in time. Clearing TF buffer.
[ekf_node-4] [WARN] [1774629600.499301016] [tf2_buffer]: Detected jump back in time. Clearing TF buffer.
[ekf_node-4] [WARN] [1774629600.503237630] [tf2_buffer]: Detected jump back in time. Clearing TF buffer.
[ekf_node-4] [WARN] [1774629600.507172388] [tf2_buffer]: Detected jump back in time. Clearing TF buffer.
[ekf_node-4] [WARN] [1774629600.511417558] [tf2_buffer]: Detected jump back in time. Clearing TF buffer.
[ekf_node-4] [WARN] [1774629600.514992948] [tf2_buffer]: Detected jump back in time. Clearing TF buffer.
[ekf_node-4] [WARN] [1774629600.518955279] [tf2_buffer]: Detected jump back in time. Clearing TF buffer.
[ekf_node-4] [WARN] [1774629600.523308098] [tf2_buffer]: Detected jump back in time. Clearing TF buffer.
[ekf_node-4] [WARN] [1774629600.525823997] [tf2_buffer]: Detected jump back in time. Clearing TF buffer.
[spawner-2] [INFO] [1774629600.526046087] [aramis.spawner_joint_state_broadcaster]: [94mLoaded [1mjoint_state_broadcaster[0m
[ekf_node-4] [WARN] [1774629600.529228324] [tf2_buffer]: Detected jump back in time. Clearing TF buffer.
[ekf_node-4] [WARN] [1774629600.533263166] [tf2_buffer]: Detected jump back in time. Clearing TF buffer.
[ekf_node-4] [WARN] [1774629600.539826805] [tf2_buffer]: Detected jump back in time. Clearing TF buffer.
[ekf_node-4] [WARN] [1774629600.542321677] [tf2_buffer]: Detected jump back in time. Clearing TF buffer.
[ekf_node-4] [WARN] [1774629600.546400381] [tf2_buffer]: Detected jump back in time. Clearing TF buffer.
[ekf_node-4] [WARN] [1774629600.550427322] [tf2_buffer]: Detected jump back in time. Clearing TF buffer.
[ekf_node-4] [WARN] [1774629600.554215476] [tf2_buffer]: Detected jump back in time. Clearing TF buffer.
[ekf_node-4] [WARN] [1774629600.557313933] [tf2_buffer]: Detected jump back in time. Clearing TF buffer.
[ekf_node-4] [WARN] [1774629600.559634973] [tf2_buffer]: Detected jump back in time. Clearing TF buffer.
[ekf_node-4] [WARN] [1774629600.560791645] [tf2_buffer]: Detected jump back in time. Clearing TF buffer.
[ekf_node-4] [WARN] [1774629600.565108707] [tf2_buffer]: Detected jump back in time. Clearing TF buffer.
[ekf_node-4] [WARN] [1774629600.568621986] [tf2_buffer]: Detected jump back in time. Clearing TF buffer.
[ekf_node-4] [WARN] [1774629600.569413705] [tf2_buffer]: Detected jump back in time. Clearing TF buffer.
[ekf_node-4] [WARN] [1774629600.571522563] [tf2_buffer]: Detected jump back in time. Clearing TF buffer.
[ekf_node-4] [WARN] [1774629600.572819730] [tf2_buffer]: Detected jump back in time. Clearing TF buffer.
[ekf_node-4] [WARN] [1774629600.574843393] [tf2_buffer]: Detected jump back in time. Clearing TF buffer.
[ekf_node-4] [WARN] [1774629600.576168307] [tf2_buffer]: Detected jump back in time. Clearing TF buffer.
[ekf_node-4] [WARN] [1774629600.579963983] [tf2_buffer]: Detected jump back in time. Clearing TF buffer.
[ekf_node-4] [WARN] [1774629600.583319540] [tf2_buffer]: Detected jump back in time. Clearing TF buffer.
[ekf_node-4] [WARN] [1774629600.590996002] [tf2_buffer]: Detected jump back in time. Clearing TF buffer.
[ekf_node-4] [WARN] [1774629600.594895300] [tf2_buffer]: Detected jump back in time. Clearing TF buffer.
[ekf_node-4] [WARN] [1774629600.600728275] [tf2_buffer]: Detected jump back in time. Clearing TF buffer.
[ekf_node-4] [WARN] [1774629600.603253952] [tf2_buffer]: Detected jump back in time. Clearing TF buffer.
[ekf_node-4] [WARN] [1774629600.606728241] [tf2_buffer]: Detected jump back in time. Clearing TF buffer.
[ekf_node-4] [WARN] [1774629600.613241021] [tf2_buffer]: Detected jump back in time. Clearing TF buffer.
[ekf_node-4] [WARN] [1774629600.616245907] [tf2_buffer]: Detected jump back in time. Clearing TF buffer.
[ekf_node-4] [WARN] [1774629600.625606723] [tf2_buffer]: Detected jump back in time. Clearing TF buffer.
[ekf_node-4] [WARN] [1774629600.627956233] [tf2_buffer]: Detected jump back in time. Clearing TF buffer.
[ekf_node-4] [WARN] [1774629600.633651363] [tf2_buffer]: Detected jump back in time. Clearing TF buffer.
[ekf_node-4] [WARN] [1774629600.641517781] [tf2_buffer]: Detected jump back in time. Clearing TF buffer.
[ekf_node-4] [WARN] [1774629600.650791207] [tf2_buffer]: Detected jump back in time. Clearing TF buffer.
[ekf_node-4] [WARN] [1774629600.654379507] [tf2_buffer]: Detected jump back in time. Clearing TF buffer.
[ekf_node-4] [WARN] [1774629600.656953577] [tf2_buffer]: Detected jump back in time. Clearing TF buffer.
[ekf_node-4] [WARN] [1774629600.662821203] [tf2_buffer]: Detected jump back in time. Clearing TF buffer.
[ekf_node-4] [WARN] [1774629600.668706598] [tf2_buffer]: Detected jump back in time. Clearing TF buffer.
[ekf_node-4] [WARN] [1774629600.671068763] [tf2_buffer]: Detected jump back in time. Clearing TF buffer.
[ekf_node-4] [WARN] [1774629600.675422306] [tf2_buffer]: Detected jump back in time. Clearing TF buffer.
[ekf_node-4] [WARN] [1774629600.678726347] [tf2_buffer]: Detected jump back in time. Clearing TF buffer.
[ekf_node-4] [WARN] [1774629600.681348328] [tf2_buffer]: Detected jump back in time. Clearing TF buffer.
[ekf_node-4] [WARN] [1774629600.683951568] [tf2_buffer]: Detected jump back in time. Clearing TF buffer.
[ekf_node-4] [WARN] [1774629600.687574372] [tf2_buffer]: Detected jump back in time. Clearing TF buffer.
[ekf_node-4] [WARN] [1774629600.690378855] [tf2_buffer]: Detected jump back in time. Clearing TF buffer.
[ekf_node-4] [WARN] [1774629600.692788942] [tf2_buffer]: Detected jump back in time. Clearing TF buffer.
[ekf_node-4] [WARN] [1774629600.695877211] [tf2_buffer]: Detected jump back in time. Clearing TF buffer.
[ekf_node-4] [WARN] [1774629600.698449422] [tf2_buffer]: Detected jump back in time. Clearing TF buffer.
[ekf_node-4] [WARN] [1774629600.701681529] [tf2_buffer]: Detected jump back in time. Clearing TF buffer.
[ekf_node-4] [WARN] [1774629600.704707456] [tf2_buffer]: Detected jump back in time. Clearing TF buffer.
[ekf_node-4] [WARN] [1774629600.707346220] [tf2_buffer]: Detected jump back in time. Clearing TF buffer.
[ekf_node-4] [WARN] [1774629600.711523480] [tf2_buffer]: Detected jump back in time. Clearing TF buffer.
[ekf_node-4] [WARN] [1774629600.721440443] [tf2_buffer]: Detected jump back in time. Clearing TF buffer.
[ekf_node-4] [WARN] [1774629600.721671845] [tf2_buffer]: Detected jump back in time. Clearing TF buffer.
[ekf_node-4] [WARN] [1774629600.723671202] [tf2_buffer]: Detected jump back in time. Clearing TF buffer.
[ekf_node-4] [WARN] [1774629600.724826403] [tf2_buffer]: Detected jump back in time. Clearing TF buffer.
[ekf_node-4] [WARN] [1774629600.732714350] [tf2_buffer]: Detected jump back in time. Clearing TF buffer.
[ekf_node-4] [WARN] [1774629600.735835297] [tf2_buffer]: Detected jump back in time. Clearing TF buffer.
[ekf_node-4] [WARN] [1774629600.739715937] [tf2_buffer]: Detected jump back in time. Clearing TF buffer.
[ekf_node-4] [WARN] [1774629600.746678180] [tf2_buffer]: Detected jump back in time. Clearing TF buffer.
[ekf_node-4] [WARN] [1774629600.750438438] [tf2_buffer]: Detected jump back in time. Clearing TF buffer.
[ekf_node-4] [WARN] [1774629600.754044171] [tf2_buffer]: Detected jump back in time. Clearing TF buffer.
[ekf_node-4] [WARN] [1774629600.787128182] [tf2_buffer]: Detected jump back in time. Clearing TF buffer.
[ekf_node-4] [WARN] [1774629600.790023860] [tf2_buffer]: Detected jump back in time. Clearing TF buffer.
[ekf_node-4] [WARN] [1774629600.797771110] [tf2_buffer]: Detected jump back in time. Clearing TF buffer.
[ekf_node-4] [WARN] [1774629600.850162463] [tf2_buffer]: Detected jump back in time. Clearing TF buffer.
[ekf_node-4] [WARN] [1774629600.852289497] [tf2_buffer]: Detected jump back in time. Clearing TF buffer.
[ekf_node-4] [WARN] [1774629600.863704772] [tf2_buffer]: Detected jump back in time. Clearing TF buffer.
[ekf_node-4] [WARN] [1774629600.866683940] [tf2_buffer]: Detected jump back in time. Clearing TF buffer.
[ekf_node-4] [WARN] [1774629600.880724131] [tf2_buffer]: Detected jump back in time. Clearing TF buffer.
[ekf_node-4] [WARN] [1774629600.882948476] [tf2_buffer]: Detected jump back in time. Clearing TF buffer.
[ekf_node-4] [WARN] [1774629600.884108845] [tf2_buffer]: Detected jump back in time. Clearing TF buffer.
[ekf_node-4] [WARN] [1774629600.888628313] [tf2_buffer]: Detected jump back in time. Clearing TF buffer.
[ekf_node-4] [WARN] [1774629600.891325571] [tf2_buffer]: Detected jump back in time. Clearing TF buffer.
[ekf_node-4] [WARN] [1774629600.894305891] [tf2_buffer]: Detected jump back in time. Clearing TF buffer.
[ekf_node-4] [WARN] [1774629601.229060144] [tf2_buffer]: Detected jump back in time. Clearing TF buffer.
[ekf_node-4] [WARN] [1774629601.274498482] [tf2_buffer]: Detected jump back in time. Clearing TF buffer.
[ekf_node-4] [WARN] [1774629601.279220893] [tf2_buffer]: Detected jump back in time. Clearing TF buffer.
[ekf_node-4] [WARN] [1774629601.287253061] [tf2_buffer]: Detected jump back in time. Clearing TF buffer.
[ekf_node-4] [WARN] [1774629601.301110411] [tf2_buffer]: Detected jump back in time. Clearing TF buffer.
[ekf_node-4] [WARN] [1774629601.306296920] [tf2_buffer]: Detected jump back in time. Clearing TF buffer.
[ekf_node-4] [WARN] [1774629601.309616294] [tf2_buffer]: Detected jump back in time. Clearing TF buffer.
[ekf_node-4] [WARN] [1774629601.316459272] [tf2_buffer]: Detected jump back in time. Clearing TF buffer.
[ekf_node-4] [WARN] [1774629601.320189892] [tf2_buffer]: Detected jump back in time. Clearing TF buffer.
[ekf_node-4] [WARN] [1774629601.883397991] [tf2_buffer]: Detected jump back in time. Clearing TF buffer.
[ekf_node-4] [WARN] [1774629601.886845375] [tf2_buffer]: Detected jump back in time. Clearing TF buffer.
[ekf_node-4] [WARN] [1774629602.677300770] [tf2_buffer]: Detected jump back in time. Clearing TF buffer.
[ekf_node-4] [WARN] [1774629602.729848835] [tf2_buffer]: Detected jump back in time. Clearing TF buffer.
[ekf_node-4] [WARN] [1774629602.736959719] [tf2_buffer]: Detected jump back in time. Clearing TF buffer.
[ekf_node-4] [WARN] [1774629602.748829690] [tf2_buffer]: Detected jump back in time. Clearing TF buffer.
[ekf_node-4] [WARN] [1774629602.758930762] [tf2_buffer]: Detected jump back in time. Clearing TF buffer.
[ekf_node-4] [WARN] [1774629602.762635738] [tf2_buffer]: Detected jump back in time. Clearing TF buffer.
[ekf_node-4] [WARN] [1774629602.765713694] [tf2_buffer]: Detected jump back in time. Clearing TF buffer.
[ekf_node-4] [WARN] [1774629602.770640297] [tf2_buffer]: Detected jump back in time. Clearing TF buffer.
[ekf_node-4] [WARN] [1774629602.773458431] [tf2_buffer]: Detected jump back in time. Clearing TF buffer.
[ekf_node-4] [WARN] [1774629602.778152985] [tf2_buffer]: Detected jump back in time. Clearing TF buffer.
[ekf_node-4] [WARN] [1774629602.781147506] [tf2_buffer]: Detected jump back in time. Clearing TF buffer.
[ekf_node-4] [WARN] [1774629602.787681644] [tf2_buffer]: Detected jump back in time. Clearing TF buffer.
[ekf_node-4] [WARN] [1774629602.793875193] [tf2_buffer]: Detected jump back in time. Clearing TF buffer.
[ekf_node-4] [WARN] [1774629602.797902086] [tf2_buffer]: Detected jump back in time. Clearing TF buffer.
[ekf_node-4] [WARN] [1774629602.803846409] [tf2_buffer]: Detected jump back in time. Clearing TF buffer.
[ekf_node-4] [WARN] [1774629602.806498668] [tf2_buffer]: Detected jump back in time. Clearing TF buffer.
[ekf_node-4] [WARN] [1774629602.827025870] [tf2_buffer]: Detected jump back in time. Clearing TF buffer.
[ekf_node-4] [WARN] [1774629602.831328996] [tf2_buffer]: Detected jump back in time. Clearing TF buffer.
[ekf_node-4] [WARN] [1774629602.835003229] [tf2_buffer]: Detected jump back in time. Clearing TF buffer.
[ekf_node-4] [WARN] [1774629602.838710866] [tf2_buffer]: Detected jump back in time. Clearing TF buffer.
[ekf_node-4] [WARN] [1774629602.841758120] [tf2_buffer]: Detected jump back in time. Clearing TF buffer.
[ekf_node-4] [WARN] [1774629602.845126711] [tf2_buffer]: Detected jump back in time. Clearing TF buffer.
[ekf_node-4] [WARN] [1774629602.848976828] [tf2_buffer]: Detected jump back in time. Clearing TF buffer.
[ekf_node-4] [WARN] [1774629602.851719921] [tf2_buffer]: Detected jump back in time. Clearing TF buffer.
[ekf_node-4] [WARN] [1774629602.857515346] [tf2_buffer]: Detected jump back in time. Clearing TF buffer.
[ekf_node-4] [WARN] [1774629602.859879553] [tf2_buffer]: Detected jump back in time. Clearing TF buffer.
[ekf_node-4] [WARN] [1774629602.862714978] [tf2_buffer]: Detected jump back in time. Clearing TF buffer.
[ekf_node-4] [WARN] [1774629602.867636591] [tf2_buffer]: Detected jump back in time. Clearing TF buffer.
[ekf_node-4] [WARN] [1774629602.871266549] [tf2_buffer]: Detected jump back in time. Clearing TF buffer.
[ekf_node-4] [WARN] [1774629602.874782261] [tf2_buffer]: Detected jump back in time. Clearing TF buffer.
[ekf_node-4] [WARN] [1774629602.878519332] [tf2_buffer]: Detected jump back in time. Clearing TF buffer.
[ekf_node-4] [WARN] [1774629602.881773416] [tf2_buffer]: Detected jump back in time. Clearing TF buffer.
[ekf_node-4] [WARN] [1774629602.885901743] [tf2_buffer]: Detected jump back in time. Clearing TF buffer.
[ekf_node-4] [WARN] [1774629602.888616788] [tf2_buffer]: Detected jump back in time. Clearing TF buffer.
[ekf_node-4] [WARN] [1774629602.893404257] [tf2_buffer]: Detected jump back in time. Clearing TF buffer.
[ekf_node-4] [WARN] [1774629602.897121790] [tf2_buffer]: Detected jump back in time. Clearing TF buffer.
[ekf_node-4] [WARN] [1774629602.899836538] [tf2_buffer]: Detected jump back in time. Clearing TF buffer.
[ekf_node-4] [WARN] [1774629602.903359938] [tf2_buffer]: Detected jump back in time. Clearing TF buffer.
[ekf_node-4] [WARN] [1774629602.908710038] [tf2_buffer]: Detected jump back in time. Clearing TF buffer.
[ekf_node-4] [WARN] [1774629602.913073763] [tf2_buffer]: Detected jump back in time. Clearing TF buffer.
[ekf_node-4] [WARN] [1774629602.918281704] [tf2_buffer]: Detected jump back in time. Clearing TF buffer.
[ekf_node-4] [WARN] [1774629602.924709098] [tf2_buffer]: Detected jump back in time. Clearing TF buffer.
[ekf_node-4] [WARN] [1774629602.927704883] [tf2_buffer]: Detected jump back in time. Clearing TF buffer.
[ekf_node-4] [WARN] [1774629602.929754187] [tf2_buffer]: Detected jump back in time. Clearing TF buffer.
[ekf_node-4] [WARN] [1774629602.931342271] [tf2_buffer]: Detected jump back in time. Clearing TF buffer.
[ekf_node-4] [WARN] [1774629602.938750953] [tf2_buffer]: Detected jump back in time. Clearing TF buffer.
[ekf_node-4] [WARN] [1774629602.942712002] [tf2_buffer]: Detected jump back in time. Clearing TF buffer.
[ekf_node-4] [WARN] [1774629602.945736295] [tf2_buffer]: Detected jump back in time. Clearing TF buffer.
[ekf_node-4] [WARN] [1774629602.950239787] [tf2_buffer]: Detected jump back in time. Clearing TF buffer.
[ekf_node-4] [WARN] [1774629602.953693728] [tf2_buffer]: Detected jump back in time. Clearing TF buffer.
[ekf_node-4] [WARN] [1774629602.956241319] [tf2_buffer]: Detected jump back in time. Clearing TF buffer.
[ekf_node-4] [WARN] [1774629602.959740627] [tf2_buffer]: Detected jump back in time. Clearing TF buffer.
[ekf_node-4] [WARN] [1774629602.968044332] [tf2_buffer]: Detected jump back in time. Clearing TF buffer.
[ekf_node-4] [WARN] [1774629602.974356935] [tf2_buffer]: Detected jump back in time. Clearing TF buffer.
[ekf_node-4] [WARN] [1774629602.976627961] [tf2_buffer]: Detected jump back in time. Clearing TF buffer.
[ekf_node-4] [WARN] [1774629602.980039001] [tf2_buffer]: Detected jump back in time. Clearing TF buffer.
[ekf_node-4] [WARN] [1774629602.983830826] [tf2_buffer]: Detected jump back in time. Clearing TF buffer.
[ekf_node-4] [WARN] [1774629602.987464941] [tf2_buffer]: Detected jump back in time. Clearing TF buffer.
[ekf_node-4] [WARN] [1774629602.992060513] [tf2_buffer]: Detected jump back in time. Clearing TF buffer.
[ekf_node-4] [WARN] [1774629602.995619375] [tf2_buffer]: Detected jump back in time. Clearing TF buffer.
[ekf_node-4] [WARN] [1774629602.997368180] [tf2_buffer]: Detected jump back in time. Clearing TF buffer.
[ekf_node-4] [WARN] [1774629603.002705649] [tf2_buffer]: Detected jump back in time. Clearing TF buffer.
[ekf_node-4] [WARN] [1774629603.005479305] [tf2_buffer]: Detected jump back in time. Clearing TF buffer.
[ekf_node-4] [WARN] [1774629603.008848610] [tf2_buffer]: Detected jump back in time. Clearing TF buffer.
[ekf_node-4] [WARN] [1774629603.016389176] [tf2_buffer]: Detected jump back in time. Clearing TF buffer.
[ekf_node-4] [WARN] [1774629603.020884239] [tf2_buffer]: Detected jump back in time. Clearing TF buffer.
[ekf_node-4] [WARN] [1774629603.025301149] [tf2_buffer]: Detected jump back in time. Clearing TF buffer.
[ekf_node-4] [WARN] [1774629603.031864018] [tf2_buffer]: Detected jump back in time. Clearing TF buffer.
[ekf_node-4] [WARN] [1774629603.034921883] [tf2_buffer]: Detected jump back in time. Clearing TF buffer.
[ekf_node-4] [WARN] [1774629603.037043944] [tf2_buffer]: Detected jump back in time. Clearing TF buffer.
[ekf_node-4] [WARN] [1774629603.039108290] [tf2_buffer]: Detected jump back in time. Clearing TF buffer.
[ekf_node-4] [WARN] [1774629603.043756918] [tf2_buffer]: Detected jump back in time. Clearing TF buffer.
[ekf_node-4] [WARN] [1774629603.047173765] [tf2_buffer]: Detected jump back in time. Clearing TF buffer.
[ekf_node-4] [WARN] [1774629603.052123879] [tf2_buffer]: Detected jump back in time. Clearing TF buffer.
[ekf_node-4] [WARN] [1774629603.055179653] [tf2_buffer]: Detected jump back in time. Clearing TF buffer.
[ekf_node-4] [WARN] [1774629603.058610062] [tf2_buffer]: Detected jump back in time. Clearing TF buffer.
[ekf_node-4] [WARN] [1774629603.060359673] [tf2_buffer]: Detected jump back in time. Clearing TF buffer.
[ekf_node-4] Failed to meet update rate! Took 0.042000000000000002609seconds. Try decreasing the rate, limiting sensor output frequency, or limiting the number of sensors.
[ekf_node-4] [WARN] [1774629603.065789163] [tf2_buffer]: Detected jump back in time. Clearing TF buffer.
[ekf_node-4] [WARN] [1774629603.073608260] [tf2_buffer]: Detected jump back in time. Clearing TF buffer.
[ekf_node-4] [WARN] [1774629603.075675903] [tf2_buffer]: Detected jump back in time. Clearing TF buffer.
[ekf_node-4] [WARN] [1774629603.077246521] [tf2_buffer]: Detected jump back in time. Clearing TF buffer.
[ekf_node-4] [WARN] [1774629603.082063421] [tf2_buffer]: Detected jump back in time. Clearing TF buffer.
[ekf_node-4] [WARN] [1774629603.083618907] [tf2_buffer]: Detected jump back in time. Clearing TF buffer.
[ekf_node-4] [WARN] [1774629603.085939721] [tf2_buffer]: Detected jump back in time. Clearing TF buffer.
[ekf_node-4] [WARN] [1774629603.089942286] [tf2_buffer]: Detected jump back in time. Clearing TF buffer.
[ekf_node-4] [WARN] [1774629603.093436187] [tf2_buffer]: Detected jump back in time. Clearing TF buffer.
[ekf_node-4] [WARN] [1774629603.095305818] [tf2_buffer]: Detected jump back in time. Clearing TF buffer.
[ekf_node-4] [WARN] [1774629603.098881437] [tf2_buffer]: Detected jump back in time. Clearing TF buffer.
[ekf_node-4] [WARN] [1774629603.116868579] [tf2_buffer]: Detected jump back in time. Clearing TF buffer.
[ekf_node-4] [WARN] [1774629603.118905370] [tf2_buffer]: Detected jump back in time. Clearing TF buffer.
[ekf_node-4] [WARN] [1774629603.120689013] [tf2_buffer]: Detected jump back in time. Clearing TF buffer.
[ekf_node-4] [WARN] [1774629603.253974140] [tf2_buffer]: Detected jump back in time. Clearing TF buffer.
[ekf_node-4] [WARN] [1774629603.583733830] [tf2_buffer]: Detected jump back in time. Clearing TF buffer.
[ekf_node-4] [WARN] [1774629603.591241963] [tf2_buffer]: Detected jump back in time. Clearing TF buffer.
[ekf_node-4] [WARN] [1774629604.316778999] [tf2_buffer]: Detected jump back in time. Clearing TF buffer.
[ekf_node-4] [WARN] [1774629604.320622065] [tf2_buffer]: Detected jump back in time. Clearing TF buffer.
[ekf_node-4] [WARN] [1774629604.324885093] [tf2_buffer]: Detected jump back in time. Clearing TF buffer.
[ekf_node-4] [WARN] [1774629604.331041540] [tf2_buffer]: Detected jump back in time. Clearing TF buffer.
[ekf_node-4] [WARN] [1774629604.335163361] [tf2_buffer]: Detected jump back in time. Clearing TF buffer.
[ekf_node-4] [WARN] [1774629604.338504395] [tf2_buffer]: Detected jump back in time. Clearing TF buffer.
[ekf_node-4] [WARN] [1774629604.347119645] [tf2_buffer]: Detected jump back in time. Clearing TF buffer.
[ekf_node-4] [WARN] [1774629604.351222390] [tf2_buffer]: Detected jump back in time. Clearing TF buffer.
[ekf_node-4] [WARN] [1774629604.356093366] [tf2_buffer]: Detected jump back in time. Clearing TF buffer.
[ekf_node-4] [WARN] [1774629604.358783914] [tf2_buffer]: Detected jump back in time. Clearing TF buffer.
[ekf_node-4] [WARN] [1774629604.362505017] [tf2_buffer]: Detected jump back in time. Clearing TF buffer.
[ekf_node-4] [WARN] [1774629604.366842200] [tf2_buffer]: Detected jump back in time. Clearing TF buffer.
[ekf_node-4] [WARN] [1774629604.370324769] [tf2_buffer]: Detected jump back in time. Clearing TF buffer.
[ekf_node-4] [WARN] [1774629604.374038158] [tf2_buffer]: Detected jump back in time. Clearing TF buffer.
[ekf_node-4] [WARN] [1774629604.378049446] [tf2_buffer]: Detected jump back in time. Clearing TF buffer.
[ekf_node-4] [WARN] [1774629604.385164088] [tf2_buffer]: Detected jump back in time. Clearing TF buffer.
[ekf_node-4] [WARN] [1774629604.388766067] [tf2_buffer]: Detected jump back in time. Clearing TF buffer.
[ekf_node-4] [WARN] [1774629604.396294191] [tf2_buffer]: Detected jump back in time. Clearing TF buffer.
[ekf_node-4] [WARN] [1774629604.400840013] [tf2_buffer]: Detected jump back in time. Clearing TF buffer.
[ekf_node-4] [WARN] [1774629604.405112551] [tf2_buffer]: Detected jump back in time. Clearing TF buffer.
[ekf_node-4] [WARN] [1774629604.408327271] [tf2_buffer]: Detected jump back in time. Clearing TF buffer.
[ekf_node-4] [WARN] [1774629604.413259401] [tf2_buffer]: Detected jump back in time. Clearing TF buffer.
[ekf_node-4] [WARN] [1774629604.417299222] [tf2_buffer]: Detected jump back in time. Clearing TF buffer.
[ekf_node-4] [WARN] [1774629604.426138346] [tf2_buffer]: Detected jump back in time. Clearing TF buffer.
[ekf_node-4] [WARN] [1774629604.430332237] [tf2_buffer]: Detected jump back in time. Clearing TF buffer.
[ekf_node-4] [WARN] [1774629604.434278003] [tf2_buffer]: Detected jump back in time. Clearing TF buffer.
[ekf_node-4] [WARN] [1774629604.438722320] [tf2_buffer]: Detected jump back in time. Clearing TF buffer.
[ekf_node-4] [WARN] [1774629604.442302339] [tf2_buffer]: Detected jump back in time. Clearing TF buffer.
[ekf_node-4] [WARN] [1774629604.450722970] [tf2_buffer]: Detected jump back in time. Clearing TF buffer.
[ekf_node-4] [WARN] [1774629604.457951739] [tf2_buffer]: Detected jump back in time. Clearing TF buffer.
[ekf_node-4] [WARN] [1774629604.463195431] [tf2_buffer]: Detected jump back in time. Clearing TF buffer.
[ekf_node-4] [WARN] [1774629604.467156701] [tf2_buffer]: Detected jump back in time. Clearing TF buffer.
[ekf_node-4] [WARN] [1774629604.470508834] [tf2_buffer]: Detected jump back in time. Clearing TF buffer.
[ekf_node-4] [WARN] [1774629604.475222025] [tf2_buffer]: Detected jump back in time. Clearing TF buffer.
[ekf_node-4] [WARN] [1774629604.479801258] [tf2_buffer]: Detected jump back in time. Clearing TF buffer.
[ekf_node-4] [WARN] [1774629604.482960773] [tf2_buffer]: Detected jump back in time. Clearing TF buffer.
[ekf_node-4] [WARN] [1774629604.487406093] [tf2_buffer]: Detected jump back in time. Clearing TF buffer.
[ekf_node-4] [WARN] [1774629604.491407960] [tf2_buffer]: Detected jump back in time. Clearing TF buffer.
[ekf_node-4] [WARN] [1774629604.495620320] [tf2_buffer]: Detected jump back in time. Clearing TF buffer.
[ekf_node-4] [WARN] [1774629604.500447015] [tf2_buffer]: Detected jump back in time. Clearing TF buffer.
[ekf_node-4] [WARN] [1774629604.502410491] [tf2_buffer]: Detected jump back in time. Clearing TF buffer.
[ekf_node-4] [WARN] [1774629604.507145553] [tf2_buffer]: Detected jump back in time. Clearing TF buffer.
[ekf_node-4] [WARN] [1774629604.515239873] [tf2_buffer]: Detected jump back in time. Clearing TF buffer.
[ekf_node-4] [WARN] [1774629604.521822022] [tf2_buffer]: Detected jump back in time. Clearing TF buffer.
[ekf_node-4] [WARN] [1774629604.527829682] [tf2_buffer]: Detected jump back in time. Clearing TF buffer.
[ekf_node-4] [WARN] [1774629604.531276721] [tf2_buffer]: Detected jump back in time. Clearing TF buffer.
[ekf_node-4] [WARN] [1774629604.533923390] [tf2_buffer]: Detected jump back in time. Clearing TF buffer.
[ekf_node-4] [WARN] [1774629604.537098285] [tf2_buffer]: Detected jump back in time. Clearing TF buffer.
[ekf_node-4] [WARN] [1774629604.540005597] [tf2_buffer]: Detected jump back in time. Clearing TF buffer.
[ekf_node-4] [WARN] [1774629604.547116462] [tf2_buffer]: Detected jump back in time. Clearing TF buffer.
[ekf_node-4] [WARN] [1774629604.552950836] [tf2_buffer]: Detected jump back in time. Clearing TF buffer.
[ekf_node-4] [WARN] [1774629604.555939512] [tf2_buffer]: Detected jump back in time. Clearing TF buffer.
[ekf_node-4] [WARN] [1774629604.559743417] [tf2_buffer]: Detected jump back in time. Clearing TF buffer.
[ekf_node-4] [WARN] [1774629604.563698405] [tf2_buffer]: Detected jump back in time. Clearing TF buffer.
[ekf_node-4] [WARN] [1774629604.566977398] [tf2_buffer]: Detected jump back in time. Clearing TF buffer.
[ekf_node-4] [WARN] [1774629604.570452313] [tf2_buffer]: Detected jump back in time. Clearing TF buffer.
[ekf_node-4] [WARN] [1774629604.576853285] [tf2_buffer]: Detected jump back in time. Clearing TF buffer.
[ekf_node-4] [WARN] [1774629604.587653013] [tf2_buffer]: Detected jump back in time. Clearing TF buffer.
[ekf_node-4] [WARN] [1774629604.591301331] [tf2_buffer]: Detected jump back in time. Clearing TF buffer.
[ekf_node-4] [WARN] [1774629604.594792642] [tf2_buffer]: Detected jump back in time. Clearing TF buffer.
[ekf_node-4] [WARN] [1774629604.598397825] [tf2_buffer]: Detected jump back in time. Clearing TF buffer.
[ekf_node-4] [WARN] [1774629604.600793770] [tf2_buffer]: Detected jump back in time. Clearing TF buffer.
[ekf_node-4] [WARN] [1774629604.602607392] [tf2_buffer]: Detected jump back in time. Clearing TF buffer.
[ekf_node-4] [WARN] [1774629604.604277309] [tf2_buffer]: Detected jump back in time. Clearing TF buffer.
[ekf_node-4] [WARN] [1774629604.620273469] [tf2_buffer]: Detected jump back in time. Clearing TF buffer.
[ekf_node-4] [WARN] [1774629604.622877271] [tf2_buffer]: Detected jump back in time. Clearing TF buffer.
[ekf_node-4] [WARN] [1774629604.629658746] [tf2_buffer]: Detected jump back in time. Clearing TF buffer.
[ekf_node-4] [WARN] [1774629604.636353301] [tf2_buffer]: Detected jump back in time. Clearing TF buffer.
[ekf_node-4] [WARN] [1774629604.647023468] [tf2_buffer]: Detected jump back in time. Clearing TF buffer.
[ekf_node-4] [WARN] [1774629604.651457865] [tf2_buffer]: Detected jump back in time. Clearing TF buffer.
[ekf_node-4] [WARN] [1774629604.653954833] [tf2_buffer]: Detected jump back in time. Clearing TF buffer.
[ekf_node-4] [WARN] [1774629604.656640298] [tf2_buffer]: Detected jump back in time. Clearing TF buffer.
[ekf_node-4] [WARN] [1774629604.660607145] [tf2_buffer]: Detected jump back in time. Clearing TF buffer.
[ekf_node-4] [WARN] [1774629604.662998098] [tf2_buffer]: Detected jump back in time. Clearing TF buffer.
[ekf_node-4] [WARN] [1774629604.665169003] [tf2_buffer]: Detected jump back in time. Clearing TF buffer.
[ekf_node-4] [WARN] [1774629604.669746994] [tf2_buffer]: Detected jump back in time. Clearing TF buffer.
[ekf_node-4] [WARN] [1774629604.671765750] [tf2_buffer]: Detected jump back in time. Clearing TF buffer.
[ekf_node-4] [WARN] [1774629604.677920860] [tf2_buffer]: Detected jump back in time. Clearing TF buffer.
[ekf_node-4] [WARN] [1774629604.680985094] [tf2_buffer]: Detected jump back in time. Clearing TF buffer.
[ekf_node-4] [WARN] [1774629604.682341920] [tf2_buffer]: Detected jump back in time. Clearing TF buffer.
[ekf_node-4] [WARN] [1774629604.684237451] [tf2_buffer]: Detected jump back in time. Clearing TF buffer.
[ekf_node-4] [WARN] [1774629604.685620246] [tf2_buffer]: Detected jump back in time. Clearing TF buffer.
[ekf_node-4] [WARN] [1774629604.686965493] [tf2_buffer]: Detected jump back in time. Clearing TF buffer.
[ekf_node-4] [WARN] [1774629604.694671707] [tf2_buffer]: Detected jump back in time. Clearing TF buffer.
[ekf_node-4] [WARN] [1774629604.697733147] [tf2_buffer]: Detected jump back in time. Clearing TF buffer.
[ekf_node-4] [WARN] [1774629604.700803588] [tf2_buffer]: Detected jump back in time. Clearing TF buffer.
[ekf_node-4] [WARN] [1774629604.703876335] [tf2_buffer]: Detected jump back in time. Clearing TF buffer.
[ekf_node-4] [WARN] [1774629604.706317259] [tf2_buffer]: Detected jump back in time. Clearing TF buffer.
[ekf_node-4] [WARN] [1774629604.708638704] [tf2_buffer]: Detected jump back in time. Clearing TF buffer.
[ekf_node-4] [WARN] [1774629604.732940874] [tf2_buffer]: Detected jump back in time. Clearing TF buffer.
[ekf_node-4] [WARN] [1774629604.796920150] [tf2_buffer]: Detected jump back in time. Clearing TF buffer.
[ekf_node-4] [WARN] [1774629604.830596873] [tf2_buffer]: Detected jump back in time. Clearing TF buffer.
[ekf_node-4] [WARN] [1774629604.835609327] [tf2_buffer]: Detected jump back in time. Clearing TF buffer.
[ekf_node-4] [WARN] [1774629604.841411697] [tf2_buffer]: Detected jump back in time. Clearing TF buffer.
[ekf_node-4] [WARN] [1774629604.848864909] [tf2_buffer]: Detected jump back in time. Clearing TF buffer.
[ekf_node-4] [WARN] [1774629604.855398356] [tf2_buffer]: Detected jump back in time. Clearing TF buffer.
[ekf_node-4] [WARN] [1774629604.861692282] [tf2_buffer]: Detected jump back in time. Clearing TF buffer.
[ekf_node-4] [WARN] [1774629604.866066991] [tf2_buffer]: Detected jump back in time. Clearing TF buffer.
[ekf_node-4] [WARN] [1774629604.878709535] [tf2_buffer]: Detected jump back in time. Clearing TF buffer.
[ekf_node-4] [WARN] [1774629604.884408689] [tf2_buffer]: Detected jump back in time. Clearing TF buffer.
[ekf_node-4] [WARN] [1774629604.896650182] [tf2_buffer]: Detected jump back in time. Clearing TF buffer.
[ekf_node-4] [WARN] [1774629604.904480209] [tf2_buffer]: Detected jump back in time. Clearing TF buffer.
[spawner-3] [INFO] [1774629604.909733873] [aramis.spawner_platform_velocity_controller]: [92mConfigured and activated [1mplatform_velocity_controller[0m
[ekf_node-4] [WARN] [1774629604.911735428] [tf2_buffer]: Detected jump back in time. Clearing TF buffer.
[ekf_node-4] [WARN] [1774629604.927360798] [tf2_buffer]: Detected jump back in time. Clearing TF buffer.
[ekf_node-4] [WARN] [1774629604.934399833] [tf2_buffer]: Detected jump back in time. Clearing TF buffer.
[ekf_node-4] [WARN] [1774629605.048835723] [tf2_buffer]: Detected jump back in time. Clearing TF buffer.
[ekf_node-4] [WARN] [1774629605.051037819] [tf2_buffer]: Detected jump back in time. Clearing TF buffer.
[ekf_node-4] [WARN] [1774629605.058753556] [tf2_buffer]: Detected jump back in time. Clearing TF buffer.
[ekf_node-4] [WARN] [1774629605.070521887] [tf2_buffer]: Detected jump back in time. Clearing TF buffer.
[ekf_node-4] [WARN] [1774629605.074346863] [tf2_buffer]: Detected jump back in time. Clearing TF buffer.
[ekf_node-4] [WARN] [1774629605.083737087] [tf2_buffer]: Detected jump back in time. Clearing TF buffer.
[ekf_node-4] [WARN] [1774629605.095217742] [tf2_buffer]: Detected jump back in time. Clearing TF buffer.
[ekf_node-4] [WARN] [1774629605.104439623] [tf2_buffer]: Detected jump back in time. Clearing TF buffer.
[ekf_node-4] [WARN] [1774629605.110900868] [tf2_buffer]: Detected jump back in time. Clearing TF buffer.
[ekf_node-4] [WARN] [1774629605.120446626] [tf2_buffer]: Detected jump back in time. Clearing TF buffer.
[ekf_node-4] [WARN] [1774629605.133353705] [tf2_buffer]: Detected jump back in time. Clearing TF buffer.
[ekf_node-4] [WARN] [1774629605.139508433] [tf2_buffer]: Detected jump back in time. Clearing TF buffer.
[ekf_node-4] [WARN] [1774629605.145386071] [tf2_buffer]: Detected jump back in time. Clearing TF buffer.
[ekf_node-4] [WARN] [1774629605.147804468] [tf2_buffer]: Detected jump back in time. Clearing TF buffer.
[ekf_node-4] [WARN] [1774629605.153745620] [tf2_buffer]: Detected jump back in time. Clearing TF buffer.
[ekf_node-4] [WARN] [1774629605.162136671] [tf2_buffer]: Detected jump back in time. Clearing TF buffer.
[ekf_node-4] [WARN] [1774629605.170342908] [tf2_buffer]: Detected jump back in time. Clearing TF buffer.
[ekf_node-4] [WARN] [1774629605.175633512] [tf2_buffer]: Detected jump back in time. Clearing TF buffer.
[ekf_node-4] [WARN] [1774629605.178715238] [tf2_buffer]: Detected jump back in time. Clearing TF buffer.
[ekf_node-4] [WARN] [1774629605.184529352] [tf2_buffer]: Detected jump back in time. Clearing TF buffer.
[ekf_node-4] [WARN] [1774629605.187704006] [tf2_buffer]: Detected jump back in time. Clearing TF buffer.
[ekf_node-4] [WARN] [1774629605.193615741] [tf2_buffer]: Detected jump back in time. Clearing TF buffer.
[ekf_node-4] [WARN] [1774629605.201403261] [tf2_buffer]: Detected jump back in time. Clearing TF buffer.
[ekf_node-4] [WARN] [1774629605.211588325] [tf2_buffer]: Detected jump back in time. Clearing TF buffer.
[ekf_node-4] [WARN] [1774629605.217326633] [tf2_buffer]: Detected jump back in time. Clearing TF buffer.
[ekf_node-4] [WARN] [1774629605.223506785] [tf2_buffer]: Detected jump back in time. Clearing TF buffer.
[ekf_node-4] [WARN] [1774629605.234379486] [tf2_buffer]: Detected jump back in time. Clearing TF buffer.
[ekf_node-4] [WARN] [1774629605.240807415] [tf2_buffer]: Detected jump back in time. Clearing TF buffer.
[ekf_node-4] [WARN] [1774629605.255854422] [tf2_buffer]: Detected jump back in time. Clearing TF buffer.
[ekf_node-4] [WARN] [1774629605.261766904] [tf2_buffer]: Detected jump back in time. Clearing TF buffer.
[ekf_node-4] [WARN] [1774629605.267738570] [tf2_buffer]: Detected jump back in time. Clearing TF buffer.
[ekf_node-4] [WARN] [1774629605.271708507] [tf2_buffer]: Detected jump back in time. Clearing TF buffer.
[ekf_node-4] [WARN] [1774629605.279227074] [tf2_buffer]: Detected jump back in time. Clearing TF buffer.
[ekf_node-4] [WARN] [1774629605.285440124] [tf2_buffer]: Detected jump back in time. Clearing TF buffer.
[ekf_node-4] [WARN] [1774629605.289879217] [tf2_buffer]: Detected jump back in time. Clearing TF buffer.
[ekf_node-4] [WARN] [1774629605.296428816] [tf2_buffer]: Detected jump back in time. Clearing TF buffer.
[ekf_node-4] [WARN] [1774629605.304275499] [tf2_buffer]: Detected jump back in time. Clearing TF buffer.
[ekf_node-4] [WARN] [1774629605.306628222] [tf2_buffer]: Detected jump back in time. Clearing TF buffer.
[ekf_node-4] [WARN] [1774629605.312231497] [tf2_buffer]: Detected jump back in time. Clearing TF buffer.
[ekf_node-4] [WARN] [1774629605.316667036] [tf2_buffer]: Detected jump back in time. Clearing TF buffer.
[ekf_node-4] [WARN] [1774629605.319235025] [tf2_buffer]: Detected jump back in time. Clearing TF buffer.
[ekf_node-4] [WARN] [1774629605.325618617] [tf2_buffer]: Detected jump back in time. Clearing TF buffer.
[ekf_node-4] [WARN] [1774629605.330848796] [tf2_buffer]: Detected jump back in time. Clearing TF buffer.
[ekf_node-4] [WARN] [1774629605.333756492] [tf2_buffer]: Detected jump back in time. Clearing TF buffer.
[ekf_node-4] [WARN] [1774629605.336991238] [tf2_buffer]: Detected jump back in time. Clearing TF buffer.
[ekf_node-4] [WARN] [1774629605.345776294] [tf2_buffer]: Detected jump back in time. Clearing TF buffer.
[ekf_node-4] [WARN] [1774629605.351862244] [tf2_buffer]: Detected jump back in time. Clearing TF buffer.
[ekf_node-4] [WARN] [1774629605.354809174] [tf2_buffer]: Detected jump back in time. Clearing TF buffer.
[ekf_node-4] [WARN] [1774629605.366568765] [tf2_buffer]: Detected jump back in time. Clearing TF buffer.
[ekf_node-4] [WARN] [1774629605.369345550] [tf2_buffer]: Detected jump back in time. Clearing TF buffer.
[ekf_node-4] [WARN] [1774629605.375808601] [tf2_buffer]: Detected jump back in time. Clearing TF buffer.
[ekf_node-4] [WARN] [1774629605.380811053] [tf2_buffer]: Detected jump back in time. Clearing TF buffer.
[ekf_node-4] [WARN] [1774629605.399773942] [tf2_buffer]: Detected jump back in time. Clearing TF buffer.
[ekf_node-4] [WARN] [1774629605.403173432] [tf2_buffer]: Detected jump back in time. Clearing TF buffer.
[ekf_node-4] [WARN] [1774629605.406425457] [tf2_buffer]: Detected jump back in time. Clearing TF buffer.
[ekf_node-4] [WARN] [1774629605.413489916] [tf2_buffer]: Detected jump back in time. Clearing TF buffer.
[ekf_node-4] [WARN] [1774629605.416182451] [tf2_buffer]: Detected jump back in time. Clearing TF buffer.
[ekf_node-4] [WARN] [1774629605.419117499] [tf2_buffer]: Detected jump back in time. Clearing TF buffer.
[ekf_node-4] [WARN] [1774629605.422131179] [tf2_buffer]: Detected jump back in time. Clearing TF buffer.
[ekf_node-4] [WARN] [1774629605.426060354] [tf2_buffer]: Detected jump back in time. Clearing TF buffer.
[ekf_node-4] [WARN] [1774629605.428949352] [tf2_buffer]: Detected jump back in time. Clearing TF buffer.
[ekf_node-4] [WARN] [1774629605.431379627] [tf2_buffer]: Detected jump back in time. Clearing TF buffer.
[ekf_node-4] [WARN] [1774629605.434069968] [tf2_buffer]: Detected jump back in time. Clearing TF buffer.
[ekf_node-4] [WARN] [1774629605.437224228] [tf2_buffer]: Detected jump back in time. Clearing TF buffer.
[ekf_node-4] [WARN] [1774629605.443895757] [tf2_buffer]: Detected jump back in time. Clearing TF buffer.
[ekf_node-4] [WARN] [1774629605.448485804] [tf2_buffer]: Detected jump back in time. Clearing TF buffer.
[ekf_node-4] [WARN] [1774629605.451721958] [tf2_buffer]: Detected jump back in time. Clearing TF buffer.
[ekf_node-4] [WARN] [1774629605.453811882] [tf2_buffer]: Detected jump back in time. Clearing TF buffer.
[ekf_node-4] [WARN] [1774629605.457490566] [tf2_buffer]: Detected jump back in time. Clearing TF buffer.
[ekf_node-4] [WARN] [1774629605.463589344] [tf2_buffer]: Detected jump back in time. Clearing TF buffer.
[ekf_node-4] [WARN] [1774629605.464946178] [tf2_buffer]: Detected jump back in time. Clearing TF buffer.
[ekf_node-4] [WARN] [1774629605.467286906] [tf2_buffer]: Detected jump back in time. Clearing TF buffer.
[ekf_node-4] [WARN] [1774629605.469295496] [tf2_buffer]: Detected jump back in time. Clearing TF buffer.
[ekf_node-4] [WARN] [1774629605.471063867] [tf2_buffer]: Detected jump back in time. Clearing TF buffer.
[ekf_node-4] [WARN] [1774629605.472390682] [tf2_buffer]: Detected jump back in time. Clearing TF buffer.
[ekf_node-4] [WARN] [1774629605.477789613] [tf2_buffer]: Detected jump back in time. Clearing TF buffer.
[ekf_node-4] [WARN] [1774629605.481413618] [tf2_buffer]: Detected jump back in time. Clearing TF buffer.
[ekf_node-4] [WARN] [1774629605.488105624] [tf2_buffer]: Detected jump back in time. Clearing TF buffer.
[ekf_node-4] [WARN] [1774629605.496702667] [tf2_buffer]: Detected jump back in time. Clearing TF buffer.
[ekf_node-4] [WARN] [1774629605.503838203] [tf2_buffer]: Detected jump back in time. Clearing TF buffer.
[ekf_node-4] [WARN] [1774629605.520908087] [tf2_buffer]: Detected jump back in time. Clearing TF buffer.
[ekf_node-4] [WARN] [1774629605.523332088] [tf2_buffer]: Detected jump back in time. Clearing TF buffer.
[ekf_node-4] [WARN] [1774629605.525254955] [tf2_buffer]: Detected jump back in time. Clearing TF buffer.
[ekf_node-4] [WARN] [1774629605.528765343] [tf2_buffer]: Detected jump back in time. Clearing TF buffer.
[ekf_node-4] [WARN] [1774629605.531455925] [tf2_buffer]: Detected jump back in time. Clearing TF buffer.
[ekf_node-4] [WARN] [1774629605.533336152] [tf2_buffer]: Detected jump back in time. Clearing TF buffer.
[ekf_node-4] [WARN] [1774629605.542674622] [tf2_buffer]: Detected jump back in time. Clearing TF buffer.
[ekf_node-4] [WARN] [1774629605.544991701] [tf2_buffer]: Detected jump back in time. Clearing TF buffer.
[ekf_node-4] [WARN] [1774629605.546804042] [tf2_buffer]: Detected jump back in time. Clearing TF buffer.
[ekf_node-4] [WARN] [1774629605.550063097] [tf2_buffer]: Detected jump back in time. Clearing TF buffer.
[ekf_node-4] [WARN] [1774629605.552488460] [tf2_buffer]: Detected jump back in time. Clearing TF buffer.
[ekf_node-4] [WARN] [1774629605.559054221] [tf2_buffer]: Detected jump back in time. Clearing TF buffer.
[ekf_node-4] [WARN] [1774629605.561389040] [tf2_buffer]: Detected jump back in time. Clearing TF buffer.
[ekf_node-4] [WARN] [1774629605.563431887] [tf2_buffer]: Detected jump back in time. Clearing TF buffer.
[ekf_node-4] [WARN] [1774629605.565339034] [tf2_buffer]: Detected jump back in time. Clearing TF buffer.
[ekf_node-4] [WARN] [1774629605.569332594] [tf2_buffer]: Detected jump back in time. Clearing TF buffer.
[ekf_node-4] [WARN] [1774629605.571561296] [tf2_buffer]: Detected jump back in time. Clearing TF buffer.
[ekf_node-4] [WARN] [1774629605.574397747] [tf2_buffer]: Detected jump back in time. Clearing TF buffer.
[ekf_node-4] [WARN] [1774629605.579408979] [tf2_buffer]: Detected jump back in time. Clearing TF buffer.
[ekf_node-4] [WARN] [1774629605.581810460] [tf2_buffer]: Detected jump back in time. Clearing TF buffer.
[ekf_node-4] [WARN] [1774629605.585810285] [tf2_buffer]: Detected jump back in time. Clearing TF buffer.
[ekf_node-4] [WARN] [1774629605.589281156] [tf2_buffer]: Detected jump back in time. Clearing TF buffer.
[ekf_node-4] [WARN] [1774629605.592391243] [tf2_buffer]: Detected jump back in time. Clearing TF buffer.
[ekf_node-4] [WARN] [1774629605.594440130] [tf2_buffer]: Detected jump back in time. Clearing TF buffer.
[INFO] [spawner-3]: process has finished cleanly [pid 13462]
[ekf_node-4] [WARN] [1774629605.601876938] [tf2_buffer]: Detected jump back in time. Clearing TF buffer.
[ekf_node-4] [WARN] [1774629605.606266408] [tf2_buffer]: Detected jump back in time. Clearing TF buffer.
[ekf_node-4] [WARN] [1774629605.608722855] [tf2_buffer]: Detected jump back in time. Clearing TF buffer.
[ekf_node-4] [WARN] [1774629605.611512599] [tf2_buffer]: Detected jump back in time. Clearing TF buffer.
[ekf_node-4] [WARN] [1774629605.615384850] [tf2_buffer]: Detected jump back in time. Clearing TF buffer.
[ekf_node-4] [WARN] [1774629605.620111583] [tf2_buffer]: Detected jump back in time. Clearing TF buffer.
[ekf_node-4] [WARN] [1774629605.622873094] [tf2_buffer]: Detected jump back in time. Clearing TF buffer.
[ekf_node-4] [WARN] [1774629605.625962973] [tf2_buffer]: Detected jump back in time. Clearing TF buffer.
[ekf_node-4] [WARN] [1774629605.628655258] [tf2_buffer]: Detected jump back in time. Clearing TF buffer.
[ekf_node-4] [WARN] [1774629605.630818369] [tf2_buffer]: Detected jump back in time. Clearing TF buffer.
[ekf_node-4] [WARN] [1774629605.633987311] [tf2_buffer]: Detected jump back in time. Clearing TF buffer.
[ekf_node-4] [WARN] [1774629605.637290543] [tf2_buffer]: Detected jump back in time. Clearing TF buffer.
[ekf_node-4] [WARN] [1774629605.640147724] [tf2_buffer]: Detected jump back in time. Clearing TF buffer.
[ekf_node-4] [WARN] [1774629605.643605707] [tf2_buffer]: Detected jump back in time. Clearing TF buffer.
[ekf_node-4] [WARN] [1774629605.646646674] [tf2_buffer]: Detected jump back in time. Clearing TF buffer.
[ekf_node-4] [WARN] [1774629605.649682452] [tf2_buffer]: Detected jump back in time. Clearing TF buffer.
[ekf_node-4] [WARN] [1774629605.651770212] [tf2_buffer]: Detected jump back in time. Clearing TF buffer.
[ekf_node-4] [WARN] [1774629605.653329186] [tf2_buffer]: Detected jump back in time. Clearing TF buffer.
[ekf_node-4] [WARN] [1774629605.656619864] [tf2_buffer]: Detected jump back in time. Clearing TF buffer.
[ekf_node-4] [WARN] [1774629605.658863010] [tf2_buffer]: Detected jump back in time. Clearing TF buffer.
[ekf_node-4] [WARN] [1774629605.661470596] [tf2_buffer]: Detected jump back in time. Clearing TF buffer.
[ekf_node-4] [WARN] [1774629605.662597084] [tf2_buffer]: Detected jump back in time. Clearing TF buffer.
[ekf_node-4] [WARN] [1774629605.664735530] [tf2_buffer]: Detected jump back in time. Clearing TF buffer.
[ekf_node-4] [WARN] [1774629605.666108434] [tf2_buffer]: Detected jump back in time. Clearing TF buffer.
[ekf_node-4] [WARN] [1774629605.672912621] [tf2_buffer]: Detected jump back in time. Clearing TF buffer.
[ekf_node-4] [WARN] [1774629605.674371509] [tf2_buffer]: Detected jump back in time. Clearing TF buffer.
[ekf_node-4] [WARN] [1774629605.676044672] [tf2_buffer]: Detected jump back in time. Clearing TF buffer.
[ekf_node-4] [WARN] [1774629605.678917578] [tf2_buffer]: Detected jump back in time. Clearing TF buffer.
[ekf_node-4] [WARN] [1774629605.681259948] [tf2_buffer]: Detected jump back in time. Clearing TF buffer.
[ekf_node-4] [WARN] [1774629605.685529906] [tf2_buffer]: Detected jump back in time. Clearing TF buffer.
[ekf_node-4] [WARN] [1774629605.690165703] [tf2_buffer]: Detected jump back in time. Clearing TF buffer.
[ekf_node-4] [WARN] [1774629605.692591476] [tf2_buffer]: Detected jump back in time. Clearing TF buffer.
[ekf_node-4] [WARN] [1774629605.695696987] [tf2_buffer]: Detected jump back in time. Clearing TF buffer.
[ekf_node-4] [WARN] [1774629605.699088675] [tf2_buffer]: Detected jump back in time. Clearing TF buffer.
[ekf_node-4] [WARN] [1774629605.701973000] [tf2_buffer]: Detected jump back in time. Clearing TF buffer.
[ekf_node-4] [WARN] [1774629605.704903351] [tf2_buffer]: Detected jump back in time. Clearing TF buffer.
[ekf_node-4] [WARN] [1774629605.706739614] [tf2_buffer]: Detected jump back in time. Clearing TF buffer.
[ekf_node-4] [WARN] [1774629605.709492778] [tf2_buffer]: Detected jump back in time. Clearing TF buffer.
[ekf_node-4] [WARN] [1774629605.713014967] [tf2_buffer]: Detected jump back in time. Clearing TF buffer.
[ekf_node-4] [WARN] [1774629605.715987727] [tf2_buffer]: Detected jump back in time. Clearing TF buffer.
[ekf_node-4] [WARN] [1774629605.718524120] [tf2_buffer]: Detected jump back in time. Clearing TF buffer.
[ekf_node-4] [WARN] [1774629605.721009242] [tf2_buffer]: Detected jump back in time. Clearing TF buffer.
[ekf_node-4] [WARN] [1774629605.725177499] [tf2_buffer]: Detected jump back in time. Clearing TF buffer.
[ekf_node-4] [WARN] [1774629605.728268081] [tf2_buffer]: Detected jump back in time. Clearing TF buffer.
[ekf_node-4] [WARN] [1774629605.731356210] [tf2_buffer]: Detected jump back in time. Clearing TF buffer.
[ekf_node-4] [WARN] [1774629605.734769166] [tf2_buffer]: Detected jump back in time. Clearing TF buffer.
[ekf_node-4] [WARN] [1774629605.739394665] [tf2_buffer]: Detected jump back in time. Clearing TF buffer.
[ekf_node-4] [WARN] [1774629605.741651603] [tf2_buffer]: Detected jump back in time. Clearing TF buffer.
[ekf_node-4] [WARN] [1774629605.744042882] [tf2_buffer]: Detected jump back in time. Clearing TF buffer.
[ekf_node-4] [WARN] [1774629605.747787485] [tf2_buffer]: Detected jump back in time. Clearing TF buffer.
[ekf_node-4] [WARN] [1774629605.751897006] [tf2_buffer]: Detected jump back in time. Clearing TF buffer.
[ekf_node-4] [WARN] [1774629605.753938067] [tf2_buffer]: Detected jump back in time. Clearing TF buffer.
[ekf_node-4] [WARN] [1774629605.755836571] [tf2_buffer]: Detected jump back in time. Clearing TF buffer.
[ekf_node-4] [WARN] [1774629605.763029113] [tf2_buffer]: Detected jump back in time. Clearing TF buffer.
[ekf_node-4] [WARN] [1774629605.765352232] [tf2_buffer]: Detected jump back in time. Clearing TF buffer.
[ekf_node-4] [WARN] [1774629605.767946466] [tf2_buffer]: Detected jump back in time. Clearing TF buffer.
[ekf_node-4] [WARN] [1774629605.771606102] [tf2_buffer]: Detected jump back in time. Clearing TF buffer.
[ekf_node-4] [WARN] [1774629605.773614609] [tf2_buffer]: Detected jump back in time. Clearing TF buffer.
[ekf_node-4] [WARN] [1774629605.775490267] [tf2_buffer]: Detected jump back in time. Clearing TF buffer.
[ekf_node-4] [WARN] [1774629605.781037668] [tf2_buffer]: Detected jump back in time. Clearing TF buffer.
[ekf_node-4] [WARN] [1774629605.782876981] [tf2_buffer]: Detected jump back in time. Clearing TF buffer.
[ekf_node-4] [WARN] [1774629605.785359681] [tf2_buffer]: Detected jump back in time. Clearing TF buffer.
[ekf_node-4] [WARN] [1774629605.789412748] [tf2_buffer]: Detected jump back in time. Clearing TF buffer.
[ekf_node-4] [WARN] [1774629605.794050031] [tf2_buffer]: Detected jump back in time. Clearing TF buffer.
[ekf_node-4] [WARN] [1774629605.796412141] [tf2_buffer]: Detected jump back in time. Clearing TF buffer.
[ekf_node-4] [WARN] [1774629605.798750928] [tf2_buffer]: Detected jump back in time. Clearing TF buffer.
[ekf_node-4] [WARN] [1774629605.802792639] [tf2_buffer]: Detected jump back in time. Clearing TF buffer.
[ekf_node-4] [WARN] [1774629605.805196312] [tf2_buffer]: Detected jump back in time. Clearing TF buffer.
[ekf_node-4] [WARN] [1774629605.807989427] [tf2_buffer]: Detected jump back in time. Clearing TF buffer.
[ekf_node-4] [WARN] [1774629605.811962798] [tf2_buffer]: Detected jump back in time. Clearing TF buffer.
[ekf_node-4] [WARN] [1774629605.815108713] [tf2_buffer]: Detected jump back in time. Clearing TF buffer.
[ekf_node-4] [WARN] [1774629605.818057192] [tf2_buffer]: Detected jump back in time. Clearing TF buffer.
[ekf_node-4] [WARN] [1774629605.825264899] [tf2_buffer]: Detected jump back in time. Clearing TF buffer.
[ekf_node-4] [WARN] [1774629605.829947139] [tf2_buffer]: Detected jump back in time. Clearing TF buffer.
[ekf_node-4] [WARN] [1774629605.832398988] [tf2_buffer]: Detected jump back in time. Clearing TF buffer.
[ekf_node-4] [WARN] [1774629605.835025001] [tf2_buffer]: Detected jump back in time. Clearing TF buffer.
[ekf_node-4] [WARN] [1774629605.837911818] [tf2_buffer]: Detected jump back in time. Clearing TF buffer.
[ekf_node-4] [WARN] [1774629605.840016095] [tf2_buffer]: Detected jump back in time. Clearing TF buffer.
[ekf_node-4] [WARN] [1774629605.842500998] [tf2_buffer]: Detected jump back in time. Clearing TF buffer.
[ekf_node-4] [WARN] [1774629605.844734431] [tf2_buffer]: Detected jump back in time. Clearing TF buffer.
[ekf_node-4] [WARN] [1774629605.849739259] [tf2_buffer]: Detected jump back in time. Clearing TF buffer.
[ekf_node-4] [WARN] [1774629605.855712812] [tf2_buffer]: Detected jump back in time. Clearing TF buffer.
[ekf_node-4] [WARN] [1774629605.857677890] [tf2_buffer]: Detected jump back in time. Clearing TF buffer.
[ekf_node-4] [WARN] [1774629605.859857657] [tf2_buffer]: Detected jump back in time. Clearing TF buffer.
[ekf_node-4] [WARN] [1774629605.861664322] [tf2_buffer]: Detected jump back in time. Clearing TF buffer.
[ekf_node-4] [WARN] [1774629605.863496095] [tf2_buffer]: Detected jump back in time. Clearing TF buffer.
[ekf_node-4] [WARN] [1774629605.868645080] [tf2_buffer]: Detected jump back in time. Clearing TF buffer.
[ekf_node-4] [WARN] [1774629605.871676942] [tf2_buffer]: Detected jump back in time. Clearing TF buffer.
[ekf_node-4] [WARN] [1774629605.886695356] [tf2_buffer]: Detected jump back in time. Clearing TF buffer.
[ekf_node-4] [WARN] [1774629605.890234928] [tf2_buffer]: Detected jump back in time. Clearing TF buffer.
[ekf_node-4] [WARN] [1774629605.893272252] [tf2_buffer]: Detected jump back in time. Clearing TF buffer.
[ekf_node-4] [WARN] [1774629605.895311516] [tf2_buffer]: Detected jump back in time. Clearing TF buffer.
[ekf_node-4] [WARN] [1774629605.898757837] [tf2_buffer]: Detected jump back in time. Clearing TF buffer.
[ekf_node-4] [WARN] [1774629605.905101485] [tf2_buffer]: Detected jump back in time. Clearing TF buffer.
[ekf_node-4] [WARN] [1774629605.906167671] [tf2_buffer]: Detected jump back in time. Clearing TF buffer.
[ekf_node-4] [WARN] [1774629605.908173019] [tf2_buffer]: Detected jump back in time. Clearing TF buffer.
[ekf_node-4] [WARN] [1774629605.908852871] [tf2_buffer]: Detected jump back in time. Clearing TF buffer.
[ekf_node-4] [WARN] [1774629605.910379621] [tf2_buffer]: Detected jump back in time. Clearing TF buffer.
[ekf_node-4] [WARN] [1774629605.913895474] [tf2_buffer]: Detected jump back in time. Clearing TF buffer.
[ekf_node-4] [WARN] [1774629605.915650421] [tf2_buffer]: Detected jump back in time. Clearing TF buffer.
[ekf_node-4] [WARN] [1774629605.920275779] [tf2_buffer]: Detected jump back in time. Clearing TF buffer.
[ekf_node-4] [WARN] [1774629605.922061724] [tf2_buffer]: Detected jump back in time. Clearing TF buffer.
[ekf_node-4] [WARN] [1774629605.924481868] [tf2_buffer]: Detected jump back in time. Clearing TF buffer.
[ekf_node-4] [WARN] [1774629605.926226056] [tf2_buffer]: Detected jump back in time. Clearing TF buffer.
[ekf_node-4] [WARN] [1774629605.932858985] [tf2_buffer]: Detected jump back in time. Clearing TF buffer.
[ekf_node-4] [WARN] [1774629605.935300528] [tf2_buffer]: Detected jump back in time. Clearing TF buffer.
[ekf_node-4] [WARN] [1774629605.937895048] [tf2_buffer]: Detected jump back in time. Clearing TF buffer.
[ekf_node-4] [WARN] [1774629605.941335823] [tf2_buffer]: Detected jump back in time. Clearing TF buffer.
[ekf_node-4] [WARN] [1774629605.944111128] [tf2_buffer]: Detected jump back in time. Clearing TF buffer.
[ekf_node-4] [WARN] [1774629605.947905553] [tf2_buffer]: Detected jump back in time. Clearing TF buffer.
[ekf_node-4] [WARN] [1774629605.949905665] [tf2_buffer]: Detected jump back in time. Clearing TF buffer.
[ekf_node-4] [WARN] [1774629605.952329639] [tf2_buffer]: Detected jump back in time. Clearing TF buffer.
[ekf_node-4] [WARN] [1774629605.954509335] [tf2_buffer]: Detected jump back in time. Clearing TF buffer.
[ekf_node-4] [WARN] [1774629605.957411801] [tf2_buffer]: Detected jump back in time. Clearing TF buffer.
[ekf_node-4] [WARN] [1774629605.961375518] [tf2_buffer]: Detected jump back in time. Clearing TF buffer.
[ekf_node-4] [WARN] [1774629605.965280994] [tf2_buffer]: Detected jump back in time. Clearing TF buffer.
[ekf_node-4] [WARN] [1774629605.968878930] [tf2_buffer]: Detected jump back in time. Clearing TF buffer.
[ekf_node-4] [WARN] [1774629605.971336718] [tf2_buffer]: Detected jump back in time. Clearing TF buffer.
[ekf_node-4] [WARN] [1774629605.976865837] [tf2_buffer]: Detected jump back in time. Clearing TF buffer.
[ekf_node-4] [WARN] [1774629605.979199953] [tf2_buffer]: Detected jump back in time. Clearing TF buffer.
[ekf_node-4] [WARN] [1774629605.983018636] [tf2_buffer]: Detected jump back in time. Clearing TF buffer.
[ekf_node-4] [WARN] [1774629605.984797919] [tf2_buffer]: Detected jump back in time. Clearing TF buffer.
[ekf_node-4] [WARN] [1774629605.987692251] [tf2_buffer]: Detected jump back in time. Clearing TF buffer.
[ekf_node-4] [WARN] [1774629605.993328911] [tf2_buffer]: Detected jump back in time. Clearing TF buffer.
[ekf_node-4] [WARN] [1774629605.993996796] [tf2_buffer]: Detected jump back in time. Clearing TF buffer.
[ekf_node-4] [WARN] [1774629605.998181485] [tf2_buffer]: Detected jump back in time. Clearing TF buffer.
[ekf_node-4] [WARN] [1774629605.999428923] [tf2_buffer]: Detected jump back in time. Clearing TF buffer.
[ekf_node-4] [WARN] [1774629606.004349298] [tf2_buffer]: Detected jump back in time. Clearing TF buffer.
[ekf_node-4] [WARN] [1774629606.006446896] [tf2_buffer]: Detected jump back in time. Clearing TF buffer.
[ekf_node-4] [WARN] [1774629606.008249693] [tf2_buffer]: Detected jump back in time. Clearing TF buffer.
[ekf_node-4] [WARN] [1774629606.010834948] [tf2_buffer]: Detected jump back in time. Clearing TF buffer.
[ekf_node-4] [WARN] [1774629606.012179229] [tf2_buffer]: Detected jump back in time. Clearing TF buffer.
[ekf_node-4] [WARN] [1774629606.015974208] [tf2_buffer]: Detected jump back in time. Clearing TF buffer.
[ekf_node-4] [WARN] [1774629606.017431536] [tf2_buffer]: Detected jump back in time. Clearing TF buffer.
[ekf_node-4] [WARN] [1774629606.018721580] [tf2_buffer]: Detected jump back in time. Clearing TF buffer.
[ekf_node-4] [WARN] [1774629606.020518196] [tf2_buffer]: Detected jump back in time. Clearing TF buffer.
[ekf_node-4] [WARN] [1774629606.033371120] [tf2_buffer]: Detected jump back in time. Clearing TF buffer.
[ekf_node-4] [WARN] [1774629606.034647773] [tf2_buffer]: Detected jump back in time. Clearing TF buffer.
[ekf_node-4] [WARN] [1774629606.036083774] [tf2_buffer]: Detected jump back in time. Clearing TF buffer.
[ekf_node-4] [WARN] [1774629606.060888288] [tf2_buffer]: Detected jump back in time. Clearing TF buffer.
[ekf_node-4] [WARN] [1774629606.063670449] [tf2_buffer]: Detected jump back in time. Clearing TF buffer.
[ekf_node-4] [WARN] [1774629606.066732472] [tf2_buffer]: Detected jump back in time. Clearing TF buffer.
[ekf_node-4] [WARN] [1774629606.085179380] [tf2_buffer]: Detected jump back in time. Clearing TF buffer.
[ekf_node-4] [WARN] [1774629606.096663605] [tf2_buffer]: Detected jump back in time. Clearing TF buffer.
[ekf_node-4] [WARN] [1774629606.104990485] [tf2_buffer]: Detected jump back in time. Clearing TF buffer.
[ekf_node-4] [WARN] [1774629606.117086327] [tf2_buffer]: Detected jump back in time. Clearing TF buffer.
[ekf_node-4] [WARN] [1774629606.121921416] [tf2_buffer]: Detected jump back in time. Clearing TF buffer.
[ekf_node-4] [WARN] [1774629606.130499511] [tf2_buffer]: Detected jump back in time. Clearing TF buffer.
[ekf_node-4] [WARN] [1774629606.135413543] [tf2_buffer]: Detected jump back in time. Clearing TF buffer.
[ekf_node-4] [WARN] [1774629606.143327782] [tf2_buffer]: Detected jump back in time. Clearing TF buffer.
[ekf_node-4] [WARN] [1774629606.149775238] [tf2_buffer]: Detected jump back in time. Clearing TF buffer.
[ekf_node-4] [WARN] [1774629606.152883940] [tf2_buffer]: Detected jump back in time. Clearing TF buffer.
[ekf_node-4] [WARN] [1774629606.158418089] [tf2_buffer]: Detected jump back in time. Clearing TF buffer.
[ekf_node-4] [WARN] [1774629606.162107313] [tf2_buffer]: Detected jump back in time. Clearing TF buffer.
[ekf_node-4] [WARN] [1774629606.181354932] [tf2_buffer]: Detected jump back in time. Clearing TF buffer.
[ekf_node-4] [WARN] [1774629606.185025041] [tf2_buffer]: Detected jump back in time. Clearing TF buffer.
[ekf_node-4] [WARN] [1774629606.189164431] [tf2_buffer]: Detected jump back in time. Clearing TF buffer.
[ekf_node-4] [WARN] [1774629606.194184189] [tf2_buffer]: Detected jump back in time. Clearing TF buffer.
[ekf_node-4] [WARN] [1774629606.198045606] [tf2_buffer]: Detected jump back in time. Clearing TF buffer.
[ekf_node-4] [WARN] [1774629606.202930120] [tf2_buffer]: Detected jump back in time. Clearing TF buffer.
[ekf_node-4] [WARN] [1774629606.206414723] [tf2_buffer]: Detected jump back in time. Clearing TF buffer.
[ekf_node-4] [WARN] [1774629606.212578336] [tf2_buffer]: Detected jump back in time. Clearing TF buffer.
[ekf_node-4] [WARN] [1774629606.216657224] [tf2_buffer]: Detected jump back in time. Clearing TF buffer.
[ekf_node-4] [WARN] [1774629606.226613096] [tf2_buffer]: Detected jump back in time. Clearing TF buffer.
[ekf_node-4] [WARN] [1774629606.229686590] [tf2_buffer]: Detected jump back in time. Clearing TF buffer.
[ekf_node-4] [WARN] [1774629606.232387149] [tf2_buffer]: Detected jump back in time. Clearing TF buffer.
[ekf_node-4] [WARN] [1774629606.236662922] [tf2_buffer]: Detected jump back in time. Clearing TF buffer.
[ekf_node-4] [WARN] [1774629606.241123490] [tf2_buffer]: Detected jump back in time. Clearing TF buffer.
[ekf_node-4] [WARN] [1774629606.245510616] [tf2_buffer]: Detected jump back in time. Clearing TF buffer.
[ekf_node-4] [WARN] [1774629606.248990870] [tf2_buffer]: Detected jump back in time. Clearing TF buffer.
[ekf_node-4] [WARN] [1774629606.251507803] [tf2_buffer]: Detected jump back in time. Clearing TF buffer.
[ekf_node-4] [WARN] [1774629606.257762855] [tf2_buffer]: Detected jump back in time. Clearing TF buffer.
[ekf_node-4] [WARN] [1774629607.265758623] [tf2_buffer]: Detected jump back in time. Clearing TF buffer.
[ekf_node-4] [WARN] [1774629607.268642568] [tf2_buffer]: Detected jump back in time. Clearing TF buffer.
[ekf_node-4] [WARN] [1774629607.306731602] [tf2_buffer]: Detected jump back in time. Clearing TF buffer.
[ekf_node-4] [WARN] [1774629607.312523146] [tf2_buffer]: Detected jump back in time. Clearing TF buffer.
