[INFO] [launch]: All log files can be found below /home/ubuntu/.ros/log/2026-03-27-16-29-10-038989-blender-Virtual-Machine-8148
[INFO] [launch]: Default logging verbosity is set to INFO
[INFO] [robot_state_publisher-1]: process started with pid [8152]
[INFO] [spawner-2]: process started with pid [8154]
[INFO] [spawner-3]: process started with pid [8156]
[INFO] [ekf_node-4]: process started with pid [8158]
[INFO] [marker_server-5]: process started with pid [8160]
[INFO] [twist_mux-6]: process started with pid [8162]
[INFO] [joy_linux_node-7]: process started with pid [8164]
[INFO] [teleop_node-8]: process started with pid [8166]
[INFO] [parameter_bridge-9]: process started with pid [8168]
[INFO] [parameter_bridge-10]: process started with pid [8170]
[INFO] [parameter_bridge-11]: process started with pid [8172]
[INFO] [imu_filter_madgwick_node-12]: process started with pid [8174]
[INFO] [parameter_bridge-13]: process started with pid [8176]
[INFO] [static_transform_publisher-14]: process started with pid [8178]
[INFO] [create-15]: process started with pid [8182]
[INFO] [tf_prefix_relay-16]: process started with pid [8184]
[INFO] [velodyne_relay-17]: process started with pid [8186]
[imu_filter_madgwick_node-12] [INFO] [1774628950.789195274] [aramis.imu_filter_node]: Starting ImuFilter
[imu_filter_madgwick_node-12] [INFO] [1774628950.789749182] [aramis.imu_filter_node]: Using dt computed from message headers
[imu_filter_madgwick_node-12] [INFO] [1774628950.789794243] [aramis.imu_filter_node]: The gravity vector is kept in the IMU message.
[imu_filter_madgwick_node-12] [INFO] [1774628950.789914509] [aramis.imu_filter_node]: Imu filter gain set to 0.100000
[imu_filter_madgwick_node-12] [INFO] [1774628950.789936836] [aramis.imu_filter_node]: Gyro drift bias set to 0.000000
[imu_filter_madgwick_node-12] [INFO] [1774628950.789949636] [aramis.imu_filter_node]: Magnetometer bias values: 0.000000 0.000000 0.000000
[robot_state_publisher-1] [INFO] [1774628950.821161370] [aramis.robot_state_publisher]: got segment base_link
[robot_state_publisher-1] [INFO] [1774628950.821352419] [aramis.robot_state_publisher]: got segment chassis_link
[robot_state_publisher-1] [INFO] [1774628950.821360631] [aramis.robot_state_publisher]: got segment default_mount
[robot_state_publisher-1] [INFO] [1774628950.821363810] [aramis.robot_state_publisher]: got segment diff_link
[robot_state_publisher-1] [INFO] [1774628950.821366553] [aramis.robot_state_publisher]: got segment disk_0_link
[robot_state_publisher-1] [INFO] [1774628950.821369446] [aramis.robot_state_publisher]: got segment disk_0_mount
[robot_state_publisher-1] [INFO] [1774628950.821372166] [aramis.robot_state_publisher]: got segment front_left_wheel_link
[robot_state_publisher-1] [INFO] [1774628950.821374851] [aramis.robot_state_publisher]: got segment front_right_wheel_link
[robot_state_publisher-1] [INFO] [1774628950.821377487] [aramis.robot_state_publisher]: got segment imu_0_link
[robot_state_publisher-1] [INFO] [1774628950.821380600] [aramis.robot_state_publisher]: got segment left_diff_unit_headlight_link
[robot_state_publisher-1] [INFO] [1774628950.821382820] [aramis.robot_state_publisher]: got segment left_diff_unit_link
[robot_state_publisher-1] [INFO] [1774628950.821385055] [aramis.robot_state_publisher]: got segment left_diff_unit_taillight_link
[robot_state_publisher-1] [INFO] [1774628950.821387315] [aramis.robot_state_publisher]: got segment lidar3d_0_laser
[robot_state_publisher-1] [INFO] [1774628950.821389564] [aramis.robot_state_publisher]: got segment lidar3d_0_link
[robot_state_publisher-1] [INFO] [1774628950.821391855] [aramis.robot_state_publisher]: got segment post_0_link
[robot_state_publisher-1] [INFO] [1774628950.821394031] [aramis.robot_state_publisher]: got segment post_0_mount
[robot_state_publisher-1] [INFO] [1774628950.821396151] [aramis.robot_state_publisher]: got segment rear_left_wheel_link
[robot_state_publisher-1] [INFO] [1774628950.821398455] [aramis.robot_state_publisher]: got segment rear_right_wheel_link
[robot_state_publisher-1] [INFO] [1774628950.821400587] [aramis.robot_state_publisher]: got segment right_diff_unit_headlight_link
[robot_state_publisher-1] [INFO] [1774628950.821402726] [aramis.robot_state_publisher]: got segment right_diff_unit_link
[robot_state_publisher-1] [INFO] [1774628950.821404808] [aramis.robot_state_publisher]: got segment right_diff_unit_taillight_link
[robot_state_publisher-1] [INFO] [1774628950.821406926] [aramis.robot_state_publisher]: got segment structure_link
[robot_state_publisher-1] [INFO] [1774628950.821409197] [aramis.robot_state_publisher]: got segment top_tower_link
[robot_state_publisher-1] [INFO] [1774628950.821411339] [aramis.robot_state_publisher]: got segment tower_link
[twist_mux-6] [INFO] [1774628950.822324657] [aramis.twist_mux]: Topic handler 'topics.external' subscribed to topic 'cmd_vel': timeout = 0.500000s , priority = 1.
[twist_mux-6] [INFO] [1774628950.827836441] [aramis.twist_mux]: Topic handler 'topics.interactive_marker' subscribed to topic 'twist_marker_server/cmd_vel': timeout = 0.500000s , priority = 8.
[teleop_node-8] [INFO] [1774628950.828214932] [TeleopTwistJoy]: Teleop enable button 5.
[teleop_node-8] [INFO] [1774628950.828291557] [TeleopTwistJoy]: Linear axis x on 5 at scale 0.500000.
[teleop_node-8] [INFO] [1774628950.828307610] [TeleopTwistJoy]: Angular axis yaw on 2 at scale 0.500000.
[marker_server-5] [INFO] [1774628950.829589732] [aramis.twist_server_node]: [interactive_marker_twist_server] Initialized.
[twist_mux-6] [INFO] [1774628950.829856686] [aramis.twist_mux]: Topic handler 'topics.joy' subscribed to topic 'joy_teleop/cmd_vel': timeout = 0.500000s , priority = 10.
[twist_mux-6] [INFO] [1774628950.835563227] [aramis.twist_mux]: Topic handler 'topics.rc' subscribed to topic 'rc_teleop/cmd_vel': timeout = 0.500000s , priority = 12.
[twist_mux-6] [INFO] [1774628950.836232495] [aramis.twist_mux]: Topic handler 'locks.e_stop' subscribed to topic 'platform/emergency_stop': timeout = None , priority = 255.
[static_transform_publisher-14] [INFO] [1774628950.841742007] [aramis.lidar3d_0_static_tf]: Spinning until stopped - publishing transform
[static_transform_publisher-14] translation: ('0.000000', '0.000000', '0.000000')
[static_transform_publisher-14] rotation: ('0.000000', '0.000000', '0.000000', '1.000000')
[static_transform_publisher-14] from 'lidar3d_0_link' to 'aramis/robot/base_link/lidar3d_0'
[joy_linux_node-7] [WARN] [1774628950.871648817] [aramis.joy_node]: Couldn't open joystick force feedback: Bad file descriptor
[joy_linux_node-7] [INFO] [1774628950.871826750] [aramis.joy_node]: Opened joystick: /dev/input/js0. deadzone_: 0.050000.
[parameter_bridge-9] [INFO] [1774628950.879073111] [aramis.cmd_vel_bridge]: Creating GZ->ROS Bridge: [aramis/cmd_vel (ignition.msgs.Twist) -> aramis/cmd_vel (geometry_msgs/msg/Twist)] (Lazy 0)
[create-15] [INFO] [1774628950.880606482] [aramis.ros_gz_sim]: Requesting list of world names.
[parameter_bridge-10] [INFO] [1774628950.892288620] [aramis.odom_base_tf_bridge]: Creating GZ->ROS Bridge: [/model/aramis/robot/tf (ignition.msgs.Pose_V) -> /model/aramis/robot/tf (tf2_msgs/msg/TFMessage)] (Lazy 0)
[parameter_bridge-9] [INFO] [1774628950.984660969] [aramis.cmd_vel_bridge]: Creating ROS->GZ Bridge: [/model/aramis/robot/cmd_vel (geometry_msgs/msg/Twist) -> /model/aramis/robot/cmd_vel (ignition.msgs.Twist)] (Lazy 0)
[create-15] [INFO] [1774628951.214204826] [aramis.ros_gz_sim]: Waiting messages on topic [robot_description].
[create-15] [INFO] [1774628951.410894525] [aramis.ros_gz_sim]: Requested creation of entity.
[create-15] [INFO] [1774628951.410973222] [aramis.ros_gz_sim]: OK creation of entity.
[spawner-3] [INFO] [1774628951.419305875] [aramis.spawner_platform_velocity_controller]: waiting for service /aramis/controller_manager/list_controllers to become available...
[velodyne_relay-17] [INFO] [1774628951.419471828] [velodyne_relay]: Velodyne relay started for robot='aramis' (/aramis/sensors/lidar3d_0/points -> /aramis/velodyne_points, frame=aramis/velodyne)
[spawner-2] [INFO] [1774628951.427018547] [aramis.spawner_joint_state_broadcaster]: waiting for service /aramis/controller_manager/list_controllers to become available...
[tf_prefix_relay-16] [INFO] [1774628951.497980563] [tf_prefix_relay]: TF prefix relay started with robot_prefix='aramis', subscribing to '/aramis/tf' and '/aramis/tf_static', publishing to '/tf' and '/tf_static'
[parameter_bridge-9] [INFO] [1774628951.656599195] [aramis.cmd_vel_bridge]: Passing message from ROS geometry_msgs/msg/Twist to Gazebo gz.msgs.Twist (showing msg only once per type)
[INFO] [create-15]: process has finished cleanly [pid 8182]
[imu_filter_madgwick_node-12] [WARN] [1774628951.814044078] [aramis.imu_filter_node]: The IMU seems to be in free fall, cannot determine gravity direction!
[imu_filter_madgwick_node-12] [WARN] [1774628951.826436071] [aramis.imu_filter_node]: The IMU seems to be in free fall, cannot determine gravity direction!
[parameter_bridge-13] [INFO] [1774628951.872352390] [aramis.sensors.lidar3d_0_gz_bridge]: Creating GZ->ROS Bridge: [/aramis/sensors/lidar3d_0/scan (gz.msgs.LaserScan) -> lidar3d_0/scan (sensor_msgs/msg/LaserScan)] (Lazy 0)
[parameter_bridge-13] [INFO] [1774628951.879949995] [aramis.sensors.lidar3d_0_gz_bridge]: Creating GZ->ROS Bridge: [/aramis/sensors/lidar3d_0/scan/points (gz.msgs.PointCloudPacked) -> lidar3d_0/points (sensor_msgs/msg/PointCloud2)] (Lazy 0)
[parameter_bridge-11] [INFO] [1774628951.905328026] [aramis.imu_0_gz_bridge]: Creating GZ->ROS Bridge: [/aramis/sensors/imu_0/data (gz.msgs.IMU) -> sensors/imu_0/data (sensor_msgs/msg/Imu)] (Lazy 0)
[parameter_bridge-11] [INFO] [1774628951.912749763] [aramis.imu_0_gz_bridge]: Creating GZ->ROS Bridge: [/aramis/sensors/imu_0/data_raw (gz.msgs.IMU) -> sensors/imu_0/data_raw (sensor_msgs/msg/Imu)] (Lazy 0)
[imu_filter_madgwick_node-12] [WARN] [1774628952.302482589] [aramis.imu_filter_node]: The IMU seems to be in free fall, cannot determine gravity direction!
[velodyne_relay-17] [INFO] [1774628952.405626575] [velodyne_relay]: Published static TF: aramis/base_link -> aramis/velodyne (copied from aramis/base_link -> aramis/lidar3d_0_laser)
[imu_filter_madgwick_node-12] [WARN] [1774628955.226758773] [aramis.imu_filter_node]: The IMU seems to be in free fall, cannot determine gravity direction!
[imu_filter_madgwick_node-12] [WARN] [1774628955.264089584] [aramis.imu_filter_node]: The IMU seems to be in free fall, cannot determine gravity direction!
[imu_filter_madgwick_node-12] [WARN] [1774628955.301092590] [aramis.imu_filter_node]: The IMU seems to be in free fall, cannot determine gravity direction!
[imu_filter_madgwick_node-12] [WARN] [1774628955.339046208] [aramis.imu_filter_node]: The IMU seems to be in free fall, cannot determine gravity direction!
[imu_filter_madgwick_node-12] [WARN] [1774628955.378796966] [aramis.imu_filter_node]: The IMU seems to be in free fall, cannot determine gravity direction!
[imu_filter_madgwick_node-12] [WARN] [1774628955.416087621] [aramis.imu_filter_node]: The IMU seems to be in free fall, cannot determine gravity direction!
[spawner-3] [INFO] [1774628955.419648562] [aramis.spawner_platform_velocity_controller]: [94mLoaded [1mplatform_velocity_controller[0m
[imu_filter_madgwick_node-12] [WARN] [1774628955.462095347] [aramis.imu_filter_node]: The IMU seems to be in free fall, cannot determine gravity direction!
[imu_filter_madgwick_node-12] [WARN] [1774628955.503600474] [aramis.imu_filter_node]: The IMU seems to be in free fall, cannot determine gravity direction!
[imu_filter_madgwick_node-12] [WARN] [1774628955.545735666] [aramis.imu_filter_node]: The IMU seems to be in free fall, cannot determine gravity direction!
[imu_filter_madgwick_node-12] [WARN] [1774628955.593613700] [aramis.imu_filter_node]: The IMU seems to be in free fall, cannot determine gravity direction!
[imu_filter_madgwick_node-12] [WARN] [1774628955.642788179] [aramis.imu_filter_node]: The IMU seems to be in free fall, cannot determine gravity direction!
[imu_filter_madgwick_node-12] [WARN] [1774628955.686819248] [aramis.imu_filter_node]: The IMU seems to be in free fall, cannot determine gravity direction!
[imu_filter_madgwick_node-12] [WARN] [1774628955.739893776] [aramis.imu_filter_node]: The IMU seems to be in free fall, cannot determine gravity direction!
[imu_filter_madgwick_node-12] [WARN] [1774628955.770818267] [aramis.imu_filter_node]: The IMU seems to be in free fall, cannot determine gravity direction!
[imu_filter_madgwick_node-12] [INFO] [1774628955.809911282] [aramis.imu_filter_node]: First IMU message received.
[spawner-2] [INFO] [1774628956.050255662] [aramis.spawner_joint_state_broadcaster]: [94mLoaded [1mjoint_state_broadcaster[0m
[spawner-3] [INFO] [1774628957.275792508] [aramis.spawner_platform_velocity_controller]: [92mConfigured and activated [1mplatform_velocity_controller[0m
[INFO] [spawner-3]: process has finished cleanly [pid 8156]
[spawner-2] [INFO] [1774628958.203656448] [aramis.spawner_joint_state_broadcaster]: [92mConfigured and activated [1mjoint_state_broadcaster[0m
[INFO] [spawner-2]: process has finished cleanly [pid 8154]
