[INFO] [launch]: All log files can be found below /home/ubuntu/.ros/log/2026-03-27-16-30-21-849588-blender-Virtual-Machine-9194
[INFO] [launch]: Default logging verbosity is set to INFO
[INFO] [robot_state_publisher-1]: process started with pid [9200]
[INFO] [spawner-2]: process started with pid [9202]
[INFO] [spawner-3]: process started with pid [9204]
[INFO] [ekf_node-4]: process started with pid [9206]
[INFO] [marker_server-5]: process started with pid [9208]
[INFO] [twist_mux-6]: process started with pid [9210]
[INFO] [joy_linux_node-7]: process started with pid [9212]
[INFO] [teleop_node-8]: process started with pid [9214]
[INFO] [parameter_bridge-9]: process started with pid [9216]
[INFO] [parameter_bridge-10]: process started with pid [9218]
[INFO] [parameter_bridge-11]: process started with pid [9220]
[INFO] [imu_filter_madgwick_node-12]: process started with pid [9222]
[INFO] [parameter_bridge-13]: process started with pid [9227]
[INFO] [static_transform_publisher-14]: process started with pid [9232]
[INFO] [create-15]: process started with pid [9234]
[INFO] [tf_prefix_relay-16]: process started with pid [9236]
[INFO] [velodyne_relay-17]: process started with pid [9238]
[joy_linux_node-7] [WARN] [1774629022.691936741] [aramis.joy_node]: Couldn't open joystick force feedback: Bad file descriptor
[joy_linux_node-7] [INFO] [1774629022.692157409] [aramis.joy_node]: Opened joystick: /dev/input/js0. deadzone_: 0.050000.
[marker_server-5] [INFO] [1774629022.719057146] [aramis.twist_server_node]: [interactive_marker_twist_server] Initialized.
[imu_filter_madgwick_node-12] [INFO] [1774629022.732120419] [aramis.imu_filter_node]: Starting ImuFilter
[imu_filter_madgwick_node-12] [INFO] [1774629022.732564130] [aramis.imu_filter_node]: Using dt computed from message headers
[imu_filter_madgwick_node-12] [INFO] [1774629022.732584443] [aramis.imu_filter_node]: The gravity vector is kept in the IMU message.
[imu_filter_madgwick_node-12] [INFO] [1774629022.732640624] [aramis.imu_filter_node]: Imu filter gain set to 0.100000
[imu_filter_madgwick_node-12] [INFO] [1774629022.732652768] [aramis.imu_filter_node]: Gyro drift bias set to 0.000000
[imu_filter_madgwick_node-12] [INFO] [1774629022.732658423] [aramis.imu_filter_node]: Magnetometer bias values: 0.000000 0.000000 0.000000
[twist_mux-6] [INFO] [1774629022.753272466] [aramis.twist_mux]: Topic handler 'topics.external' subscribed to topic 'cmd_vel': timeout = 0.500000s , priority = 1.
[twist_mux-6] [INFO] [1774629022.755096929] [aramis.twist_mux]: Topic handler 'topics.interactive_marker' subscribed to topic 'twist_marker_server/cmd_vel': timeout = 0.500000s , priority = 8.
[twist_mux-6] [INFO] [1774629022.755407583] [aramis.twist_mux]: Topic handler 'topics.joy' subscribed to topic 'joy_teleop/cmd_vel': timeout = 0.500000s , priority = 10.
[twist_mux-6] [INFO] [1774629022.755634540] [aramis.twist_mux]: Topic handler 'topics.rc' subscribed to topic 'rc_teleop/cmd_vel': timeout = 0.500000s , priority = 12.
[twist_mux-6] [INFO] [1774629022.755945540] [aramis.twist_mux]: Topic handler 'locks.e_stop' subscribed to topic 'platform/emergency_stop': timeout = None , priority = 255.
[teleop_node-8] [INFO] [1774629022.777435567] [TeleopTwistJoy]: Teleop enable button 5.
[teleop_node-8] [INFO] [1774629022.777513966] [TeleopTwistJoy]: Linear axis x on 5 at scale 0.500000.
[teleop_node-8] [INFO] [1774629022.777524732] [TeleopTwistJoy]: Angular axis yaw on 2 at scale 0.500000.
[create-15] [INFO] [1774629022.781508457] [aramis.ros_gz_sim]: Requesting list of world names.
[static_transform_publisher-14] [INFO] [1774629022.785082598] [aramis.lidar3d_0_static_tf]: Spinning until stopped - publishing transform
[static_transform_publisher-14] translation: ('0.000000', '0.000000', '0.000000')
[static_transform_publisher-14] rotation: ('0.000000', '0.000000', '0.000000', '1.000000')
[static_transform_publisher-14] from 'lidar3d_0_link' to 'aramis/robot/base_link/lidar3d_0'
[parameter_bridge-9] [INFO] [1774629022.789066580] [aramis.cmd_vel_bridge]: Creating GZ->ROS Bridge: [aramis/cmd_vel (ignition.msgs.Twist) -> aramis/cmd_vel (geometry_msgs/msg/Twist)] (Lazy 0)
[parameter_bridge-9] [INFO] [1774629022.791837222] [aramis.cmd_vel_bridge]: Creating ROS->GZ Bridge: [/model/aramis/robot/cmd_vel (geometry_msgs/msg/Twist) -> /model/aramis/robot/cmd_vel (ignition.msgs.Twist)] (Lazy 0)
[parameter_bridge-10] [INFO] [1774629022.815006081] [aramis.odom_base_tf_bridge]: Creating GZ->ROS Bridge: [/model/aramis/robot/tf (ignition.msgs.Pose_V) -> /model/aramis/robot/tf (tf2_msgs/msg/TFMessage)] (Lazy 0)
[robot_state_publisher-1] [INFO] [1774629022.817742661] [aramis.robot_state_publisher]: got segment base_link
[robot_state_publisher-1] [INFO] [1774629022.817890870] [aramis.robot_state_publisher]: got segment chassis_link
[robot_state_publisher-1] [INFO] [1774629022.817905836] [aramis.robot_state_publisher]: got segment default_mount
[robot_state_publisher-1] [INFO] [1774629022.817910084] [aramis.robot_state_publisher]: got segment diff_link
[robot_state_publisher-1] [INFO] [1774629022.817913673] [aramis.robot_state_publisher]: got segment disk_0_link
[robot_state_publisher-1] [INFO] [1774629022.817917966] [aramis.robot_state_publisher]: got segment disk_0_mount
[robot_state_publisher-1] [INFO] [1774629022.817928958] [aramis.robot_state_publisher]: got segment front_left_wheel_link
[robot_state_publisher-1] [INFO] [1774629022.817935144] [aramis.robot_state_publisher]: got segment front_right_wheel_link
[robot_state_publisher-1] [INFO] [1774629022.817939340] [aramis.robot_state_publisher]: got segment imu_0_link
[robot_state_publisher-1] [INFO] [1774629022.817951103] [aramis.robot_state_publisher]: got segment left_diff_unit_headlight_link
[robot_state_publisher-1] [INFO] [1774629022.817954856] [aramis.robot_state_publisher]: got segment left_diff_unit_link
[robot_state_publisher-1] [INFO] [1774629022.817958563] [aramis.robot_state_publisher]: got segment left_diff_unit_taillight_link
[robot_state_publisher-1] [INFO] [1774629022.817962259] [aramis.robot_state_publisher]: got segment lidar3d_0_laser
[robot_state_publisher-1] [INFO] [1774629022.817966388] [aramis.robot_state_publisher]: got segment lidar3d_0_link
[robot_state_publisher-1] [INFO] [1774629022.817969989] [aramis.robot_state_publisher]: got segment post_0_link
[robot_state_publisher-1] [INFO] [1774629022.817973300] [aramis.robot_state_publisher]: got segment post_0_mount
[robot_state_publisher-1] [INFO] [1774629022.817977088] [aramis.robot_state_publisher]: got segment rear_left_wheel_link
[robot_state_publisher-1] [INFO] [1774629022.817980814] [aramis.robot_state_publisher]: got segment rear_right_wheel_link
[robot_state_publisher-1] [INFO] [1774629022.817990148] [aramis.robot_state_publisher]: got segment right_diff_unit_headlight_link
[robot_state_publisher-1] [INFO] [1774629022.817996920] [aramis.robot_state_publisher]: got segment right_diff_unit_link
[robot_state_publisher-1] [INFO] [1774629022.818001224] [aramis.robot_state_publisher]: got segment right_diff_unit_taillight_link
[robot_state_publisher-1] [INFO] [1774629022.818005265] [aramis.robot_state_publisher]: got segment structure_link
[robot_state_publisher-1] [INFO] [1774629022.818009537] [aramis.robot_state_publisher]: got segment top_tower_link
[robot_state_publisher-1] [INFO] [1774629022.818013397] [aramis.robot_state_publisher]: got segment tower_link
[create-15] [INFO] [1774629023.118711431] [aramis.ros_gz_sim]: Waiting messages on topic [robot_description].
[spawner-2] [INFO] [1774629023.694725557] [aramis.spawner_joint_state_broadcaster]: waiting for service /aramis/controller_manager/list_controllers to become available...
[tf_prefix_relay-16] [INFO] [1774629023.713975492] [tf_prefix_relay]: TF prefix relay started with robot_prefix='aramis', subscribing to '/aramis/tf' and '/aramis/tf_static', publishing to '/tf' and '/tf_static'
[spawner-3] [INFO] [1774629023.741100087] [aramis.spawner_platform_velocity_controller]: waiting for service /aramis/controller_manager/list_controllers to become available...
[velodyne_relay-17] [INFO] [1774629023.746032447] [velodyne_relay]: Velodyne relay started for robot='aramis' (/aramis/sensors/lidar3d_0/points -> /aramis/velodyne_points, frame=aramis/velodyne)
[parameter_bridge-11] [INFO] [1774629023.774308337] [aramis.imu_0_gz_bridge]: Creating GZ->ROS Bridge: [/aramis/sensors/imu_0/data (gz.msgs.IMU) -> sensors/imu_0/data (sensor_msgs/msg/Imu)] (Lazy 0)
[parameter_bridge-11] [INFO] [1774629023.800484898] [aramis.imu_0_gz_bridge]: Creating GZ->ROS Bridge: [/aramis/sensors/imu_0/data_raw (gz.msgs.IMU) -> sensors/imu_0/data_raw (sensor_msgs/msg/Imu)] (Lazy 0)
[parameter_bridge-13] [INFO] [1774629023.805292955] [aramis.sensors.lidar3d_0_gz_bridge]: Creating GZ->ROS Bridge: [/aramis/sensors/lidar3d_0/scan (gz.msgs.LaserScan) -> lidar3d_0/scan (sensor_msgs/msg/LaserScan)] (Lazy 0)
[ekf_node-4] [WARN] [1774629023.835620281] [tf2_buffer]: Detected jump back in time. Clearing TF buffer.
[ekf_node-4] [WARN] [1774629023.841586701] [tf2_buffer]: Detected jump back in time. Clearing TF buffer.
[ekf_node-4] [WARN] [1774629023.859816737] [tf2_buffer]: Detected jump back in time. Clearing TF buffer.
[ekf_node-4] [WARN] [1774629023.859882711] [tf2_buffer]: Detected jump back in time. Clearing TF buffer.
[ekf_node-4] [WARN] [1774629023.866351920] [tf2_buffer]: Detected jump back in time. Clearing TF buffer.
[ekf_node-4] [WARN] [1774629023.877544335] [tf2_buffer]: Detected jump back in time. Clearing TF buffer.
[ekf_node-4] [WARN] [1774629023.891481984] [tf2_buffer]: Detected jump back in time. Clearing TF buffer.
[ekf_node-4] [WARN] [1774629023.913826832] [tf2_buffer]: Detected jump back in time. Clearing TF buffer.
[create-15] [INFO] [1774629023.916381367] [aramis.ros_gz_sim]: Requested creation of entity.
[create-15] [INFO] [1774629023.916440193] [aramis.ros_gz_sim]: OK creation of entity.
[ekf_node-4] [WARN] [1774629023.917511535] [tf2_buffer]: Detected jump back in time. Clearing TF buffer.
[INFO] [create-15]: process has finished cleanly [pid 9234]
[velodyne_relay-17] [INFO] [1774629024.727759731] [velodyne_relay]: Published static TF: aramis/base_link -> aramis/velodyne (copied from aramis/base_link -> aramis/lidar3d_0_laser)
[imu_filter_madgwick_node-12] [WARN] [1774629028.539015807] [aramis.imu_filter_node]: The IMU seems to be in free fall, cannot determine gravity direction!
[imu_filter_madgwick_node-12] [WARN] [1774629029.491045190] [aramis.imu_filter_node]: The IMU seems to be in free fall, cannot determine gravity direction!
[imu_filter_madgwick_node-12] [WARN] [1774629032.600902291] [aramis.imu_filter_node]: The IMU seems to be in free fall, cannot determine gravity direction!
[imu_filter_madgwick_node-12] [WARN] [1774629032.668389078] [aramis.imu_filter_node]: The IMU seems to be in free fall, cannot determine gravity direction!
[imu_filter_madgwick_node-12] [WARN] [1774629032.741734854] [aramis.imu_filter_node]: The IMU seems to be in free fall, cannot determine gravity direction!
[imu_filter_madgwick_node-12] [WARN] [1774629032.753989810] [aramis.imu_filter_node]: Still waiting for data on topic imu/data_raw...
[imu_filter_madgwick_node-12] [WARN] [1774629032.808994379] [aramis.imu_filter_node]: The IMU seems to be in free fall, cannot determine gravity direction!
[imu_filter_madgwick_node-12] [WARN] [1774629032.883337697] [aramis.imu_filter_node]: The IMU seems to be in free fall, cannot determine gravity direction!
[imu_filter_madgwick_node-12] [WARN] [1774629032.961234783] [aramis.imu_filter_node]: The IMU seems to be in free fall, cannot determine gravity direction!
[spawner-2] [INFO] [1774629032.967617653] [aramis.spawner_joint_state_broadcaster]: [94mLoaded [1mjoint_state_broadcaster[0m
[imu_filter_madgwick_node-12] [WARN] [1774629033.030232263] [aramis.imu_filter_node]: The IMU seems to be in free fall, cannot determine gravity direction!
[imu_filter_madgwick_node-12] [WARN] [1774629033.082861557] [aramis.imu_filter_node]: The IMU seems to be in free fall, cannot determine gravity direction!
[imu_filter_madgwick_node-12] [WARN] [1774629033.216984818] [aramis.imu_filter_node]: The IMU seems to be in free fall, cannot determine gravity direction!
[imu_filter_madgwick_node-12] [WARN] [1774629033.269821936] [aramis.imu_filter_node]: The IMU seems to be in free fall, cannot determine gravity direction!
[imu_filter_madgwick_node-12] [WARN] [1774629033.318819873] [aramis.imu_filter_node]: The IMU seems to be in free fall, cannot determine gravity direction!
[imu_filter_madgwick_node-12] [WARN] [1774629033.370758963] [aramis.imu_filter_node]: The IMU seems to be in free fall, cannot determine gravity direction!
[imu_filter_madgwick_node-12] [WARN] [1774629033.434043877] [aramis.imu_filter_node]: The IMU seems to be in free fall, cannot determine gravity direction!
[spawner-3] [INFO] [1774629033.437613933] [aramis.spawner_platform_velocity_controller]: [94mLoaded [1mplatform_velocity_controller[0m
[imu_filter_madgwick_node-12] [WARN] [1774629033.489867457] [aramis.imu_filter_node]: The IMU seems to be in free fall, cannot determine gravity direction!
[imu_filter_madgwick_node-12] [INFO] [1774629033.549455580] [aramis.imu_filter_node]: First IMU message received.
[spawner-2] [INFO] [1774629035.302428690] [aramis.spawner_joint_state_broadcaster]: [92mConfigured and activated [1mjoint_state_broadcaster[0m
[INFO] [spawner-2]: process has finished cleanly [pid 9202]
[spawner-3] [INFO] [1774629036.134599977] [aramis.spawner_platform_velocity_controller]: [92mConfigured and activated [1mplatform_velocity_controller[0m
[INFO] [spawner-3]: process has finished cleanly [pid 9204]
[ekf_node-4] [WARN] [1774629039.556615093] [tf2_buffer]: Detected jump back in time. Clearing TF buffer.
[ekf_node-4] [WARN] [1774629042.503524991] [tf2_buffer]: Detected jump back in time. Clearing TF buffer.
[ekf_node-4] [WARN] [1774629045.033273164] [tf2_buffer]: Detected jump back in time. Clearing TF buffer.
[ekf_node-4] [WARN] [1774629046.495507281] [tf2_buffer]: Detected jump back in time. Clearing TF buffer.
[ekf_node-4] [WARN] [1774629047.177363631] [tf2_buffer]: Detected jump back in time. Clearing TF buffer.
[ekf_node-4] [WARN] [1774629047.178093217] [tf2_buffer]: Detected jump back in time. Clearing TF buffer.
[ekf_node-4] [WARN] [1774629047.183655272] [tf2_buffer]: Detected jump back in time. Clearing TF buffer.
